This file contains any messages produced by compilers while
running configure, to aid debugging if configure makes a mistake.

It was created by configure, which was
generated by GNU Autoconf 2.61.  Invocation command line was

  $ ./configure --prefix=/opt/sourcenav --cache-file=/dev/null --srcdir=.

## --------- ##
## Platform. ##
## --------- ##

hostname = srk-Latitude-E5530-non-vPro
uname -m = i686
uname -r = 3.2.0-45-generic
uname -s = Linux
uname -v = #70-Ubuntu SMP Wed May 29 20:11:31 UTC 2013

/usr/bin/uname -p = unknown
/bin/uname -X     = unknown

/bin/arch              = unknown
/usr/bin/arch -k       = unknown
/usr/convex/getsysinfo = unknown
/usr/bin/hostinfo      = unknown
/bin/machine           = unknown
/usr/bin/oslevel       = unknown
/bin/universe          = unknown

PATH: /usr/local/sbin
PATH: /usr/local/bin
PATH: /usr/sbin
PATH: /usr/bin
PATH: /sbin
PATH: /bin


## ----------- ##
## Core tests. ##
## ----------- ##

configure:2811: checking for a BSD-compatible install
configure:2867: result: /usr/bin/install -c
configure:2921: checking for ranlib
configure:2937: found /usr/bin/ranlib
configure:2948: result: ranlib
configure:2980: checking how to run the C preprocessor
configure:3020: cc -E  conftest.c
configure:3026: $? = 0
configure:3057: cc -E  conftest.c
conftest.c:8:28: fatal error: ac_nonexistent.h: No such file or directory
compilation terminated.
configure:3063: $? = 1
configure: failed program was:
| /* confdefs.h.  */
| #define PACKAGE_NAME ""
| #define PACKAGE_TARNAME ""
| #define PACKAGE_VERSION ""
| #define PACKAGE_STRING ""
| #define PACKAGE_BUGREPORT ""
| /* end confdefs.h.  */
| #include <ac_nonexistent.h>
configure:3096: result: cc -E
configure:3125: cc -E  conftest.c
configure:3131: $? = 0
configure:3162: cc -E  conftest.c
conftest.c:8:28: fatal error: ac_nonexistent.h: No such file or directory
compilation terminated.
configure:3168: $? = 1
configure: failed program was:
| /* confdefs.h.  */
| #define PACKAGE_NAME ""
| #define PACKAGE_TARNAME ""
| #define PACKAGE_VERSION ""
| #define PACKAGE_STRING ""
| #define PACKAGE_BUGREPORT ""
| /* end confdefs.h.  */
| #include <ac_nonexistent.h>
configure:3206: checking for grep that handles long lines and -e
configure:3280: result: /bin/grep
configure:3285: checking for egrep
configure:3363: result: /bin/grep -E
configure:3368: checking for ANSI C header files
configure:3398: cc -c   conftest.c >&5
configure:3404: $? = 0
configure: failed program was:
| /* confdefs.h.  */
| #define PACKAGE_NAME ""
| #define PACKAGE_TARNAME ""
| #define PACKAGE_VERSION ""
| #define PACKAGE_STRING ""
| #define PACKAGE_BUGREPORT ""
| /* end confdefs.h.  */
| #include <stdlib.h>
| #include <stdarg.h>
| #include <string.h>
| #include <float.h>
| 
| int
| main ()
| {
| 
|   ;
|   return 0;
| }
configure:3532: result: no
configure:3556: checking for sys/types.h
configure:3577: cc -c   conftest.c >&5
configure:3583: $? = 0
configure: failed program was:
| /* confdefs.h.  */
| #define PACKAGE_NAME ""
| #define PACKAGE_TARNAME ""
| #define PACKAGE_VERSION ""
| #define PACKAGE_STRING ""
| #define PACKAGE_BUGREPORT ""
| /* end confdefs.h.  */
| #include <stdio.h>
| #ifdef HAVE_SYS_TYPES_H
| # include <sys/types.h>
| #endif
| #ifdef HAVE_SYS_STAT_H
| # include <sys/stat.h>
| #endif
| #ifdef STDC_HEADERS
| # include <stdlib.h>
| # include <stddef.h>
| #else
| # ifdef HAVE_STDLIB_H
| #  include <stdlib.h>
| # endif
| #endif
| #ifdef HAVE_STRING_H
| # if !defined STDC_HEADERS && defined HAVE_MEMORY_H
| #  include <memory.h>
| # endif
| # include <string.h>
| #endif
| #ifdef HAVE_STRINGS_H
| # include <strings.h>
| #endif
| #ifdef HAVE_INTTYPES_H
| # include <inttypes.h>
| #endif
| #ifdef HAVE_STDINT_H
| # include <stdint.h>
| #endif
| #ifdef HAVE_UNISTD_H
| # include <unistd.h>
| #endif
| 
| #include <sys/types.h>
configure:3599: result: no
configure:3556: checking for sys/stat.h
configure:3577: cc -c   conftest.c >&5
configure:3583: $? = 0
configure: failed program was:
| /* confdefs.h.  */
| #define PACKAGE_NAME ""
| #define PACKAGE_TARNAME ""
| #define PACKAGE_VERSION ""
| #define PACKAGE_STRING ""
| #define PACKAGE_BUGREPORT ""
| /* end confdefs.h.  */
| #include <stdio.h>
| #ifdef HAVE_SYS_TYPES_H
| # include <sys/types.h>
| #endif
| #ifdef HAVE_SYS_STAT_H
| # include <sys/stat.h>
| #endif
| #ifdef STDC_HEADERS
| # include <stdlib.h>
| # include <stddef.h>
| #else
| # ifdef HAVE_STDLIB_H
| #  include <stdlib.h>
| # endif
| #endif
| #ifdef HAVE_STRING_H
| # if !defined STDC_HEADERS && defined HAVE_MEMORY_H
| #  include <memory.h>
| # endif
| # include <string.h>
| #endif
| #ifdef HAVE_STRINGS_H
| # include <strings.h>
| #endif
| #ifdef HAVE_INTTYPES_H
| # include <inttypes.h>
| #endif
| #ifdef HAVE_STDINT_H
| # include <stdint.h>
| #endif
| #ifdef HAVE_UNISTD_H
| # include <unistd.h>
| #endif
| 
| #include <sys/stat.h>
configure:3599: result: no
configure:3556: checking for stdlib.h
configure:3577: cc -c   conftest.c >&5
configure:3583: $? = 0
configure: failed program was:
| /* confdefs.h.  */
| #define PACKAGE_NAME ""
| #define PACKAGE_TARNAME ""
| #define PACKAGE_VERSION ""
| #define PACKAGE_STRING ""
| #define PACKAGE_BUGREPORT ""
| /* end confdefs.h.  */
| #include <stdio.h>
| #ifdef HAVE_SYS_TYPES_H
| # include <sys/types.h>
| #endif
| #ifdef HAVE_SYS_STAT_H
| # include <sys/stat.h>
| #endif
| #ifdef STDC_HEADERS
| # include <stdlib.h>
| # include <stddef.h>
| #else
| # ifdef HAVE_STDLIB_H
| #  include <stdlib.h>
| # endif
| #endif
| #ifdef HAVE_STRING_H
| # if !defined STDC_HEADERS && defined HAVE_MEMORY_H
| #  include <memory.h>
| # endif
| # include <string.h>
| #endif
| #ifdef HAVE_STRINGS_H
| # include <strings.h>
| #endif
| #ifdef HAVE_INTTYPES_H
| # include <inttypes.h>
| #endif
| #ifdef HAVE_STDINT_H
| # include <stdint.h>
| #endif
| #ifdef HAVE_UNISTD_H
| # include <unistd.h>
| #endif
| 
| #include <stdlib.h>
configure:3599: result: no
configure:3556: checking for string.h
configure:3577: cc -c   conftest.c >&5
configure:3583: $? = 0
configure: failed program was:
| /* confdefs.h.  */
| #define PACKAGE_NAME ""
| #define PACKAGE_TARNAME ""
| #define PACKAGE_VERSION ""
| #define PACKAGE_STRING ""
| #define PACKAGE_BUGREPORT ""
| /* end confdefs.h.  */
| #include <stdio.h>
| #ifdef HAVE_SYS_TYPES_H
| # include <sys/types.h>
| #endif
| #ifdef HAVE_SYS_STAT_H
| # include <sys/stat.h>
| #endif
| #ifdef STDC_HEADERS
| # include <stdlib.h>
| # include <stddef.h>
| #else
| # ifdef HAVE_STDLIB_H
| #  include <stdlib.h>
| # endif
| #endif
| #ifdef HAVE_STRING_H
| # if !defined STDC_HEADERS && defined HAVE_MEMORY_H
| #  include <memory.h>
| # endif
| # include <string.h>
| #endif
| #ifdef HAVE_STRINGS_H
| # include <strings.h>
| #endif
| #ifdef HAVE_INTTYPES_H
| # include <inttypes.h>
| #endif
| #ifdef HAVE_STDINT_H
| # include <stdint.h>
| #endif
| #ifdef HAVE_UNISTD_H
| # include <unistd.h>
| #endif
| 
| #include <string.h>
configure:3599: result: no
configure:3556: checking for memory.h
configure:3577: cc -c   conftest.c >&5
configure:3583: $? = 0
configure: failed program was:
| /* confdefs.h.  */
| #define PACKAGE_NAME ""
| #define PACKAGE_TARNAME ""
| #define PACKAGE_VERSION ""
| #define PACKAGE_STRING ""
| #define PACKAGE_BUGREPORT ""
| /* end confdefs.h.  */
| #include <stdio.h>
| #ifdef HAVE_SYS_TYPES_H
| # include <sys/types.h>
| #endif
| #ifdef HAVE_SYS_STAT_H
| # include <sys/stat.h>
| #endif
| #ifdef STDC_HEADERS
| # include <stdlib.h>
| # include <stddef.h>
| #else
| # ifdef HAVE_STDLIB_H
| #  include <stdlib.h>
| # endif
| #endif
| #ifdef HAVE_STRING_H
| # if !defined STDC_HEADERS && defined HAVE_MEMORY_H
| #  include <memory.h>
| # endif
| # include <string.h>
| #endif
| #ifdef HAVE_STRINGS_H
| # include <strings.h>
| #endif
| #ifdef HAVE_INTTYPES_H
| # include <inttypes.h>
| #endif
| #ifdef HAVE_STDINT_H
| # include <stdint.h>
| #endif
| #ifdef HAVE_UNISTD_H
| # include <unistd.h>
| #endif
| 
| #include <memory.h>
configure:3599: result: no
configure:3556: checking for strings.h
configure:3577: cc -c   conftest.c >&5
configure:3583: $? = 0
configure: failed program was:
| /* confdefs.h.  */
| #define PACKAGE_NAME ""
| #define PACKAGE_TARNAME ""
| #define PACKAGE_VERSION ""
| #define PACKAGE_STRING ""
| #define PACKAGE_BUGREPORT ""
| /* end confdefs.h.  */
| #include <stdio.h>
| #ifdef HAVE_SYS_TYPES_H
| # include <sys/types.h>
| #endif
| #ifdef HAVE_SYS_STAT_H
| # include <sys/stat.h>
| #endif
| #ifdef STDC_HEADERS
| # include <stdlib.h>
| # include <stddef.h>
| #else
| # ifdef HAVE_STDLIB_H
| #  include <stdlib.h>
| # endif
| #endif
| #ifdef HAVE_STRING_H
| # if !defined STDC_HEADERS && defined HAVE_MEMORY_H
| #  include <memory.h>
| # endif
| # include <string.h>
| #endif
| #ifdef HAVE_STRINGS_H
| # include <strings.h>
| #endif
| #ifdef HAVE_INTTYPES_H
| # include <inttypes.h>
| #endif
| #ifdef HAVE_STDINT_H
| # include <stdint.h>
| #endif
| #ifdef HAVE_UNISTD_H
| # include <unistd.h>
| #endif
| 
| #include <strings.h>
configure:3599: result: no
configure:3556: checking for inttypes.h
configure:3577: cc -c   conftest.c >&5
configure:3583: $? = 0
configure: failed program was:
| /* confdefs.h.  */
| #define PACKAGE_NAME ""
| #define PACKAGE_TARNAME ""
| #define PACKAGE_VERSION ""
| #define PACKAGE_STRING ""
| #define PACKAGE_BUGREPORT ""
| /* end confdefs.h.  */
| #include <stdio.h>
| #ifdef HAVE_SYS_TYPES_H
| # include <sys/types.h>
| #endif
| #ifdef HAVE_SYS_STAT_H
| # include <sys/stat.h>
| #endif
| #ifdef STDC_HEADERS
| # include <stdlib.h>
| # include <stddef.h>
| #else
| # ifdef HAVE_STDLIB_H
| #  include <stdlib.h>
| # endif
| #endif
| #ifdef HAVE_STRING_H
| # if !defined STDC_HEADERS && defined HAVE_MEMORY_H
| #  include <memory.h>
| # endif
| # include <string.h>
| #endif
| #ifdef HAVE_STRINGS_H
| # include <strings.h>
| #endif
| #ifdef HAVE_INTTYPES_H
| # include <inttypes.h>
| #endif
| #ifdef HAVE_STDINT_H
| # include <stdint.h>
| #endif
| #ifdef HAVE_UNISTD_H
| # include <unistd.h>
| #endif
| 
| #include <inttypes.h>
configure:3599: result: no
configure:3556: checking for stdint.h
configure:3577: cc -c   conftest.c >&5
configure:3583: $? = 0
configure: failed program was:
| /* confdefs.h.  */
| #define PACKAGE_NAME ""
| #define PACKAGE_TARNAME ""
| #define PACKAGE_VERSION ""
| #define PACKAGE_STRING ""
| #define PACKAGE_BUGREPORT ""
| /* end confdefs.h.  */
| #include <stdio.h>
| #ifdef HAVE_SYS_TYPES_H
| # include <sys/types.h>
| #endif
| #ifdef HAVE_SYS_STAT_H
| # include <sys/stat.h>
| #endif
| #ifdef STDC_HEADERS
| # include <stdlib.h>
| # include <stddef.h>
| #else
| # ifdef HAVE_STDLIB_H
| #  include <stdlib.h>
| # endif
| #endif
| #ifdef HAVE_STRING_H
| # if !defined STDC_HEADERS && defined HAVE_MEMORY_H
| #  include <memory.h>
| # endif
| # include <string.h>
| #endif
| #ifdef HAVE_STRINGS_H
| # include <strings.h>
| #endif
| #ifdef HAVE_INTTYPES_H
| # include <inttypes.h>
| #endif
| #ifdef HAVE_STDINT_H
| # include <stdint.h>
| #endif
| #ifdef HAVE_UNISTD_H
| # include <unistd.h>
| #endif
| 
| #include <stdint.h>
configure:3599: result: no
configure:3556: checking for unistd.h
configure:3577: cc -c   conftest.c >&5
configure:3583: $? = 0
configure: failed program was:
| /* confdefs.h.  */
| #define PACKAGE_NAME ""
| #define PACKAGE_TARNAME ""
| #define PACKAGE_VERSION ""
| #define PACKAGE_STRING ""
| #define PACKAGE_BUGREPORT ""
| /* end confdefs.h.  */
| #include <stdio.h>
| #ifdef HAVE_SYS_TYPES_H
| # include <sys/types.h>
| #endif
| #ifdef HAVE_SYS_STAT_H
| # include <sys/stat.h>
| #endif
| #ifdef STDC_HEADERS
| # include <stdlib.h>
| # include <stddef.h>
| #else
| # ifdef HAVE_STDLIB_H
| #  include <stdlib.h>
| # endif
| #endif
| #ifdef HAVE_STRING_H
| # if !defined STDC_HEADERS && defined HAVE_MEMORY_H
| #  include <memory.h>
| # endif
| # include <string.h>
| #endif
| #ifdef HAVE_STRINGS_H
| # include <strings.h>
| #endif
| #ifdef HAVE_INTTYPES_H
| # include <inttypes.h>
| #endif
| #ifdef HAVE_STDINT_H
| # include <stdint.h>
| #endif
| #ifdef HAVE_UNISTD_H
| # include <unistd.h>
| #endif
| 
| #include <unistd.h>
configure:3599: result: no
configure:3617: checking for unistd.h
configure:3623: result: no
configure:3627: checking limits.h usability
configure:3644: cc -c   conftest.c >&5
configure:3650: $? = 0
configure: failed program was:
| /* confdefs.h.  */
| #define PACKAGE_NAME ""
| #define PACKAGE_TARNAME ""
| #define PACKAGE_VERSION ""
| #define PACKAGE_STRING ""
| #define PACKAGE_BUGREPORT ""
| /* end confdefs.h.  */
| #include <stdio.h>
| #ifdef HAVE_SYS_TYPES_H
| # include <sys/types.h>
| #endif
| #ifdef HAVE_SYS_STAT_H
| # include <sys/stat.h>
| #endif
| #ifdef STDC_HEADERS
| # include <stdlib.h>
| # include <stddef.h>
| #else
| # ifdef HAVE_STDLIB_H
| #  include <stdlib.h>
| # endif
| #endif
| #ifdef HAVE_STRING_H
| # if !defined STDC_HEADERS && defined HAVE_MEMORY_H
| #  include <memory.h>
| # endif
| # include <string.h>
| #endif
| #ifdef HAVE_STRINGS_H
| # include <strings.h>
| #endif
| #ifdef HAVE_INTTYPES_H
| # include <inttypes.h>
| #endif
| #ifdef HAVE_STDINT_H
| # include <stdint.h>
| #endif
| #ifdef HAVE_UNISTD_H
| # include <unistd.h>
| #endif
| #include <limits.h>
configure:3664: result: no
configure:3668: checking limits.h presence
configure:3683: cc -E  conftest.c
configure:3689: $? = 0
configure:3703: result: yes
configure:3716: WARNING: limits.h: present but cannot be compiled
configure:3718: WARNING: limits.h:     check for missing prerequisite headers?
configure:3720: WARNING: limits.h: see the Autoconf documentation
configure:3722: WARNING: limits.h:     section "Present But Cannot Be Compiled"
configure:3724: WARNING: limits.h: proceeding with the preprocessor's result
configure:3726: WARNING: limits.h: in the future, the compiler will take precedence
configure:3731: checking for limits.h
configure:3739: result: yes
configure:3752: checking whether make sets $(MAKE)
configure:3773: result: yes
configure:3787: checking unsigned char
configure:3812: cc -c   conftest.c >&5
configure:3818: $? = 0
configure: failed program was:
| /* confdefs.h.  */
| #define PACKAGE_NAME ""
| #define PACKAGE_TARNAME ""
| #define PACKAGE_VERSION ""
| #define PACKAGE_STRING ""
| #define PACKAGE_BUGREPORT ""
| #define HAVE_LIMITS_H 1
| /* end confdefs.h.  */
| #include <stdio.h>
| int
| main ()
| {
| 
|      unsigned char c = 'c';
| 
|   ;
|   return 0;
| }
configure:3833: result: notsupported
configure:3848: checking for strcasecmp
configure:3904: cc -o conftest    conftest.c  >&5
conftest.c:32:6: warning: conflicting types for built-in function 'strcasecmp' [enabled by default]
configure:3910: $? = 0
configure:3927: result: yes
configure:4091: checking for Tcl configuration script
configure:4156: result: /home/srk/srk/vimconfig/source_nav/sourcenavigator-NG4.5/tcl/unix/tclConfig.sh
configure:4201: checking for Tk configuration script
configure:4264: result: /home/srk/srk/vimconfig/source_nav/sourcenavigator-NG4.5/tk/unix/tkConfig.sh
configure:4293: checking for Tcl headers in the source tree
configure:4485: result: /home/srk/srk/vimconfig/source_nav/sourcenavigator-NG4.5/tcl/generic
configure:4506: result: /home/srk/srk/vimconfig/source_nav/sourcenavigator-NG4.5/tcl/generic
configure:4531: checking for Tk headers in the source tree
configure:4586: result: /home/srk/srk/vimconfig/source_nav/sourcenavigator-NG4.5/tk/generic
configure:4607: result: found in /home/srk/srk/vimconfig/source_nav/sourcenavigator-NG4.5/tk/generic
configure:4796: checking for connect
configure:4852: gcc -pipe -o conftest    conftest.c  >&5
configure:4858: $? = 0
configure:4875: result: yes
configure:5037: checking for gethostbyname
configure:5093: gcc -pipe -o conftest    conftest.c  >&5
configure:5099: $? = 0
configure:5116: result: yes
configure:5388: creating ./config.status

## ---------------------- ##
## Running config.status. ##
## ---------------------- ##

This file was extended by config.status, which was
generated by GNU Autoconf 2.61.  Invocation command line was

  CONFIG_FILES    = 
  CONFIG_HEADERS  = 
  CONFIG_LINKS    = 
  CONFIG_COMMANDS = 
  $ ./config.status 

on srk-Latitude-E5530-non-vPro

config.status:659: creating Makefile
config.status:659: creating pkgIndex.tcl
config.status:659: creating ../../tixConfig.sh

## ---------------- ##
## Cache variables. ##
## ---------------- ##

ac_cv_c_tclconfig=/home/srk/srk/vimconfig/source_nav/sourcenavigator-NG4.5/tcl/unix
ac_cv_c_tclh=/home/srk/srk/vimconfig/source_nav/sourcenavigator-NG4.5/tcl/generic
ac_cv_c_tkconfig=/home/srk/srk/vimconfig/source_nav/sourcenavigator-NG4.5/tk/unix
ac_cv_c_tkh=/home/srk/srk/vimconfig/source_nav/sourcenavigator-NG4.5/tk/generic
ac_cv_env_CC_set=
ac_cv_env_CC_value=
ac_cv_env_CFLAGS_set=
ac_cv_env_CFLAGS_value=
ac_cv_env_CPPFLAGS_set=
ac_cv_env_CPPFLAGS_value=
ac_cv_env_CPP_set=
ac_cv_env_CPP_value=
ac_cv_env_LDFLAGS_set=
ac_cv_env_LDFLAGS_value=
ac_cv_env_LIBS_set=
ac_cv_env_LIBS_value=
ac_cv_env_build_alias_set=
ac_cv_env_build_alias_value=
ac_cv_env_host_alias_set=
ac_cv_env_host_alias_value=
ac_cv_env_target_alias_set=
ac_cv_env_target_alias_value=
ac_cv_func_connect=yes
ac_cv_func_gethostbyname=yes
ac_cv_func_strcasecmp=yes
ac_cv_header_inttypes_h=no
ac_cv_header_limits_h=yes
ac_cv_header_memory_h=no
ac_cv_header_stdc=no
ac_cv_header_stdint_h=no
ac_cv_header_stdlib_h=no
ac_cv_header_string_h=no
ac_cv_header_strings_h=no
ac_cv_header_sys_stat_h=no
ac_cv_header_sys_types_h=no
ac_cv_header_unistd_h=no
ac_cv_path_EGREP='/bin/grep -E'
ac_cv_path_GREP=/bin/grep
ac_cv_path_install='/usr/bin/install -c'
ac_cv_prog_CPP='cc -E'
ac_cv_prog_ac_ct_RANLIB=ranlib
ac_cv_prog_make_make_set=yes

## ----------------- ##
## Output variables. ##
## ----------------- ##

CC='gcc -pipe'
CFLAGS=''
CPP='cc -E'
CPPFLAGS=''
DEFS='-DPACKAGE_NAME=\"\" -DPACKAGE_TARNAME=\"\" -DPACKAGE_VERSION=\"\" -DPACKAGE_STRING=\"\" -DPACKAGE_BUGREPORT=\"\" -DHAVE_LIMITS_H=1'
DL_LIBS='-ldl'
ECHO_C=''
ECHO_N='-n'
ECHO_T=''
EGREP='/bin/grep -E'
EXEEXT=''
GREP='/bin/grep'
INSTALL_DATA='${INSTALL} -m 644'
INSTALL_PROGRAM='${INSTALL}'
INSTALL_SCRIPT='${INSTALL}'
ITCL_BUILD_LIB_SPEC=''
ITCL_LIB_FULL_PATH=''
ITK_BUILD_LIB_SPEC=''
LDFLAGS=''
LD_FLAGS='-rdynamic'
LIBOBJS=''
LIBS=''
LTLIBOBJS=''
OBJEXT=''
PACKAGE_BUGREPORT=''
PACKAGE_NAME=''
PACKAGE_STRING=''
PACKAGE_TARNAME=''
PACKAGE_VERSION=''
PATH_SEPARATOR=':'
RANLIB='ranlib'
SET_MAKE=''
SHELL='/bin/bash'
SHLIB_CFLAGS='-fPIC'
SHLIB_LD='gcc -pipe -shared'
SHLIB_LD_LIBS=''
SHLIB_SUFFIX='.so'
SHLIB_VERSION=''
TCLCONFIG='/home/srk/srk/vimconfig/source_nav/sourcenavigator-NG4.5/tcl/unix/tclConfig.sh'
TCLHDIR='-I/home/srk/srk/vimconfig/source_nav/sourcenavigator-NG4.5/tcl/generic'
TCL_BIN_DIR='/opt/sourcenav/bin'
TCL_BUILD_LIB_SPEC='-L/home/srk/srk/vimconfig/source_nav/sourcenavigator-NG4.5/tcl/unix -ltcl8.3'
TCL_BUILD_SAM_SPEC='-L/home/srk/srk/vimconfig/source_nav/sourcenavigator-NG4.5/tix/unix/tk8.3 -ltclsam8.3'
TCL_CFLAGS='-g -O2'
TCL_DBGX=''
TCL_DEFS='-DPACKAGE_NAME=\"\" -DPACKAGE_TARNAME=\"\" -DPACKAGE_VERSION=\"\" -DPACKAGE_STRING=\"\" -DPACKAGE_BUGREPORT=\"\" -DSTDC_HEADERS=1 -DHAVE_SYS_TYPES_H=1 -DHAVE_SYS_STAT_H=1 -DHAVE_STDLIB_H=1 -DHAVE_STRING_H=1 -DHAVE_MEMORY_H=1 -DHAVE_STRINGS_H=1 -DHAVE_INTTYPES_H=1 -DHAVE_STDINT_H=1 -DHAVE_UNISTD_H=1 -DHAVE_UNISTD_H=1 -DHAVE_LIMITS_H=1 -DHAVE_GETCWD=1 -DHAVE_OPENDIR=1 -DHAVE_STRSTR=1 -DHAVE_STRTOL=1 -DHAVE_TMPNAM=1 -DHAVE_WAITPID=1 -DHAVE_UNISTD_H=1 -DHAVE_SYS_PARAM_H=1 -DHAVE_SYS_TIME_H=1 -DTIME_WITH_SYS_TIME=1 -DHAVE_STRUCT_TM_TM_ZONE=1 -DHAVE_TM_ZONE=1 -DHAVE_TM_GMTOFF=1 -DHAVE_TIMEZONE_VAR=1 -DHAVE_TIMEZONE_DECL=1 -DHAVE_STRUCT_STAT_ST_BLKSIZE=1 -DNEED_MATHERR=1 -DRETSIGTYPE=void -DHAVE_SIGNED_CHAR=1 -DHAVE_SYS_IOCTL_H=1 -DSTATIC_BUILD=1'
TCL_LD_FLAGS='-rdynamic'
TCL_LD_SEARCH_FLAGS='-Wl,-rpath,${LIB_RUNTIME_DIR}'
TCL_LIBS='-ldl  -lieee -lm'
TCL_LIB_FILE='libtcl8.3.a'
TCL_LIB_FULL_PATH='/home/srk/srk/vimconfig/source_nav/sourcenavigator-NG4.5/tcl/unix/libtcl8.3.a'
TCL_LIB_SPEC='-L/opt/sourcenav/lib -ltcl8.3'
TCL_MAKE_SAM='ar cr libtclsam8.1.a ${TCL_SAM_OBJS}'
TCL_RANLIB='ranlib'
TCL_SAMEXE_FILE='satclsh'
TCL_SAM_FILE='libtclsam8.1.a'
TCL_SHLIB_CFLAGS='-fPIC'
TCL_SHLIB_LD='gcc -pipe -shared'
TCL_SRC_DIR='/home/srk/srk/vimconfig/source_nav/sourcenavigator-NG4.5/tcl'
TCL_VERSION='8.3'
TIX_BUILD_LIB_SPEC='-L/home/srk/srk/vimconfig/source_nav/sourcenavigator-NG4.5/tix/unix/tk8.3 -ltix4.1.8.1'
TIX_BUILD_LOCATION='/home/srk/srk/vimconfig/source_nav/sourcenavigator-NG4.5/tix/unix/tk8.3'
TIX_BUILD_SAM_SPEC='-L/home/srk/srk/vimconfig/source_nav/sourcenavigator-NG4.5/tix/unix/tk8.3 -ltixsam4.1.8.1'
TIX_DEFS='-DPACKAGE_NAME=\"\" -DPACKAGE_TARNAME=\"\" -DPACKAGE_VERSION=\"\" -DPACKAGE_STRING=\"\" -DPACKAGE_BUGREPORT=\"\" -DSTDC_HEADERS=1 -DHAVE_SYS_TYPES_H=1 -DHAVE_SYS_STAT_H=1 -DHAVE_STDLIB_H=1 -DHAVE_STRING_H=1 -DHAVE_MEMORY_H=1 -DHAVE_STRINGS_H=1 -DHAVE_INTTYPES_H=1 -DHAVE_STDINT_H=1 -DHAVE_UNISTD_H=1 -DHAVE_UNISTD_H=1 -DHAVE_LIMITS_H=1 -DHAVE_SYS_TIME_H=1 -DTIME_WITH_SYS_TIME=1 -DHAVE_PW_GECOS=1 -DSTATIC_BUILD=1 -DPACKAGE_NAME=\"\" -DPACKAGE_TARNAME=\"\" -DPACKAGE_VERSION=\"\" -DPACKAGE_STRING=\"\" -DPACKAGE_BUGREPORT=\"\" -DSTDC_HEADERS=1 -DHAVE_SYS_TYPES_H=1 -DHAVE_SYS_STAT_H=1 -DHAVE_STDLIB_H=1 -DHAVE_STRING_H=1 -DHAVE_MEMORY_H=1 -DHAVE_STRINGS_H=1 -DHAVE_INTTYPES_H=1 -DHAVE_STDINT_H=1 -DHAVE_UNISTD_H=1 -DHAVE_UNISTD_H=1 -DHAVE_LIMITS_H=1 -DHAVE_GETCWD=1 -DHAVE_OPENDIR=1 -DHAVE_STRSTR=1 -DHAVE_STRTOL=1 -DHAVE_TMPNAM=1 -DHAVE_WAITPID=1 -DHAVE_UNISTD_H=1 -DHAVE_SYS_PARAM_H=1 -DHAVE_SYS_TIME_H=1 -DTIME_WITH_SYS_TIME=1 -DHAVE_STRUCT_TM_TM_ZONE=1 -DHAVE_TM_ZONE=1 -DHAVE_TM_GMTOFF=1 -DHAVE_TIMEZONE_VAR=1 -DHAVE_TIMEZONE_DECL=1 -DHAVE_STRUCT_STAT_ST_BLKSIZE=1 -DNEED_MATHERR=1 -DRETSIGTYPE=void -DHAVE_SIGNED_CHAR=1 -DHAVE_SYS_IOCTL_H=1 -DSTATIC_BUILD=1'
TIX_EXE_FILE='tixwish'
TIX_LD_SEARCH_FLAGS='-Wl,-rpath,${LIB_RUNTIME_DIR}'
TIX_LIB_FILE='libtix4.1.8.1.a'
TIX_LIB_FULL_PATH='/home/srk/srk/vimconfig/source_nav/sourcenavigator-NG4.5/tix/unix/tk8.3/libtix4.1.8.1.a'
TIX_LIB_SPEC='-L/opt/sourcenav/lib -ltix4.1.8.1'
TIX_MAJOR_VERSION='4'
TIX_MAKE_LIB='ar cr libtix4.1.8.1.a ${OBJS}'
TIX_MAKE_SAM='ar cr libtixsam4.1.8.1.a ${TIX_SAM_OBJS}'
TIX_MINOR_VERSION='1'
TIX_PKG_FILE='[file join [file dirname $dir] libtix4.1.8.1.a]'
TIX_RANLIB='$(RANLIB)'
TIX_SAMEXE_FILE='satixwish'
TIX_SAM_FILE='libtixsam4.1.8.1.a'
TIX_SAM_INSTALL=''
TIX_SAM_PACKAGE_IFNEEDED=''
TIX_SAM_TARGETS=''
TIX_SHLIB_CFLAGS=''
TIX_SRC_DIR='/home/srk/srk/vimconfig/source_nav/sourcenavigator-NG4.5/tix'
TIX_VERSION='4.1'
TIX_VERSION_PKG='4.1.8.1'
TKCONFIG='/home/srk/srk/vimconfig/source_nav/sourcenavigator-NG4.5/tk/unix/tkConfig.sh'
TKHDIR='-I/home/srk/srk/vimconfig/source_nav/sourcenavigator-NG4.5/tk/generic'
TK_BIN_DIR=''
TK_BUILD_INCLUDES='-I/home/srk/srk/vimconfig/source_nav/sourcenavigator-NG4.5/tk/generic'
TK_BUILD_LIB_SPEC='-L/home/srk/srk/vimconfig/source_nav/sourcenavigator-NG4.5/tk/unix -ltk8.3'
TK_BUILD_SAM_SPEC='-L/home/srk/srk/vimconfig/source_nav/sourcenavigator-NG4.5/tix/unix/tk8.3 -ltksam8.3'
TK_DEFS='-DPACKAGE_NAME=\"\" -DPACKAGE_TARNAME=\"\" -DPACKAGE_VERSION=\"\" -DPACKAGE_STRING=\"\" -DPACKAGE_BUGREPORT=\"\" -DSTDC_HEADERS=1 -DHAVE_SYS_TYPES_H=1 -DHAVE_SYS_STAT_H=1 -DHAVE_STDLIB_H=1 -DHAVE_STRING_H=1 -DHAVE_MEMORY_H=1 -DHAVE_STRINGS_H=1 -DHAVE_INTTYPES_H=1 -DHAVE_STDINT_H=1 -DHAVE_UNISTD_H=1 -DHAVE_UNISTD_H=1 -DHAVE_LIMITS_H=1 -DHAVE_SYS_TIME_H=1 -DTIME_WITH_SYS_TIME=1 -DHAVE_PW_GECOS=1 -DSTATIC_BUILD=1'
TK_LIBS='-lX11 -ldl  -lieee -lm'
TK_LIB_FILE='libtk8.3.a'
TK_LIB_FULL_PATH=''
TK_LIB_SPEC='-L/opt/sourcenav/lib -ltk8.3${TCL_DBGX}'
TK_MAKE_SAM='ar cr libtksam8.1.a ${TK_SAM_OBJS}'
TK_SAMEXE_FILE='sawish'
TK_SAM_FILE='libtksam8.1.a'
TK_SRC_DIR='/home/srk/srk/vimconfig/source_nav/sourcenavigator-NG4.5/tk'
TK_VERSION='8.3'
TK_XINCLUDES='# no special path needed'
TK_XLIBSW='-lX11'
ac_ct_CC=''
bindir='${exec_prefix}/bin'
build_alias=''
datadir='${datarootdir}'
datarootdir='${prefix}/share'
docdir='${datarootdir}/doc/${PACKAGE}'
dvidir='${docdir}'
exec_prefix='/opt/sourcenav'
host_alias=''
htmldir='${docdir}'
includedir='${prefix}/include'
infodir='${datarootdir}/info'
libdir='${exec_prefix}/lib'
libexecdir='${exec_prefix}/libexec'
localedir='${datarootdir}/locale'
localstatedir='${prefix}/var'
mandir='${datarootdir}/man'
oldincludedir='/usr/include'
pdfdir='${docdir}'
prefix='/opt/sourcenav'
program_transform_name='s,x,x,'
psdir='${docdir}'
sbindir='${exec_prefix}/sbin'
sharedstatedir='${prefix}/com'
sysconfdir='${prefix}/etc'
target_alias=''

## ----------- ##
## confdefs.h. ##
## ----------- ##

#define PACKAGE_NAME ""
#define PACKAGE_TARNAME ""
#define PACKAGE_VERSION ""
#define PACKAGE_STRING ""
#define PACKAGE_BUGREPORT ""
#define HAVE_LIMITS_H 1

configure: exit 0
