This file contains any messages produced by compilers while
running configure, to aid debugging if configure makes a mistake.

It was created by configure, which was
generated by GNU Autoconf 2.61.  Invocation command line was

  $ ./configure --prefix=/opt/sourcenav --cache-file=/dev/null --srcdir=.

## --------- ##
## Platform. ##
## --------- ##

hostname = srk-Latitude-E5530-non-vPro
uname -m = i686
uname -r = 3.2.0-45-generic
uname -s = Linux
uname -v = #70-Ubuntu SMP Wed May 29 20:11:31 UTC 2013

/usr/bin/uname -p = unknown
/bin/uname -X     = unknown

/bin/arch              = unknown
/usr/bin/arch -k       = unknown
/usr/convex/getsysinfo = unknown
/usr/bin/hostinfo      = unknown
/bin/machine           = unknown
/usr/bin/oslevel       = unknown
/bin/universe          = unknown

PATH: /usr/local/sbin
PATH: /usr/local/bin
PATH: /usr/sbin
PATH: /usr/bin
PATH: /sbin
PATH: /bin


## ----------- ##
## Core tests. ##
## ----------- ##

configure:1852: checking for ranlib
configure:1868: found /usr/bin/ranlib
configure:1879: result: ranlib
configure:1953: checking for gcc
configure:1969: found /usr/bin/gcc
configure:1980: result: gcc
configure:2218: checking for C compiler version
configure:2225: gcc --version >&5
gcc (Ubuntu/Linaro 4.6.3-1ubuntu5) 4.6.3
Copyright (C) 2011 Free Software Foundation, Inc.
This is free software; see the source for copying conditions.  There is NO
warranty; not even for MERCHANTABILITY or FITNESS FOR A PARTICULAR PURPOSE.

configure:2228: $? = 0
configure:2235: gcc -v >&5
Using built-in specs.
COLLECT_GCC=gcc
COLLECT_LTO_WRAPPER=/usr/lib/gcc/i686-linux-gnu/4.6/lto-wrapper
Target: i686-linux-gnu
Configured with: ../src/configure -v --with-pkgversion='Ubuntu/Linaro 4.6.3-1ubuntu5' --with-bugurl=file:///usr/share/doc/gcc-4.6/README.Bugs --enable-languages=c,c++,fortran,objc,obj-c++ --prefix=/usr --program-suffix=-4.6 --enable-shared --enable-linker-build-id --with-system-zlib --libexecdir=/usr/lib --without-included-gettext --enable-threads=posix --with-gxx-include-dir=/usr/include/c++/4.6 --libdir=/usr/lib --enable-nls --with-sysroot=/ --enable-clocale=gnu --enable-libstdcxx-debug --enable-libstdcxx-time=yes --enable-gnu-unique-object --enable-plugin --enable-objc-gc --enable-targets=all --disable-werror --with-arch-32=i686 --with-tune=generic --enable-checking=release --build=i686-linux-gnu --host=i686-linux-gnu --target=i686-linux-gnu
Thread model: posix
gcc version 4.6.3 (Ubuntu/Linaro 4.6.3-1ubuntu5) 
configure:2238: $? = 0
configure:2245: gcc -V >&5
gcc: error: unrecognized option '-V'
gcc: fatal error: no input files
compilation terminated.
configure:2248: $? = 4
configure:2271: checking for C compiler default output file name
configure:2298: gcc    conftest.c  >&5
configure:2301: $? = 0
configure:2339: result: a.out
configure:2356: checking whether the C compiler works
configure:2366: ./a.out
configure:2369: $? = 0
configure:2386: result: yes
configure:2393: checking whether we are cross compiling
configure:2395: result: no
configure:2398: checking for suffix of executables
configure:2405: gcc -o conftest    conftest.c  >&5
configure:2408: $? = 0
configure:2432: result: 
configure:2438: checking for suffix of object files
configure:2464: gcc -c   conftest.c >&5
configure:2467: $? = 0
configure:2490: result: o
configure:2494: checking whether we are using the GNU C compiler
configure:2523: gcc -c   conftest.c >&5
configure:2529: $? = 0
configure:2546: result: yes
configure:2551: checking whether gcc accepts -g
configure:2581: gcc -c -g  conftest.c >&5
configure:2587: $? = 0
configure:2686: result: yes
configure:2703: checking for gcc option to accept ISO C89
configure:2777: gcc  -c -g -O2  conftest.c >&5
configure:2783: $? = 0
configure:2806: result: none needed
configure:2831: checking how to run the C preprocessor
configure:2871: gcc -E  conftest.c
configure:2877: $? = 0
configure:2908: gcc -E  conftest.c
conftest.c:8:28: fatal error: ac_nonexistent.h: No such file or directory
compilation terminated.
configure:2914: $? = 1
configure: failed program was:
| /* confdefs.h.  */
| #define PACKAGE_NAME ""
| #define PACKAGE_TARNAME ""
| #define PACKAGE_VERSION ""
| #define PACKAGE_STRING ""
| #define PACKAGE_BUGREPORT ""
| /* end confdefs.h.  */
| #include <ac_nonexistent.h>
configure:2947: result: gcc -E
configure:2976: gcc -E  conftest.c
configure:2982: $? = 0
configure:3013: gcc -E  conftest.c
conftest.c:8:28: fatal error: ac_nonexistent.h: No such file or directory
compilation terminated.
configure:3019: $? = 1
configure: failed program was:
| /* confdefs.h.  */
| #define PACKAGE_NAME ""
| #define PACKAGE_TARNAME ""
| #define PACKAGE_VERSION ""
| #define PACKAGE_STRING ""
| #define PACKAGE_BUGREPORT ""
| /* end confdefs.h.  */
| #include <ac_nonexistent.h>
configure:3057: checking for grep that handles long lines and -e
configure:3131: result: /bin/grep
configure:3136: checking for egrep
configure:3214: result: /bin/grep -E
configure:3219: checking for ANSI C header files
configure:3249: gcc -c -g -O2  conftest.c >&5
configure:3255: $? = 0
configure:3354: gcc -o conftest -g -O2   conftest.c  >&5
configure:3357: $? = 0
configure:3363: ./conftest
configure:3366: $? = 0
configure:3383: result: yes
configure:3407: checking for sys/types.h
configure:3428: gcc -c -g -O2  conftest.c >&5
configure:3434: $? = 0
configure:3450: result: yes
configure:3407: checking for sys/stat.h
configure:3428: gcc -c -g -O2  conftest.c >&5
configure:3434: $? = 0
configure:3450: result: yes
configure:3407: checking for stdlib.h
configure:3428: gcc -c -g -O2  conftest.c >&5
configure:3434: $? = 0
configure:3450: result: yes
configure:3407: checking for string.h
configure:3428: gcc -c -g -O2  conftest.c >&5
configure:3434: $? = 0
configure:3450: result: yes
configure:3407: checking for memory.h
configure:3428: gcc -c -g -O2  conftest.c >&5
configure:3434: $? = 0
configure:3450: result: yes
configure:3407: checking for strings.h
configure:3428: gcc -c -g -O2  conftest.c >&5
configure:3434: $? = 0
configure:3450: result: yes
configure:3407: checking for inttypes.h
configure:3428: gcc -c -g -O2  conftest.c >&5
configure:3434: $? = 0
configure:3450: result: yes
configure:3407: checking for stdint.h
configure:3428: gcc -c -g -O2  conftest.c >&5
configure:3434: $? = 0
configure:3450: result: yes
configure:3407: checking for unistd.h
configure:3428: gcc -c -g -O2  conftest.c >&5
configure:3434: $? = 0
configure:3450: result: yes
configure:3468: checking for unistd.h
configure:3474: result: yes
configure:3478: checking limits.h usability
configure:3495: gcc -c -g -O2  conftest.c >&5
configure:3501: $? = 0
configure:3515: result: yes
configure:3519: checking limits.h presence
configure:3534: gcc -E  conftest.c
configure:3540: $? = 0
configure:3554: result: yes
configure:3582: checking for limits.h
configure:3590: result: yes
configure:3609: checking for building with threads
configure:4026: result: no (default)
configure:4038: checking if the compiler understands -pipe
configure:4063: gcc -pipe -c -g -O2  conftest.c >&5
configure:4069: $? = 0
configure:4074: result: yes
configure:4109: checking for Tcl configuration
configure:4186: result: found /home/srk/srk/vimconfig/source_nav/sourcenavigator-NG4.5/tcl/unix/tclConfig.sh
configure:4192: checking for existence of /home/srk/srk/vimconfig/source_nav/sourcenavigator-NG4.5/tcl/unix/tclConfig.sh
configure:4196: result: loading
configure:4225: checking if 64bit support is requested
configure:4240: result: no
configure:4245: checking if 64bit Sparc VIS support is requested
configure:4262: result: no
configure:4269: checking system version (for dynamic loading)
configure:4289: result: Linux-3.2.0-45-generic
configure:4294: checking if gcc is being used
configure:4302: result: yes (gcc -pipe)
configure:4308: checking for dlopen in -ldl
configure:4343: gcc -pipe -o conftest -g -O2   conftest.c -ldl   >&5
configure:4349: $? = 0
configure:4367: result: yes
configure:4404: checking for ar
configure:4420: found /usr/bin/ar
configure:4431: result: ar
configure:5564: checking for build with symbols
configure:5578: result: no
configure:5641: checking for sin
configure:5697: gcc -pipe -o conftest -g -O2  -rdynamic conftest.c  >&5
conftest.c:43:6: warning: conflicting types for built-in function 'sin' [enabled by default]
/tmp/ccUxva1f.o: In function `main':
/home/srk/srk/vimconfig/source_nav/sourcenavigator-NG4.5/tk/unix/conftest.c:54: undefined reference to `sin'
collect2: ld returned 1 exit status
configure:5703: $? = 1
configure: failed program was:
| /* confdefs.h.  */
| #define PACKAGE_NAME ""
| #define PACKAGE_TARNAME ""
| #define PACKAGE_VERSION ""
| #define PACKAGE_STRING ""
| #define PACKAGE_BUGREPORT ""
| #define STDC_HEADERS 1
| #define HAVE_SYS_TYPES_H 1
| #define HAVE_SYS_STAT_H 1
| #define HAVE_STDLIB_H 1
| #define HAVE_STRING_H 1
| #define HAVE_MEMORY_H 1
| #define HAVE_STRINGS_H 1
| #define HAVE_INTTYPES_H 1
| #define HAVE_STDINT_H 1
| #define HAVE_UNISTD_H 1
| #define HAVE_UNISTD_H 1
| #define HAVE_LIMITS_H 1
| /* end confdefs.h.  */
| /* Define sin to an innocuous variant, in case <limits.h> declares sin.
|    For example, HP-UX 11i <limits.h> declares gettimeofday.  */
| #define sin innocuous_sin
| 
| /* System header to define __stub macros and hopefully few prototypes,
|     which can conflict with char sin (); below.
|     Prefer <limits.h> to <assert.h> if __STDC__ is defined, since
|     <limits.h> exists even on freestanding compilers.  */
| 
| #ifdef __STDC__
| # include <limits.h>
| #else
| # include <assert.h>
| #endif
| 
| #undef sin
| 
| /* Override any GCC internal prototype to avoid an error.
|    Use char because int might match the return type of a GCC
|    builtin and then its argument prototype would still apply.  */
| #ifdef __cplusplus
| extern "C"
| #endif
| char sin ();
| /* The GNU C library defines this for functions which it implements
|     to always fail with ENOSYS.  Some functions are actually named
|     something starting with __ and the normal name is an alias.  */
| #if defined __stub_sin || defined __stub___sin
| choke me
| #endif
| 
| int
| main ()
| {
| return sin ();
|   ;
|   return 0;
| }
configure:5720: result: no
configure:5728: checking for main in -lieee
configure:5757: gcc -pipe -o conftest -g -O2  -rdynamic conftest.c -lieee   >&5
configure:5763: $? = 0
configure:5781: result: yes
configure:5872: checking stdlib.h
configure:5931: result: yes
configure:5944: checking fd_set and sys/select
configure:5967: gcc -pipe -c -g -O2  conftest.c >&5
configure:5973: $? = 0
configure:6010: result: yes
configure:6024: checking for mode_t
configure:6054: gcc -pipe -c -g -O2  conftest.c >&5
configure:6060: $? = 0
configure:6075: result: yes
configure:6087: checking for pid_t
configure:6117: gcc -pipe -c -g -O2  conftest.c >&5
configure:6123: $? = 0
configure:6138: result: yes
configure:6150: checking for size_t
configure:6180: gcc -pipe -c -g -O2  conftest.c >&5
configure:6186: $? = 0
configure:6201: result: yes
configure:6213: checking for uid_t in sys/types.h
configure:6236: result: yes
configure:6271: checking sys/time.h usability
configure:6288: gcc -pipe -c -g -O2  conftest.c >&5
configure:6294: $? = 0
configure:6308: result: yes
configure:6312: checking sys/time.h presence
configure:6327: gcc -E  conftest.c
configure:6333: $? = 0
configure:6347: result: yes
configure:6375: checking for sys/time.h
configure:6383: result: yes
configure:6396: checking whether time.h and sys/time.h may both be included
configure:6426: gcc -pipe -c -g -O2  conftest.c >&5
configure:6432: $? = 0
configure:6447: result: yes
configure:6462: checking pw_gecos in struct pwd
configure:6485: gcc -pipe -c -g -O2  conftest.c >&5
configure:6491: $? = 0
configure:6505: result: yes
configure:6524: checking for X
configure:6639: gcc -E  conftest.c
configure:6645: $? = 0
configure:6694: gcc -pipe -o conftest -g -O2  -rdynamic conftest.c -lX11  >&5
configure:6700: $? = 0
configure:6759: result: libraries , headers 
configure:6779: gcc -E  conftest.c
conftest.c:23:28: fatal error: X11/XIntrinsic.h: No such file or directory
compilation terminated.
configure:6785: $? = 1
configure: failed program was:
| /* confdefs.h.  */
| #define PACKAGE_NAME ""
| #define PACKAGE_TARNAME ""
| #define PACKAGE_VERSION ""
| #define PACKAGE_STRING ""
| #define PACKAGE_BUGREPORT ""
| #define STDC_HEADERS 1
| #define HAVE_SYS_TYPES_H 1
| #define HAVE_SYS_STAT_H 1
| #define HAVE_STDLIB_H 1
| #define HAVE_STRING_H 1
| #define HAVE_MEMORY_H 1
| #define HAVE_STRINGS_H 1
| #define HAVE_INTTYPES_H 1
| #define HAVE_STDINT_H 1
| #define HAVE_UNISTD_H 1
| #define HAVE_UNISTD_H 1
| #define HAVE_LIMITS_H 1
| #define HAVE_SYS_TIME_H 1
| #define TIME_WITH_SYS_TIME 1
| #define HAVE_PW_GECOS 1
| /* end confdefs.h.  */
| #include <X11/XIntrinsic.h>
configure:6806: checking for X11 header files
configure:6822: gcc -E  conftest.c
configure:6828: $? = 0
configure:7100: checking for main in -lXbsd
configure:7129: gcc -pipe -o conftest -g -O2  -rdynamic conftest.c -lXbsd   >&5
/usr/bin/ld: cannot find -lXbsd
collect2: ld returned 1 exit status
configure:7135: $? = 1
configure: failed program was:
| /* confdefs.h.  */
| #define PACKAGE_NAME ""
| #define PACKAGE_TARNAME ""
| #define PACKAGE_VERSION ""
| #define PACKAGE_STRING ""
| #define PACKAGE_BUGREPORT ""
| #define STDC_HEADERS 1
| #define HAVE_SYS_TYPES_H 1
| #define HAVE_SYS_STAT_H 1
| #define HAVE_STDLIB_H 1
| #define HAVE_STRING_H 1
| #define HAVE_MEMORY_H 1
| #define HAVE_STRINGS_H 1
| #define HAVE_INTTYPES_H 1
| #define HAVE_STDINT_H 1
| #define HAVE_UNISTD_H 1
| #define HAVE_UNISTD_H 1
| #define HAVE_LIMITS_H 1
| #define HAVE_SYS_TIME_H 1
| #define TIME_WITH_SYS_TIME 1
| #define HAVE_PW_GECOS 1
| /* end confdefs.h.  */
| 
| 
| int
| main ()
| {
| return main ();
|   ;
|   return 0;
| }
configure:7153: result: no
configure:7162: checking for socket libraries
configure:7170: checking for connect
configure:7226: gcc -pipe -o conftest -g -O2  -rdynamic conftest.c  >&5
configure:7232: $? = 0
configure:7249: result: yes
configure:7417: checking for gethostbyname
configure:7473: gcc -pipe -o conftest -g -O2  -rdynamic conftest.c   >&5
configure:7479: $? = 0
configure:7496: result: yes
configure:7566: result: 
configure:7657: checking for sin
configure:7736: result: no
configure:7744: checking for main in -lieee
configure:7797: result: yes
configure:7810: checking whether char is unsigned
configure:7838: gcc -pipe -c -g -O2  conftest.c >&5
configure:7844: $? = 0
configure:7859: result: no
configure:7877: checking for strtod
configure:7933: gcc -pipe -o conftest -g -O2  -rdynamic conftest.c  >&5
configure:7939: $? = 0
configure:7956: result: yes
configure:7965: checking for Solaris2.4/Tru64 strtod bugs
configure:8000: gcc -pipe -o conftest -g -O2  -rdynamic conftest.c  >&5
conftest.c: In function 'main':
conftest.c:32:7: warning: incompatible implicit declaration of built-in function 'exit' [enabled by default]
conftest.c:36:7: warning: incompatible implicit declaration of built-in function 'exit' [enabled by default]
conftest.c:38:3: warning: incompatible implicit declaration of built-in function 'exit' [enabled by default]
configure:8003: $? = 0
configure:8009: ./conftest
configure:8012: $? = 0
configure:8028: result: ok
configure:8048: checking how to build libraries
configure:8070: result: static
configure:8848: creating ./config.status

## ---------------------- ##
## Running config.status. ##
## ---------------------- ##

This file was extended by config.status, which was
generated by GNU Autoconf 2.61.  Invocation command line was

  CONFIG_FILES    = 
  CONFIG_HEADERS  = 
  CONFIG_LINKS    = 
  CONFIG_COMMANDS = 
  $ ./config.status 

on srk-Latitude-E5530-non-vPro

config.status:642: creating Makefile
config.status:773: WARNING:  Makefile.in seems to ignore the --datarootdir setting
config.status:642: creating tkConfig.sh

## ---------------- ##
## Cache variables. ##
## ---------------- ##

ac_cv_c_char_unsigned=no
ac_cv_c_compiler_gnu=yes
ac_cv_c_tclconfig=/home/srk/srk/vimconfig/source_nav/sourcenavigator-NG4.5/tcl/unix
ac_cv_env_CC_set=
ac_cv_env_CC_value=
ac_cv_env_CFLAGS_set=
ac_cv_env_CFLAGS_value=
ac_cv_env_CPPFLAGS_set=
ac_cv_env_CPPFLAGS_value=
ac_cv_env_CPP_set=
ac_cv_env_CPP_value=
ac_cv_env_LDFLAGS_set=
ac_cv_env_LDFLAGS_value=
ac_cv_env_LIBS_set=
ac_cv_env_LIBS_value=
ac_cv_env_XMKMF_set=
ac_cv_env_XMKMF_value=
ac_cv_env_build_alias_set=
ac_cv_env_build_alias_value=
ac_cv_env_host_alias_set=
ac_cv_env_host_alias_value=
ac_cv_env_target_alias_set=
ac_cv_env_target_alias_value=
ac_cv_func_connect=yes
ac_cv_func_sin=no
ac_cv_func_strtod=yes
ac_cv_have_x='have_x=yes	ac_x_includes='\'''\''	ac_x_libraries='\'''\'''
ac_cv_header_inttypes_h=yes
ac_cv_header_limits_h=yes
ac_cv_header_memory_h=yes
ac_cv_header_stdc=yes
ac_cv_header_stdint_h=yes
ac_cv_header_stdlib_h=yes
ac_cv_header_string_h=yes
ac_cv_header_strings_h=yes
ac_cv_header_sys_stat_h=yes
ac_cv_header_sys_time_h=yes
ac_cv_header_sys_types_h=yes
ac_cv_header_time=yes
ac_cv_header_unistd_h=yes
ac_cv_lib_Xbsd_main=no
ac_cv_lib_dl_dlopen=yes
ac_cv_lib_ieee_main=yes
ac_cv_objext=o
ac_cv_path_EGREP='/bin/grep -E'
ac_cv_path_GREP=/bin/grep
ac_cv_prog_AR=ar
ac_cv_prog_CPP='gcc -E'
ac_cv_prog_ac_ct_CC=gcc
ac_cv_prog_ac_ct_RANLIB=ranlib
ac_cv_prog_cc_c89=
ac_cv_prog_cc_g=yes
ac_cv_type_mode_t=yes
ac_cv_type_pid_t=yes
ac_cv_type_size_t=yes
ac_cv_type_uid_t=yes
tcl_cv_lib_sockets=

## ----------------- ##
## Output variables. ##
## ----------------- ##

AR='ar'
CC='gcc -pipe'
CFLAGS='-g -O2'
CFLAGS_DEBUG='-g'
CFLAGS_DEFAULT='$(CFLAGS_OPTIMIZE)'
CFLAGS_OPTIMIZE=' -D__NO_STRING_INLINES -D__NO_MATH_INLINES'
CFLAGS_WARNING='-Wall -Wconversion -Wno-implicit-int'
CPP='gcc -E'
CPPFLAGS=''
DEFS='-DPACKAGE_NAME=\"\" -DPACKAGE_TARNAME=\"\" -DPACKAGE_VERSION=\"\" -DPACKAGE_STRING=\"\" -DPACKAGE_BUGREPORT=\"\" -DSTDC_HEADERS=1 -DHAVE_SYS_TYPES_H=1 -DHAVE_SYS_STAT_H=1 -DHAVE_STDLIB_H=1 -DHAVE_STRING_H=1 -DHAVE_MEMORY_H=1 -DHAVE_STRINGS_H=1 -DHAVE_INTTYPES_H=1 -DHAVE_STDINT_H=1 -DHAVE_UNISTD_H=1 -DHAVE_UNISTD_H=1 -DHAVE_LIMITS_H=1 -DHAVE_SYS_TIME_H=1 -DTIME_WITH_SYS_TIME=1 -DHAVE_PW_GECOS=1 -DSTATIC_BUILD=1'
DL_LIBS='-ldl'
ECHO_C=''
ECHO_N='-n'
ECHO_T=''
EGREP='/bin/grep -E'
EXEEXT=''
EXTRA_CFLAGS=''
GREP='/bin/grep'
LDFLAGS='-rdynamic'
LDFLAGS_DEBUG=''
LDFLAGS_DEFAULT='$(LDFLAGS_OPTIMIZE)'
LDFLAGS_OPTIMIZE=''
LIBOBJS=''
LIBS=''
LTLIBOBJS=''
MAKE_LIB='${STLIB_LD} ${TK_LIB_FILE} ${OBJS}'
MAKE_STUB_LIB='${STLIB_LD} ${STUB_LIB_FILE} ${STUB_LIB_OBJS}'
MATH_LIBS='-lieee -lm'
OBJEXT='o'
PACKAGE_BUGREPORT=''
PACKAGE_NAME=''
PACKAGE_STRING=''
PACKAGE_TARNAME=''
PACKAGE_VERSION=''
PATH_SEPARATOR=':'
RANLIB='ranlib'
SHELL='/bin/bash'
SHLIB_CFLAGS='-fPIC'
SHLIB_LD='gcc -pipe -shared'
SHLIB_LD_LIBS='${LIBS}'
SHLIB_SUFFIX='.so'
SHLIB_VERSION=''
STLIB_LD='${AR} cr'
TCL_BIN_DIR='/home/srk/srk/vimconfig/source_nav/sourcenavigator-NG4.5/tcl/unix'
TCL_BUILD_LIB_SPEC='-L/home/srk/srk/vimconfig/source_nav/sourcenavigator-NG4.5/tcl/unix -ltcl8.3${TCL_DBGX}'
TCL_BUILD_STUB_LIB_SPEC='-L/home/srk/srk/vimconfig/source_nav/sourcenavigator-NG4.5/tcl/unix -ltclstub8.3${TCL_DBGX}'
TCL_DBGX=''
TCL_LIB_FILE='libtcl8.3.a'
TCL_LIB_FLAG='-ltcl8.3'
TCL_LIB_FULL_PATH='/home/srk/srk/vimconfig/source_nav/sourcenavigator-NG4.5/tcl/unix/libtcl8.3${TCL_DBGX}.a'
TCL_LIB_SPEC='-L/opt/sourcenav/lib -ltcl8.3${TCL_DBGX}'
TCL_LIB_SUFFIX='.a'
TCL_SHARED_LIB_SUFFIX='${VERSION}${DBGX}.so'
TCL_SRC_DIR='/home/srk/srk/vimconfig/source_nav/sourcenavigator-NG4.5/tcl'
TCL_STUB_FLAGS=''
TCL_UNSHARED_LIB_SUFFIX='${VERSION}${DBGX}.a'
TCL_VERSION='8.3'
TK_BUILD_EXP_FILE=''
TK_BUILD_INCLUDES='-I/home/srk/srk/vimconfig/source_nav/sourcenavigator-NG4.5/tk/generic'
TK_BUILD_LIB_SPEC='-L/home/srk/srk/vimconfig/source_nav/sourcenavigator-NG4.5/tk/unix -ltk8.3${TCL_DBGX}'
TK_BUILD_STUB_LIB_PATH='/home/srk/srk/vimconfig/source_nav/sourcenavigator-NG4.5/tk/unix/libtkstub8.3.a'
TK_BUILD_STUB_LIB_SPEC='-L/home/srk/srk/vimconfig/source_nav/sourcenavigator-NG4.5/tk/unix -ltkstub8.3${TCL_DBGX}'
TK_CC_SEARCH_FLAGS='-Wl,-rpath,${LIB_RUNTIME_DIR}'
TK_DBGX=''
TK_EXP_FILE=''
TK_LD_SEARCH_FLAGS='-Wl,-rpath,${LIB_RUNTIME_DIR}'
TK_LIB_FILE='libtk8.3.a'
TK_LIB_FLAG='-ltk8.3${TCL_DBGX}'
TK_LIB_FULL_PATH=''
TK_LIB_SPEC='-L/opt/sourcenav/lib -ltk8.3${TCL_DBGX}'
TK_MAJOR_VERSION='8'
TK_MINOR_VERSION='3'
TK_PATCH_LEVEL='.2'
TK_SHARED_BUILD='0'
TK_SHARED_LIB_FILE=''
TK_SHLIB_CFLAGS=''
TK_SRC_DIR='/home/srk/srk/vimconfig/source_nav/sourcenavigator-NG4.5/tk'
TK_STUB_FLAGS=''
TK_STUB_LIB_FILE='libtkstub8.3.a'
TK_STUB_LIB_FLAG='-ltkstub8.3${TCL_DBGX}'
TK_STUB_LIB_PATH='/home/srk/srk/vimconfig/source_nav/sourcenavigator-NG4.5/tk/unix/libtkstub8.3.a'
TK_STUB_LIB_SPEC='-L/opt/sourcenav/lib -ltkstub8.3${TCL_DBGX}'
TK_UNSHARED_LIB_FILE=''
TK_VERSION='8.3'
XINCLUDES='# no special path needed'
XLIBSW='-lX11'
XMKMF=''
ac_ct_CC='gcc'
bindir='${exec_prefix}/bin'
build_alias=''
datadir='${datarootdir}'
datarootdir='${prefix}/share'
docdir='${datarootdir}/doc/${PACKAGE}'
dvidir='${docdir}'
exec_prefix='/opt/sourcenav'
host_alias=''
htmldir='${docdir}'
includedir='${prefix}/include'
infodir='${datarootdir}/info'
libdir='${exec_prefix}/lib'
libexecdir='${exec_prefix}/libexec'
localedir='${datarootdir}/locale'
localstatedir='${prefix}/var'
mandir='${datarootdir}/man'
oldincludedir='/usr/include'
pdfdir='${docdir}'
prefix='/opt/sourcenav'
program_transform_name='s,x,x,'
psdir='${docdir}'
sbindir='${exec_prefix}/sbin'
sharedstatedir='${prefix}/com'
sysconfdir='${prefix}/etc'
target_alias=''

## ----------- ##
## confdefs.h. ##
## ----------- ##

#define PACKAGE_NAME ""
#define PACKAGE_TARNAME ""
#define PACKAGE_VERSION ""
#define PACKAGE_STRING ""
#define PACKAGE_BUGREPORT ""
#define STDC_HEADERS 1
#define HAVE_SYS_TYPES_H 1
#define HAVE_SYS_STAT_H 1
#define HAVE_STDLIB_H 1
#define HAVE_STRING_H 1
#define HAVE_MEMORY_H 1
#define HAVE_STRINGS_H 1
#define HAVE_INTTYPES_H 1
#define HAVE_STDINT_H 1
#define HAVE_UNISTD_H 1
#define HAVE_UNISTD_H 1
#define HAVE_LIMITS_H 1
#define HAVE_SYS_TIME_H 1
#define TIME_WITH_SYS_TIME 1
#define HAVE_PW_GECOS 1
#define STATIC_BUILD 1

configure: exit 0
