This file contains any messages produced by compilers while
running configure, to aid debugging if configure makes a mistake.

It was created by configure, which was
generated by GNU Autoconf 2.61.  Invocation command line was

  $ ./configure --prefix=/opt/sourcenav --cache-file=/dev/null --srcdir=.

## --------- ##
## Platform. ##
## --------- ##

hostname = srk-Latitude-E5530-non-vPro
uname -m = i686
uname -r = 3.2.0-45-generic
uname -s = Linux
uname -v = #70-Ubuntu SMP Wed May 29 20:11:31 UTC 2013

/usr/bin/uname -p = unknown
/bin/uname -X     = unknown

/bin/arch              = unknown
/usr/bin/arch -k       = unknown
/usr/convex/getsysinfo = unknown
/usr/bin/hostinfo      = unknown
/bin/machine           = unknown
/usr/bin/oslevel       = unknown
/bin/universe          = unknown

PATH: /usr/local/sbin
PATH: /usr/local/bin
PATH: /usr/sbin
PATH: /usr/bin
PATH: /sbin
PATH: /bin


## ----------- ##
## Core tests. ##
## ----------- ##

configure:1898: checking for a BSD-compatible install
configure:1954: result: /usr/bin/install -c
configure:1965: checking whether build environment is sane
configure:2008: result: yes
configure:2036: checking for a thread-safe mkdir -p
configure:2075: result: /bin/mkdir -p
configure:2088: checking for gawk
configure:2118: result: no
configure:2088: checking for mawk
configure:2104: found /usr/bin/mawk
configure:2115: result: mawk
configure:2126: checking whether make sets $(MAKE)
configure:2147: result: yes
configure:2335: checking whether to enable maintainer-specific portions of Makefiles
configure:2344: result: no
configure:2378: checking build system type
configure:2396: result: i686-pc-linux-gnu
configure:2418: checking host system type
configure:2433: result: i686-pc-linux-gnu
configure:2469: checking for style of include used by make
configure:2497: result: GNU
configure:2567: checking for gcc
configure:2583: found /usr/bin/gcc
configure:2594: result: gcc
configure:2832: checking for C compiler version
configure:2839: gcc --version >&5
gcc (Ubuntu/Linaro 4.6.3-1ubuntu5) 4.6.3
Copyright (C) 2011 Free Software Foundation, Inc.
This is free software; see the source for copying conditions.  There is NO
warranty; not even for MERCHANTABILITY or FITNESS FOR A PARTICULAR PURPOSE.

configure:2842: $? = 0
configure:2849: gcc -v >&5
Using built-in specs.
COLLECT_GCC=gcc
COLLECT_LTO_WRAPPER=/usr/lib/gcc/i686-linux-gnu/4.6/lto-wrapper
Target: i686-linux-gnu
Configured with: ../src/configure -v --with-pkgversion='Ubuntu/Linaro 4.6.3-1ubuntu5' --with-bugurl=file:///usr/share/doc/gcc-4.6/README.Bugs --enable-languages=c,c++,fortran,objc,obj-c++ --prefix=/usr --program-suffix=-4.6 --enable-shared --enable-linker-build-id --with-system-zlib --libexecdir=/usr/lib --without-included-gettext --enable-threads=posix --with-gxx-include-dir=/usr/include/c++/4.6 --libdir=/usr/lib --enable-nls --with-sysroot=/ --enable-clocale=gnu --enable-libstdcxx-debug --enable-libstdcxx-time=yes --enable-gnu-unique-object --enable-plugin --enable-objc-gc --enable-targets=all --disable-werror --with-arch-32=i686 --with-tune=generic --enable-checking=release --build=i686-linux-gnu --host=i686-linux-gnu --target=i686-linux-gnu
Thread model: posix
gcc version 4.6.3 (Ubuntu/Linaro 4.6.3-1ubuntu5) 
configure:2852: $? = 0
configure:2859: gcc -V >&5
gcc: error: unrecognized option '-V'
gcc: fatal error: no input files
compilation terminated.
configure:2862: $? = 4
configure:2885: checking for C compiler default output file name
configure:2912: gcc    conftest.c  >&5
configure:2915: $? = 0
configure:2953: result: a.out
configure:2970: checking whether the C compiler works
configure:2980: ./a.out
configure:2983: $? = 0
configure:3000: result: yes
configure:3007: checking whether we are cross compiling
configure:3009: result: no
configure:3012: checking for suffix of executables
configure:3019: gcc -o conftest    conftest.c  >&5
configure:3022: $? = 0
configure:3046: result: 
configure:3052: checking for suffix of object files
configure:3078: gcc -c   conftest.c >&5
configure:3081: $? = 0
configure:3104: result: o
configure:3108: checking whether we are using the GNU C compiler
configure:3137: gcc -c   conftest.c >&5
configure:3143: $? = 0
configure:3160: result: yes
configure:3165: checking whether gcc accepts -g
configure:3195: gcc -c -g  conftest.c >&5
configure:3201: $? = 0
configure:3300: result: yes
configure:3317: checking for gcc option to accept ISO C89
configure:3391: gcc  -c -g -O2  conftest.c >&5
configure:3397: $? = 0
configure:3420: result: none needed
configure:3440: checking dependency style of gcc
configure:3531: result: gcc3
configure:3548: checking for pthread_create in -lpthread
configure:3583: gcc -o conftest -g -O2   conftest.c -lpthread   >&5
configure:3589: $? = 0
configure:3607: result: yes
configure:3824: checking for gcc
configure:3851: result: gcc
configure:4089: checking for C compiler version
configure:4096: gcc --version >&5
gcc (Ubuntu/Linaro 4.6.3-1ubuntu5) 4.6.3
Copyright (C) 2011 Free Software Foundation, Inc.
This is free software; see the source for copying conditions.  There is NO
warranty; not even for MERCHANTABILITY or FITNESS FOR A PARTICULAR PURPOSE.

configure:4099: $? = 0
configure:4106: gcc -v >&5
Using built-in specs.
COLLECT_GCC=gcc
COLLECT_LTO_WRAPPER=/usr/lib/gcc/i686-linux-gnu/4.6/lto-wrapper
Target: i686-linux-gnu
Configured with: ../src/configure -v --with-pkgversion='Ubuntu/Linaro 4.6.3-1ubuntu5' --with-bugurl=file:///usr/share/doc/gcc-4.6/README.Bugs --enable-languages=c,c++,fortran,objc,obj-c++ --prefix=/usr --program-suffix=-4.6 --enable-shared --enable-linker-build-id --with-system-zlib --libexecdir=/usr/lib --without-included-gettext --enable-threads=posix --with-gxx-include-dir=/usr/include/c++/4.6 --libdir=/usr/lib --enable-nls --with-sysroot=/ --enable-clocale=gnu --enable-libstdcxx-debug --enable-libstdcxx-time=yes --enable-gnu-unique-object --enable-plugin --enable-objc-gc --enable-targets=all --disable-werror --with-arch-32=i686 --with-tune=generic --enable-checking=release --build=i686-linux-gnu --host=i686-linux-gnu --target=i686-linux-gnu
Thread model: posix
gcc version 4.6.3 (Ubuntu/Linaro 4.6.3-1ubuntu5) 
configure:4109: $? = 0
configure:4116: gcc -V >&5
gcc: error: unrecognized option '-V'
gcc: fatal error: no input files
compilation terminated.
configure:4119: $? = 4
configure:4122: checking whether we are using the GNU C compiler
configure:4174: result: yes
configure:4179: checking whether gcc accepts -g
configure:4314: result: yes
configure:4331: checking for gcc option to accept ISO C89
configure:4434: result: none needed
configure:4454: checking dependency style of gcc
configure:4545: result: gcc3
configure:4565: checking how to run the C preprocessor
configure:4605: gcc -E  conftest.c
configure:4611: $? = 0
configure:4642: gcc -E  conftest.c
conftest.c:14:28: fatal error: ac_nonexistent.h: No such file or directory
compilation terminated.
configure:4648: $? = 1
configure: failed program was:
| /* confdefs.h.  */
| #define PACKAGE_NAME ""
| #define PACKAGE_TARNAME ""
| #define PACKAGE_VERSION ""
| #define PACKAGE_STRING ""
| #define PACKAGE_BUGREPORT ""
| #define PACKAGE "sn"
| #define VERSION "NG4.5"
| #define HAVE_LIBPTHREAD 1
| #define SN_ELIX 0
| #define PRODUCT_NAME "Source-Navigator"
| #define SUITE_NAME "Red Hat Embedded DevKit"
| /* end confdefs.h.  */
| #include <ac_nonexistent.h>
configure:4681: result: gcc -E
configure:4710: gcc -E  conftest.c
configure:4716: $? = 0
configure:4747: gcc -E  conftest.c
conftest.c:14:28: fatal error: ac_nonexistent.h: No such file or directory
compilation terminated.
configure:4753: $? = 1
configure: failed program was:
| /* confdefs.h.  */
| #define PACKAGE_NAME ""
| #define PACKAGE_TARNAME ""
| #define PACKAGE_VERSION ""
| #define PACKAGE_STRING ""
| #define PACKAGE_BUGREPORT ""
| #define PACKAGE "sn"
| #define VERSION "NG4.5"
| #define HAVE_LIBPTHREAD 1
| #define SN_ELIX 0
| #define PRODUCT_NAME "Source-Navigator"
| #define SUITE_NAME "Red Hat Embedded DevKit"
| /* end confdefs.h.  */
| #include <ac_nonexistent.h>
configure:4792: checking for grep that handles long lines and -e
configure:4866: result: /bin/grep
configure:4871: checking for egrep
configure:4949: result: /bin/grep -E
configure:4954: checking for cygwin32
configure:4979: result: no
configure:4982: checking for Microsoft Visual C++
configure:5007: result: no
configure:5010: checking for Mingw32
configure:5035: result: no
configure:5052: checking for gawk
configure:5079: result: mawk
configure:5118: checking for flex >= 2.5.34
configure:5137: result: found , ok
configure:5150: checking for flex != 2.5.33
configure:5158: result: not found, good
configure:5209: checking for ranlib
configure:5225: found /usr/bin/ranlib
configure:5236: result: ranlib
configure:5305: checking for windres
configure:5335: result: no
configure:5381: checking for gnutar
configure:5414: result: no
configure:5381: checking for gtar
configure:5414: result: no
configure:5381: checking for tar
configure:5399: found /bin/tar
configure:5411: result: /bin/tar
configure:5436: checking for dirent.h that defines DIR
configure:5465: gcc -c -g -O2  conftest.c >&5
configure:5471: $? = 0
configure:5487: result: yes
configure:5500: checking for library containing opendir
configure:5541: gcc -o conftest -g -O2   conftest.c -lpthread  >&5
configure:5547: $? = 0
configure:5575: result: none required
configure:5669: checking for ANSI C header files
configure:5699: gcc -c -g -O2  conftest.c >&5
configure:5705: $? = 0
configure:5804: gcc -o conftest -g -O2   conftest.c -lpthread  >&5
configure:5807: $? = 0
configure:5813: ./conftest
configure:5816: $? = 0
configure:5833: result: yes
configure:5843: checking for sys/wait.h that is POSIX.1 compatible
configure:5879: gcc -c -g -O2  conftest.c >&5
configure:5885: $? = 0
configure:5900: result: yes
configure:5924: checking for sys/types.h
configure:5945: gcc -c -g -O2  conftest.c >&5
configure:5951: $? = 0
configure:5967: result: yes
configure:5924: checking for sys/stat.h
configure:5945: gcc -c -g -O2  conftest.c >&5
configure:5951: $? = 0
configure:5967: result: yes
configure:5924: checking for stdlib.h
configure:5945: gcc -c -g -O2  conftest.c >&5
configure:5951: $? = 0
configure:5967: result: yes
configure:5924: checking for string.h
configure:5945: gcc -c -g -O2  conftest.c >&5
configure:5951: $? = 0
configure:5967: result: yes
configure:5924: checking for memory.h
configure:5945: gcc -c -g -O2  conftest.c >&5
configure:5951: $? = 0
configure:5967: result: yes
configure:5924: checking for strings.h
configure:5945: gcc -c -g -O2  conftest.c >&5
configure:5951: $? = 0
configure:5967: result: yes
configure:5924: checking for inttypes.h
configure:5945: gcc -c -g -O2  conftest.c >&5
configure:5951: $? = 0
configure:5967: result: yes
configure:5924: checking for stdint.h
configure:5945: gcc -c -g -O2  conftest.c >&5
configure:5951: $? = 0
configure:5967: result: yes
configure:5924: checking for unistd.h
configure:5945: gcc -c -g -O2  conftest.c >&5
configure:5951: $? = 0
configure:5967: result: yes
configure:6008: checking fcntl.h usability
configure:6025: gcc -c -g -O2  conftest.c >&5
configure:6031: $? = 0
configure:6045: result: yes
configure:6049: checking fcntl.h presence
configure:6064: gcc -E  conftest.c
configure:6070: $? = 0
configure:6084: result: yes
configure:6112: checking for fcntl.h
configure:6120: result: yes
configure:6008: checking limits.h usability
configure:6025: gcc -c -g -O2  conftest.c >&5
configure:6031: $? = 0
configure:6045: result: yes
configure:6049: checking limits.h presence
configure:6064: gcc -E  conftest.c
configure:6070: $? = 0
configure:6084: result: yes
configure:6112: checking for limits.h
configure:6120: result: yes
configure:6008: checking malloc.h usability
configure:6025: gcc -c -g -O2  conftest.c >&5
configure:6031: $? = 0
configure:6045: result: yes
configure:6049: checking malloc.h presence
configure:6064: gcc -E  conftest.c
configure:6070: $? = 0
configure:6084: result: yes
configure:6112: checking for malloc.h
configure:6120: result: yes
configure:6008: checking netinet/in.h usability
configure:6025: gcc -c -g -O2  conftest.c >&5
configure:6031: $? = 0
configure:6045: result: yes
configure:6049: checking netinet/in.h presence
configure:6064: gcc -E  conftest.c
configure:6070: $? = 0
configure:6084: result: yes
configure:6112: checking for netinet/in.h
configure:6120: result: yes
configure:6008: checking search.h usability
configure:6025: gcc -c -g -O2  conftest.c >&5
configure:6031: $? = 0
configure:6045: result: yes
configure:6049: checking search.h presence
configure:6064: gcc -E  conftest.c
configure:6070: $? = 0
configure:6084: result: yes
configure:6112: checking for search.h
configure:6120: result: yes
configure:5998: checking for strings.h
configure:6004: result: yes
configure:6008: checking sys/in.h usability
configure:6025: gcc -c -g -O2  conftest.c >&5
conftest.c:65:20: fatal error: sys/in.h: No such file or directory
compilation terminated.
configure:6031: $? = 1
configure: failed program was:
| /* confdefs.h.  */
| #define PACKAGE_NAME ""
| #define PACKAGE_TARNAME ""
| #define PACKAGE_VERSION ""
| #define PACKAGE_STRING ""
| #define PACKAGE_BUGREPORT ""
| #define PACKAGE "sn"
| #define VERSION "NG4.5"
| #define HAVE_LIBPTHREAD 1
| #define SN_ELIX 0
| #define PRODUCT_NAME "Source-Navigator"
| #define SUITE_NAME "Red Hat Embedded DevKit"
| #define HAVE_DIRENT_H 1
| #define STDC_HEADERS 1
| #define HAVE_SYS_WAIT_H 1
| #define HAVE_SYS_TYPES_H 1
| #define HAVE_SYS_STAT_H 1
| #define HAVE_STDLIB_H 1
| #define HAVE_STRING_H 1
| #define HAVE_MEMORY_H 1
| #define HAVE_STRINGS_H 1
| #define HAVE_INTTYPES_H 1
| #define HAVE_STDINT_H 1
| #define HAVE_UNISTD_H 1
| #define HAVE_FCNTL_H 1
| #define HAVE_LIMITS_H 1
| #define HAVE_MALLOC_H 1
| #define HAVE_NETINET_IN_H 1
| #define HAVE_SEARCH_H 1
| #define HAVE_STRINGS_H 1
| /* end confdefs.h.  */
| #include <stdio.h>
| #ifdef HAVE_SYS_TYPES_H
| # include <sys/types.h>
| #endif
| #ifdef HAVE_SYS_STAT_H
| # include <sys/stat.h>
| #endif
| #ifdef STDC_HEADERS
| # include <stdlib.h>
| # include <stddef.h>
| #else
| # ifdef HAVE_STDLIB_H
| #  include <stdlib.h>
| # endif
| #endif
| #ifdef HAVE_STRING_H
| # if !defined STDC_HEADERS && defined HAVE_MEMORY_H
| #  include <memory.h>
| # endif
| # include <string.h>
| #endif
| #ifdef HAVE_STRINGS_H
| # include <strings.h>
| #endif
| #ifdef HAVE_INTTYPES_H
| # include <inttypes.h>
| #endif
| #ifdef HAVE_STDINT_H
| # include <stdint.h>
| #endif
| #ifdef HAVE_UNISTD_H
| # include <unistd.h>
| #endif
| #include <sys/in.h>
configure:6045: result: no
configure:6049: checking sys/in.h presence
configure:6064: gcc -E  conftest.c
conftest.c:32:20: fatal error: sys/in.h: No such file or directory
compilation terminated.
configure:6070: $? = 1
configure: failed program was:
| /* confdefs.h.  */
| #define PACKAGE_NAME ""
| #define PACKAGE_TARNAME ""
| #define PACKAGE_VERSION ""
| #define PACKAGE_STRING ""
| #define PACKAGE_BUGREPORT ""
| #define PACKAGE "sn"
| #define VERSION "NG4.5"
| #define HAVE_LIBPTHREAD 1
| #define SN_ELIX 0
| #define PRODUCT_NAME "Source-Navigator"
| #define SUITE_NAME "Red Hat Embedded DevKit"
| #define HAVE_DIRENT_H 1
| #define STDC_HEADERS 1
| #define HAVE_SYS_WAIT_H 1
| #define HAVE_SYS_TYPES_H 1
| #define HAVE_SYS_STAT_H 1
| #define HAVE_STDLIB_H 1
| #define HAVE_STRING_H 1
| #define HAVE_MEMORY_H 1
| #define HAVE_STRINGS_H 1
| #define HAVE_INTTYPES_H 1
| #define HAVE_STDINT_H 1
| #define HAVE_UNISTD_H 1
| #define HAVE_FCNTL_H 1
| #define HAVE_LIMITS_H 1
| #define HAVE_MALLOC_H 1
| #define HAVE_NETINET_IN_H 1
| #define HAVE_SEARCH_H 1
| #define HAVE_STRINGS_H 1
| /* end confdefs.h.  */
| #include <sys/in.h>
configure:6084: result: no
configure:6112: checking for sys/in.h
configure:6120: result: no
configure:6008: checking sys/ioctl.h usability
configure:6025: gcc -c -g -O2  conftest.c >&5
configure:6031: $? = 0
configure:6045: result: yes
configure:6049: checking sys/ioctl.h presence
configure:6064: gcc -E  conftest.c
configure:6070: $? = 0
configure:6084: result: yes
configure:6112: checking for sys/ioctl.h
configure:6120: result: yes
configure:6008: checking sys/time.h usability
configure:6025: gcc -c -g -O2  conftest.c >&5
configure:6031: $? = 0
configure:6045: result: yes
configure:6049: checking sys/time.h presence
configure:6064: gcc -E  conftest.c
configure:6070: $? = 0
configure:6084: result: yes
configure:6112: checking for sys/time.h
configure:6120: result: yes
configure:6008: checking sys/times.h usability
configure:6025: gcc -c -g -O2  conftest.c >&5
configure:6031: $? = 0
configure:6045: result: yes
configure:6049: checking sys/times.h presence
configure:6064: gcc -E  conftest.c
configure:6070: $? = 0
configure:6084: result: yes
configure:6112: checking for sys/times.h
configure:6120: result: yes
configure:6008: checking sys/utsname.h usability
configure:6025: gcc -c -g -O2  conftest.c >&5
configure:6031: $? = 0
configure:6045: result: yes
configure:6049: checking sys/utsname.h presence
configure:6064: gcc -E  conftest.c
configure:6070: $? = 0
configure:6084: result: yes
configure:6112: checking for sys/utsname.h
configure:6120: result: yes
configure:6008: checking sys/param.h usability
configure:6025: gcc -c -g -O2  conftest.c >&5
configure:6031: $? = 0
configure:6045: result: yes
configure:6049: checking sys/param.h presence
configure:6064: gcc -E  conftest.c
configure:6070: $? = 0
configure:6084: result: yes
configure:6112: checking for sys/param.h
configure:6120: result: yes
configure:6008: checking termio.h usability
configure:6025: gcc -c -g -O2  conftest.c >&5
configure:6031: $? = 0
configure:6045: result: yes
configure:6049: checking termio.h presence
configure:6064: gcc -E  conftest.c
configure:6070: $? = 0
configure:6084: result: yes
configure:6112: checking for termio.h
configure:6120: result: yes
configure:5998: checking for unistd.h
configure:6004: result: yes
configure:6008: checking stropt.h usability
configure:6025: gcc -c -g -O2  conftest.c >&5
conftest.c:72:20: fatal error: stropt.h: No such file or directory
compilation terminated.
configure:6031: $? = 1
configure: failed program was:
| /* confdefs.h.  */
| #define PACKAGE_NAME ""
| #define PACKAGE_TARNAME ""
| #define PACKAGE_VERSION ""
| #define PACKAGE_STRING ""
| #define PACKAGE_BUGREPORT ""
| #define PACKAGE "sn"
| #define VERSION "NG4.5"
| #define HAVE_LIBPTHREAD 1
| #define SN_ELIX 0
| #define PRODUCT_NAME "Source-Navigator"
| #define SUITE_NAME "Red Hat Embedded DevKit"
| #define HAVE_DIRENT_H 1
| #define STDC_HEADERS 1
| #define HAVE_SYS_WAIT_H 1
| #define HAVE_SYS_TYPES_H 1
| #define HAVE_SYS_STAT_H 1
| #define HAVE_STDLIB_H 1
| #define HAVE_STRING_H 1
| #define HAVE_MEMORY_H 1
| #define HAVE_STRINGS_H 1
| #define HAVE_INTTYPES_H 1
| #define HAVE_STDINT_H 1
| #define HAVE_UNISTD_H 1
| #define HAVE_FCNTL_H 1
| #define HAVE_LIMITS_H 1
| #define HAVE_MALLOC_H 1
| #define HAVE_NETINET_IN_H 1
| #define HAVE_SEARCH_H 1
| #define HAVE_STRINGS_H 1
| #define HAVE_SYS_IOCTL_H 1
| #define HAVE_SYS_TIME_H 1
| #define HAVE_SYS_TIMES_H 1
| #define HAVE_SYS_UTSNAME_H 1
| #define HAVE_SYS_PARAM_H 1
| #define HAVE_TERMIO_H 1
| #define HAVE_UNISTD_H 1
| /* end confdefs.h.  */
| #include <stdio.h>
| #ifdef HAVE_SYS_TYPES_H
| # include <sys/types.h>
| #endif
| #ifdef HAVE_SYS_STAT_H
| # include <sys/stat.h>
| #endif
| #ifdef STDC_HEADERS
| # include <stdlib.h>
| # include <stddef.h>
| #else
| # ifdef HAVE_STDLIB_H
| #  include <stdlib.h>
| # endif
| #endif
| #ifdef HAVE_STRING_H
| # if !defined STDC_HEADERS && defined HAVE_MEMORY_H
| #  include <memory.h>
| # endif
| # include <string.h>
| #endif
| #ifdef HAVE_STRINGS_H
| # include <strings.h>
| #endif
| #ifdef HAVE_INTTYPES_H
| # include <inttypes.h>
| #endif
| #ifdef HAVE_STDINT_H
| # include <stdint.h>
| #endif
| #ifdef HAVE_UNISTD_H
| # include <unistd.h>
| #endif
| #include <stropt.h>
configure:6045: result: no
configure:6049: checking stropt.h presence
configure:6064: gcc -E  conftest.c
conftest.c:39:20: fatal error: stropt.h: No such file or directory
compilation terminated.
configure:6070: $? = 1
configure: failed program was:
| /* confdefs.h.  */
| #define PACKAGE_NAME ""
| #define PACKAGE_TARNAME ""
| #define PACKAGE_VERSION ""
| #define PACKAGE_STRING ""
| #define PACKAGE_BUGREPORT ""
| #define PACKAGE "sn"
| #define VERSION "NG4.5"
| #define HAVE_LIBPTHREAD 1
| #define SN_ELIX 0
| #define PRODUCT_NAME "Source-Navigator"
| #define SUITE_NAME "Red Hat Embedded DevKit"
| #define HAVE_DIRENT_H 1
| #define STDC_HEADERS 1
| #define HAVE_SYS_WAIT_H 1
| #define HAVE_SYS_TYPES_H 1
| #define HAVE_SYS_STAT_H 1
| #define HAVE_STDLIB_H 1
| #define HAVE_STRING_H 1
| #define HAVE_MEMORY_H 1
| #define HAVE_STRINGS_H 1
| #define HAVE_INTTYPES_H 1
| #define HAVE_STDINT_H 1
| #define HAVE_UNISTD_H 1
| #define HAVE_FCNTL_H 1
| #define HAVE_LIMITS_H 1
| #define HAVE_MALLOC_H 1
| #define HAVE_NETINET_IN_H 1
| #define HAVE_SEARCH_H 1
| #define HAVE_STRINGS_H 1
| #define HAVE_SYS_IOCTL_H 1
| #define HAVE_SYS_TIME_H 1
| #define HAVE_SYS_TIMES_H 1
| #define HAVE_SYS_UTSNAME_H 1
| #define HAVE_SYS_PARAM_H 1
| #define HAVE_TERMIO_H 1
| #define HAVE_UNISTD_H 1
| /* end confdefs.h.  */
| #include <stropt.h>
configure:6084: result: no
configure:6112: checking for stropt.h
configure:6120: result: no
configure:6139: checking stdlib.h
configure:6199: result: yes
configure:6202: checking for an ANSI C-conforming const
configure:6277: gcc -c -g -O2  conftest.c >&5
configure:6283: $? = 0
configure:6298: result: yes
configure:6308: checking whether time.h and sys/time.h may both be included
configure:6338: gcc -c -g -O2  conftest.c >&5
configure:6344: $? = 0
configure:6359: result: yes
configure:6369: checking whether struct tm is in sys/time.h or time.h
configure:6399: gcc -c -g -O2  conftest.c >&5
configure:6405: $? = 0
configure:6420: result: time.h
configure:6432: checking for ssize_t
configure:6462: gcc -c -g -O2  conftest.c >&5
configure:6468: $? = 0
configure:6483: result: yes
configure:6493: checking for size_t
configure:6523: gcc -c -g -O2  conftest.c >&5
configure:6529: $? = 0
configure:6544: result: yes
configure:6554: checking for mode_t
configure:6584: gcc -c -g -O2  conftest.c >&5
configure:6590: $? = 0
configure:6605: result: yes
configure:6615: checking for off_t
configure:6645: gcc -c -g -O2  conftest.c >&5
configure:6651: $? = 0
configure:6666: result: yes
configure:6676: checking for pid_t
configure:6706: gcc -c -g -O2  conftest.c >&5
configure:6712: $? = 0
configure:6727: result: yes
configure:6737: checking for u_char
configure:6767: gcc -c -g -O2  conftest.c >&5
configure:6773: $? = 0
configure:6788: result: yes
configure:6806: checking for GNU libc
configure:6836: result: yes
configure:6868: checking for library containing sched_yield
configure:6909: gcc -o conftest -g -O2   conftest.c -lpthread  >&5
configure:6915: $? = 0
configure:6943: result: none required
configure:6953: checking for library containing fdatasync
configure:6994: gcc -o conftest -g -O2   conftest.c -lpthread  >&5
configure:7000: $? = 0
configure:7028: result: none required
configure:7039: checking for working alloca.h
configure:7066: gcc -o conftest -g -O2   conftest.c -lpthread  >&5
configure:7072: $? = 0
configure:7089: result: yes
configure:7099: checking for alloca
configure:7146: gcc -o conftest -g -O2   conftest.c -lpthread  >&5
configure:7152: $? = 0
configure:7169: result: yes
configure:7396: checking for working memcmp
configure:7449: gcc -o conftest -g -O2   conftest.c -lpthread  >&5
configure:7452: $? = 0
configure:7458: ./conftest
configure:7461: $? = 0
configure:7477: result: yes
configure:7546: checking whether setpgrp takes no argument
configure:7580: gcc -o conftest -g -O2   conftest.c -lpthread  >&5
conftest.c: In function 'main':
conftest.c:89:3: error: too many arguments to function 'setpgrp'
/usr/include/unistd.h:673:12: note: declared here
configure:7583: $? = 1
configure: program exited with status 1
configure: failed program was:
| /* confdefs.h.  */
| #define PACKAGE_NAME ""
| #define PACKAGE_TARNAME ""
| #define PACKAGE_VERSION ""
| #define PACKAGE_STRING ""
| #define PACKAGE_BUGREPORT ""
| #define PACKAGE "sn"
| #define VERSION "NG4.5"
| #define HAVE_LIBPTHREAD 1
| #define SN_ELIX 0
| #define PRODUCT_NAME "Source-Navigator"
| #define SUITE_NAME "Red Hat Embedded DevKit"
| #define HAVE_DIRENT_H 1
| #define STDC_HEADERS 1
| #define HAVE_SYS_WAIT_H 1
| #define HAVE_SYS_TYPES_H 1
| #define HAVE_SYS_STAT_H 1
| #define HAVE_STDLIB_H 1
| #define HAVE_STRING_H 1
| #define HAVE_MEMORY_H 1
| #define HAVE_STRINGS_H 1
| #define HAVE_INTTYPES_H 1
| #define HAVE_STDINT_H 1
| #define HAVE_UNISTD_H 1
| #define HAVE_FCNTL_H 1
| #define HAVE_LIMITS_H 1
| #define HAVE_MALLOC_H 1
| #define HAVE_NETINET_IN_H 1
| #define HAVE_SEARCH_H 1
| #define HAVE_STRINGS_H 1
| #define HAVE_SYS_IOCTL_H 1
| #define HAVE_SYS_TIME_H 1
| #define HAVE_SYS_TIMES_H 1
| #define HAVE_SYS_UTSNAME_H 1
| #define HAVE_SYS_PARAM_H 1
| #define HAVE_TERMIO_H 1
| #define HAVE_UNISTD_H 1
| #define TIME_WITH_SYS_TIME 1
| #define HAVE_SSIZE_T 1
| #define HAVE_SIZE_T 1
| #define HAVE_MODE_T 1
| #define HAVE_OFF_T 1
| #define HAVE_PID_T 1
| #define HAVE_U_CHAR 1
| #define HAVE_GLIBC
| #define HAVE_STRNCASECMP_DECL
| #define HAVE_ALLOCA_H 1
| #define HAVE_ALLOCA 1
| /* end confdefs.h.  */
| #include <stdio.h>
| #ifdef HAVE_SYS_TYPES_H
| # include <sys/types.h>
| #endif
| #ifdef HAVE_SYS_STAT_H
| # include <sys/stat.h>
| #endif
| #ifdef STDC_HEADERS
| # include <stdlib.h>
| # include <stddef.h>
| #else
| # ifdef HAVE_STDLIB_H
| #  include <stdlib.h>
| # endif
| #endif
| #ifdef HAVE_STRING_H
| # if !defined STDC_HEADERS && defined HAVE_MEMORY_H
| #  include <memory.h>
| # endif
| # include <string.h>
| #endif
| #ifdef HAVE_STRINGS_H
| # include <strings.h>
| #endif
| #ifdef HAVE_INTTYPES_H
| # include <inttypes.h>
| #endif
| #ifdef HAVE_STDINT_H
| # include <stdint.h>
| #endif
| #ifdef HAVE_UNISTD_H
| # include <unistd.h>
| #endif
| int
| main ()
| {
| /* If this system has a BSD-style setpgrp which takes arguments,
|   setpgrp(1, 1) will fail with ESRCH and return -1, in that case
|   exit successfully. */
|   return setpgrp (1,1) != -1;
|   ;
|   return 0;
| }
configure:7608: result: yes
configure:7623: checking for vprintf
configure:7679: gcc -o conftest -g -O2   conftest.c -lpthread  >&5
conftest.c:74:6: warning: conflicting types for built-in function 'vprintf' [enabled by default]
configure:7685: $? = 0
configure:7703: result: yes
configure:7710: checking for _doprnt
configure:7766: gcc -o conftest -g -O2   conftest.c -lpthread  >&5
/tmp/ccfAGQh8.o: In function `main':
/home/srk/srk/vimconfig/source_nav/sourcenavigator-NG4.5/snavigator/conftest.c:86: undefined reference to `_doprnt'
collect2: ld returned 1 exit status
configure:7772: $? = 1
configure: failed program was:
| /* confdefs.h.  */
| #define PACKAGE_NAME ""
| #define PACKAGE_TARNAME ""
| #define PACKAGE_VERSION ""
| #define PACKAGE_STRING ""
| #define PACKAGE_BUGREPORT ""
| #define PACKAGE "sn"
| #define VERSION "NG4.5"
| #define HAVE_LIBPTHREAD 1
| #define SN_ELIX 0
| #define PRODUCT_NAME "Source-Navigator"
| #define SUITE_NAME "Red Hat Embedded DevKit"
| #define HAVE_DIRENT_H 1
| #define STDC_HEADERS 1
| #define HAVE_SYS_WAIT_H 1
| #define HAVE_SYS_TYPES_H 1
| #define HAVE_SYS_STAT_H 1
| #define HAVE_STDLIB_H 1
| #define HAVE_STRING_H 1
| #define HAVE_MEMORY_H 1
| #define HAVE_STRINGS_H 1
| #define HAVE_INTTYPES_H 1
| #define HAVE_STDINT_H 1
| #define HAVE_UNISTD_H 1
| #define HAVE_FCNTL_H 1
| #define HAVE_LIMITS_H 1
| #define HAVE_MALLOC_H 1
| #define HAVE_NETINET_IN_H 1
| #define HAVE_SEARCH_H 1
| #define HAVE_STRINGS_H 1
| #define HAVE_SYS_IOCTL_H 1
| #define HAVE_SYS_TIME_H 1
| #define HAVE_SYS_TIMES_H 1
| #define HAVE_SYS_UTSNAME_H 1
| #define HAVE_SYS_PARAM_H 1
| #define HAVE_TERMIO_H 1
| #define HAVE_UNISTD_H 1
| #define TIME_WITH_SYS_TIME 1
| #define HAVE_SSIZE_T 1
| #define HAVE_SIZE_T 1
| #define HAVE_MODE_T 1
| #define HAVE_OFF_T 1
| #define HAVE_PID_T 1
| #define HAVE_U_CHAR 1
| #define HAVE_GLIBC
| #define HAVE_STRNCASECMP_DECL
| #define HAVE_ALLOCA_H 1
| #define HAVE_ALLOCA 1
| #define SETPGRP_VOID 1
| #define HAVE_VPRINTF 1
| /* end confdefs.h.  */
| /* Define _doprnt to an innocuous variant, in case <limits.h> declares _doprnt.
|    For example, HP-UX 11i <limits.h> declares gettimeofday.  */
| #define _doprnt innocuous__doprnt
| 
| /* System header to define __stub macros and hopefully few prototypes,
|     which can conflict with char _doprnt (); below.
|     Prefer <limits.h> to <assert.h> if __STDC__ is defined, since
|     <limits.h> exists even on freestanding compilers.  */
| 
| #ifdef __STDC__
| # include <limits.h>
| #else
| # include <assert.h>
| #endif
| 
| #undef _doprnt
| 
| /* Override any GCC internal prototype to avoid an error.
|    Use char because int might match the return type of a GCC
|    builtin and then its argument prototype would still apply.  */
| #ifdef __cplusplus
| extern "C"
| #endif
| char _doprnt ();
| /* The GNU C library defines this for functions which it implements
|     to always fail with ENOSYS.  Some functions are actually named
|     something starting with __ and the normal name is an alias.  */
| #if defined __stub__doprnt || defined __stub____doprnt
| choke me
| #endif
| 
| int
| main ()
| {
| return _doprnt ();
|   ;
|   return 0;
| }
configure:7789: result: no
configure:7803: checking for wait3 that fills in rusage
configure:7859: gcc -o conftest -g -O2   conftest.c -lpthread  >&5
configure:7862: $? = 0
configure:7868: ./conftest
configure:7871: $? = 0
configure:7887: result: yes
configure:7920: checking for getcwd
configure:7976: gcc -o conftest -g -O2   conftest.c -lpthread  >&5
configure:7982: $? = 0
configure:8000: result: yes
configure:7920: checking for getwd
configure:7976: gcc -o conftest -g -O2   conftest.c -lpthread  >&5
configure:7982: $? = 0
configure:8000: result: yes
configure:7920: checking for getopt
configure:7976: gcc -o conftest -g -O2   conftest.c -lpthread  >&5
configure:7982: $? = 0
configure:8000: result: yes
configure:7920: checking for grantpt
configure:7976: gcc -o conftest -g -O2   conftest.c -lpthread  >&5
configure:7982: $? = 0
configure:8000: result: yes
configure:7920: checking for mkdir
configure:7976: gcc -o conftest -g -O2   conftest.c -lpthread  >&5
configure:7982: $? = 0
configure:8000: result: yes
configure:7920: checking for ptsname
configure:7976: gcc -o conftest -g -O2   conftest.c -lpthread  >&5
configure:7982: $? = 0
configure:8000: result: yes
configure:7920: checking for putenv
configure:7976: gcc -o conftest -g -O2   conftest.c -lpthread  >&5
configure:7982: $? = 0
configure:8000: result: yes
configure:7920: checking for realpath
configure:7976: gcc -o conftest -g -O2   conftest.c -lpthread  >&5
configure:7982: $? = 0
configure:8000: result: yes
configure:7920: checking for regcomp
configure:7976: gcc -o conftest -g -O2   conftest.c -lpthread  >&5
configure:7982: $? = 0
configure:8000: result: yes
configure:7920: checking for rmdir
configure:7976: gcc -o conftest -g -O2   conftest.c -lpthread  >&5
configure:7982: $? = 0
configure:8000: result: yes
configure:7920: checking for select
configure:7976: gcc -o conftest -g -O2   conftest.c -lpthread  >&5
configure:7982: $? = 0
configure:8000: result: yes
configure:7920: checking for strcspn
configure:7976: gcc -o conftest -g -O2   conftest.c -lpthread  >&5
conftest.c:87:6: warning: conflicting types for built-in function 'strcspn' [enabled by default]
configure:7982: $? = 0
configure:8000: result: yes
configure:7920: checking for strdup
configure:7976: gcc -o conftest -g -O2   conftest.c -lpthread  >&5
conftest.c:88:6: warning: conflicting types for built-in function 'strdup' [enabled by default]
configure:7982: $? = 0
configure:8000: result: yes
configure:7920: checking for strspn
configure:7976: gcc -o conftest -g -O2   conftest.c -lpthread  >&5
conftest.c:89:6: warning: conflicting types for built-in function 'strspn' [enabled by default]
configure:7982: $? = 0
configure:8000: result: yes
configure:7920: checking for strstr
configure:7976: gcc -o conftest -g -O2   conftest.c -lpthread  >&5
conftest.c:90:6: warning: conflicting types for built-in function 'strstr' [enabled by default]
configure:7982: $? = 0
configure:8000: result: yes
configure:7920: checking for strtod
configure:7976: gcc -o conftest -g -O2   conftest.c -lpthread  >&5
configure:7982: $? = 0
configure:8000: result: yes
configure:7920: checking for strtol
configure:7976: gcc -o conftest -g -O2   conftest.c -lpthread  >&5
configure:7982: $? = 0
configure:8000: result: yes
configure:7920: checking for strtoul
configure:7976: gcc -o conftest -g -O2   conftest.c -lpthread  >&5
configure:7982: $? = 0
configure:8000: result: yes
configure:7920: checking for uname
configure:7976: gcc -o conftest -g -O2   conftest.c -lpthread  >&5
configure:7982: $? = 0
configure:8000: result: yes
configure:7920: checking for unlockpt
configure:7976: gcc -o conftest -g -O2   conftest.c -lpthread  >&5
configure:7982: $? = 0
configure:8000: result: yes
configure:8034: checking for random
configure:8090: gcc -o conftest -g -O2   conftest.c -lpthread  >&5
configure:8096: $? = 0
configure:8114: result: yes
configure:8174: checking for socket libraries
configure:8182: checking for connect
configure:8238: gcc -o conftest -g -O2   conftest.c -lpthread  >&5
configure:8244: $? = 0
configure:8261: result: yes
configure:8429: checking for gethostbyname
configure:8485: gcc -o conftest -g -O2   conftest.c -lpthread   >&5
configure:8491: $? = 0
configure:8508: result: yes
configure:8578: result: 
configure:8590: checking for gethostent
configure:8646: gcc -o conftest -g -O2   conftest.c -lpthread   >&5
configure:8652: $? = 0
configure:8670: result: yes
configure:8590: checking for gethostname
configure:8646: gcc -o conftest -g -O2   conftest.c -lpthread   >&5
configure:8652: $? = 0
configure:8670: result: yes
configure:8688: checking for int8_t
configure:8714: gcc -c -g -O2  conftest.c >&5
configure:8720: $? = 0
configure:8737: result: yes
configure:8688: checking for u_int8_t
configure:8714: gcc -c -g -O2  conftest.c >&5
configure:8720: $? = 0
configure:8737: result: yes
configure:8688: checking for int16_t
configure:8714: gcc -c -g -O2  conftest.c >&5
configure:8720: $? = 0
configure:8737: result: yes
configure:8688: checking for u_int16_t
configure:8714: gcc -c -g -O2  conftest.c >&5
configure:8720: $? = 0
configure:8737: result: yes
configure:8688: checking for int32_t
configure:8714: gcc -c -g -O2  conftest.c >&5
configure:8720: $? = 0
configure:8737: result: yes
configure:8688: checking for u_int32_t
configure:8714: gcc -c -g -O2  conftest.c >&5
configure:8720: $? = 0
configure:8737: result: yes
configure:8688: checking for int64_t
configure:8714: gcc -c -g -O2  conftest.c >&5
configure:8720: $? = 0
configure:8737: result: yes
configure:8688: checking for u_int64_t
configure:8714: gcc -c -g -O2  conftest.c >&5
configure:8720: $? = 0
configure:8737: result: yes
configure:8808: checking for Tcl configuration script
configure:8870: result: /home/srk/srk/vimconfig/source_nav/sourcenavigator-NG4.5/tcl/unix/tclConfig.sh
configure:8915: checking for Tk configuration script
configure:8978: result: /home/srk/srk/vimconfig/source_nav/sourcenavigator-NG4.5/tk/unix/tkConfig.sh
configure:9007: checking for Tcl headers in the source tree
configure:9196: result: /home/srk/srk/vimconfig/source_nav/sourcenavigator-NG4.5/tcl/generic
configure:9217: result: /home/srk/srk/vimconfig/source_nav/sourcenavigator-NG4.5/tcl/generic
configure:9241: checking for Tk headers in the source tree
configure:9296: result: /home/srk/srk/vimconfig/source_nav/sourcenavigator-NG4.5/tk/generic
configure:9317: result: found in /home/srk/srk/vimconfig/source_nav/sourcenavigator-NG4.5/tk/generic
configure:9341: checking for Tix configuration
configure:9404: result: found /home/srk/srk/vimconfig/source_nav/sourcenavigator-NG4.5/tix/tixConfig.sh
configure:9433: checking for Itcl configuration
configure:9496: result: found /home/srk/srk/vimconfig/source_nav/sourcenavigator-NG4.5/itcl/itcl/itclConfig.sh
configure:9531: checking for Itk configuration
configure:9594: result: found /home/srk/srk/vimconfig/source_nav/sourcenavigator-NG4.5/itcl/itk/itkConfig.sh
configure:9614: checking for init.tcl
configure:9628: result: /home/srk/srk/vimconfig/source_nav/sourcenavigator-NG4.5/tcl/library
configure:9634: checking for cygpath
configure:9662: result: echo
configure:9885: creating ./config.status

## ---------------------- ##
## Running config.status. ##
## ---------------------- ##

This file was extended by config.status, which was
generated by GNU Autoconf 2.61.  Invocation command line was

  CONFIG_FILES    = 
  CONFIG_HEADERS  = 
  CONFIG_LINKS    = 
  CONFIG_COMMANDS = 
  $ ./config.status 

on srk-Latitude-E5530-non-vPro

config.status:790: creating Makefile
config.status:790: creating gui/Makefile
config.status:790: creating hyper/Makefile
config.status:790: creating db/Makefile
config.status:790: creating packages/Makefile
config.status:790: creating parsers/Makefile
config.status:790: creating parsers/assembly/Makefile
config.status:790: creating parsers/chill/Makefile
config.status:790: creating parsers/cobol/Makefile
config.status:790: creating parsers/common/Makefile
config.status:790: creating parsers/cpp/Makefile
config.status:790: creating parsers/cpp/cpplib/Makefile
config.status:790: creating parsers/example/Makefile
config.status:790: creating parsers/fortran/Makefile
config.status:790: creating parsers/gcj/Makefile
config.status:790: creating parsers/java/Makefile
config.status:790: creating parsers/libjcreuse/Makefile
config.status:790: creating parsers/m4/Makefile
config.status:790: creating parsers/php/Makefile
config.status:790: creating parsers/python/Makefile
config.status:790: creating parsers/sendmail/Makefile
config.status:790: creating parsers/tcl/Makefile
config.status:790: creating parsers/toolbox/Makefile
config.status:790: creating bitmaps/Makefile
config.status:790: creating etc/Makefile
config.status:790: creating etc/english.txt
config.status:790: creating etc/french.txt
config.status:790: creating etc/german.txt
config.status:790: creating etc/sn_prop.cfg
config.status:790: creating etc/sn_toolchains/Makefile
config.status:790: creating snavigator/Makefile
config.status:790: creating misc/Makefile
config.status:790: creating misc/libutils/Makefile
config.status:790: creating sdk/Makefile
config.status:790: creating sdk/misc/Makefile
config.status:790: creating sdk/database/Makefile
config.status:790: creating snavigator/unix/Makefile
config.status:790: creating snavigator/unix/snscenario
config.status:790: creating snavigator/win/Makefile
config.status:790: creating demo/Makefile
config.status:790: creating doc/Makefile
config.status:790: creating doc/html/Makefile
config.status:790: creating config.h
config.status:1134: executing depfiles commands
configure:11349: === configuring in parsers/assembly/ppc601-eabi (/home/srk/srk/vimconfig/source_nav/sourcenavigator-NG4.5/snavigator/parsers/assembly/ppc601-eabi)
configure:11452: running /bin/bash ./configure '--prefix=/opt/sourcenav'  --cache-file=/dev/null --srcdir=.
configure:11349: === configuring in parsers/assembly/intel8085 (/home/srk/srk/vimconfig/source_nav/sourcenavigator-NG4.5/snavigator/parsers/assembly/intel8085)
configure:11452: running /bin/bash ./configure '--prefix=/opt/sourcenav'  --cache-file=/dev/null --srcdir=.

## ---------------- ##
## Cache variables. ##
## ---------------- ##

ac_cv_build=i686-pc-linux-gnu
ac_cv_c_compiler_gnu=yes
ac_cv_c_const=yes
ac_cv_c_itclconfig=/home/srk/srk/vimconfig/source_nav/sourcenavigator-NG4.5/itcl/itcl
ac_cv_c_itkconfig=/home/srk/srk/vimconfig/source_nav/sourcenavigator-NG4.5/itcl/itk
ac_cv_c_tcl_libdir=/home/srk/srk/vimconfig/source_nav/sourcenavigator-NG4.5/tcl/library
ac_cv_c_tclconfig=/home/srk/srk/vimconfig/source_nav/sourcenavigator-NG4.5/tcl/unix
ac_cv_c_tclh=/home/srk/srk/vimconfig/source_nav/sourcenavigator-NG4.5/tcl/generic
ac_cv_c_tixconfig=/home/srk/srk/vimconfig/source_nav/sourcenavigator-NG4.5/tix
ac_cv_c_tkconfig=/home/srk/srk/vimconfig/source_nav/sourcenavigator-NG4.5/tk/unix
ac_cv_c_tkh=/home/srk/srk/vimconfig/source_nav/sourcenavigator-NG4.5/tk/generic
ac_cv_env_CC_set=
ac_cv_env_CC_value=
ac_cv_env_CFLAGS_set=
ac_cv_env_CFLAGS_value=
ac_cv_env_CPPFLAGS_set=
ac_cv_env_CPPFLAGS_value=
ac_cv_env_CPP_set=
ac_cv_env_CPP_value=
ac_cv_env_LDFLAGS_set=
ac_cv_env_LDFLAGS_value=
ac_cv_env_LIBS_set=
ac_cv_env_LIBS_value=
ac_cv_env_build_alias_set=
ac_cv_env_build_alias_value=
ac_cv_env_host_alias_set=
ac_cv_env_host_alias_value=
ac_cv_env_target_alias_set=
ac_cv_env_target_alias_value=
ac_cv_func__doprnt=no
ac_cv_func_alloca_works=yes
ac_cv_func_connect=yes
ac_cv_func_getcwd=yes
ac_cv_func_gethostent=yes
ac_cv_func_gethostname=yes
ac_cv_func_getopt=yes
ac_cv_func_getwd=yes
ac_cv_func_grantpt=yes
ac_cv_func_memcmp_working=yes
ac_cv_func_mkdir=yes
ac_cv_func_ptsname=yes
ac_cv_func_putenv=yes
ac_cv_func_random=yes
ac_cv_func_realpath=yes
ac_cv_func_regcomp=yes
ac_cv_func_rmdir=yes
ac_cv_func_select=yes
ac_cv_func_setpgrp_void=yes
ac_cv_func_strcspn=yes
ac_cv_func_strdup=yes
ac_cv_func_strspn=yes
ac_cv_func_strstr=yes
ac_cv_func_strtod=yes
ac_cv_func_strtol=yes
ac_cv_func_strtoul=yes
ac_cv_func_uname=yes
ac_cv_func_unlockpt=yes
ac_cv_func_vprintf=yes
ac_cv_func_wait3_rusage=yes
ac_cv_header_dirent_dirent_h=yes
ac_cv_header_fcntl_h=yes
ac_cv_header_inttypes_h=yes
ac_cv_header_limits_h=yes
ac_cv_header_malloc_h=yes
ac_cv_header_memory_h=yes
ac_cv_header_netinet_in_h=yes
ac_cv_header_search_h=yes
ac_cv_header_stdc=yes
ac_cv_header_stdint_h=yes
ac_cv_header_stdlib_h=yes
ac_cv_header_string_h=yes
ac_cv_header_strings_h=yes
ac_cv_header_stropt_h=no
ac_cv_header_sys_in_h=no
ac_cv_header_sys_ioctl_h=yes
ac_cv_header_sys_param_h=yes
ac_cv_header_sys_stat_h=yes
ac_cv_header_sys_time_h=yes
ac_cv_header_sys_times_h=yes
ac_cv_header_sys_types_h=yes
ac_cv_header_sys_utsname_h=yes
ac_cv_header_sys_wait_h=yes
ac_cv_header_termio_h=yes
ac_cv_header_time=yes
ac_cv_header_unistd_h=yes
ac_cv_host=i686-pc-linux-gnu
ac_cv_lib_pthread_pthread_create=yes
ac_cv_objext=o
ac_cv_path_EGREP='/bin/grep -E'
ac_cv_path_GREP=/bin/grep
ac_cv_path_TAR=/bin/tar
ac_cv_path_install='/usr/bin/install -c'
ac_cv_path_mkdir=/bin/mkdir
ac_cv_prog_AWK=mawk
ac_cv_prog_CPP='gcc -E'
ac_cv_prog_CYGPATH=echo
ac_cv_prog_ac_ct_CC=gcc
ac_cv_prog_ac_ct_RANLIB=ranlib
ac_cv_prog_cc_c89=
ac_cv_prog_cc_g=yes
ac_cv_prog_make_make_set=yes
ac_cv_search_fdatasync='none required'
ac_cv_search_opendir='none required'
ac_cv_search_sched_yield='none required'
ac_cv_struct_tm=time.h
ac_cv_type_mode_t=yes
ac_cv_type_off_t=yes
ac_cv_type_pid_t=yes
ac_cv_type_size_t=yes
ac_cv_type_ssize_t=yes
ac_cv_type_u_char=yes
ac_cv_working_alloca_h=yes
am_cv_CC_dependencies_compiler_type=gcc3
db_cv_int16_t=yes
db_cv_int32_t=yes
db_cv_int64_t=yes
db_cv_int8_t=yes
db_cv_u_int16_t=yes
db_cv_u_int32_t=yes
db_cv_u_int64_t=yes
db_cv_u_int8_t=yes
ide_cv_os_cygwin32=no
sn_cv_lib_glibc=yes
sn_cv_os_mingw32=no
sn_cv_os_msvc=no
tcl_cv_lib_sockets=

## ----------------- ##
## Output variables. ##
## ----------------- ##

ACLOCAL='${SHELL} /home/srk/srk/vimconfig/source_nav/sourcenavigator-NG4.5/missing --run aclocal-1.10'
ALLOCA=''
AMDEPBACKSLASH='\'
AMDEP_FALSE='#'
AMDEP_TRUE=''
AMTAR='${SHELL} /home/srk/srk/vimconfig/source_nav/sourcenavigator-NG4.5/missing --run tar'
ASM_DEMO=''
ASSEMBLER_DIRS='ppc601-eabi intel8085'
AUTOCONF='${SHELL} /home/srk/srk/vimconfig/source_nav/sourcenavigator-NG4.5/missing --run autoconf'
AUTOHEADER='${SHELL} /home/srk/srk/vimconfig/source_nav/sourcenavigator-NG4.5/missing --run autoheader'
AUTOMAKE='${SHELL} /home/srk/srk/vimconfig/source_nav/sourcenavigator-NG4.5/missing --run automake-1.10'
AWK='mawk'
BUG_ADDRESS='support@cygnus.com'
CC='gcc'
CCDEPMODE='depmode=gcc3'
CC_FOR_BUILD='$(CC)'
CFLAGS='-g -O2'
COB_DEMO=''
CPP='gcc -E'
CPPFLAGS=''
CROSS_COMPILING_FALSE=''
CROSS_COMPILING_TRUE='#'
CYGPATH='echo'
CYGPATH_W='echo'
C_DEMO=''
DB_INCDIR='$(top_srcdir)/../db4/PORT'
DB_LIBDIR='$(top_builddir)/../db4/PORT'
DEFS='-DHAVE_CONFIG_H'
DEPDIR='.deps'
ECHO_C=''
ECHO_N='-n'
ECHO_T=''
EGREP='/bin/grep -E'
EXEEXT=''
FOR_DEMO=''
GETTING_STARTED_DIR=''
GETTING_STARTED_INDEX=''
GETTING_STARTED_NAME=''
GREP='/bin/grep'
HAVE_GETOPT_FALSE='#'
HAVE_GETOPT_TRUE=''
HAVE_REALPATH_FALSE='#'
HAVE_REALPATH_TRUE=''
HYPER_CFLAGS=''
HYPER_MAIN=''
INSTALL_DATA='${INSTALL} -m 644'
INSTALL_PROGRAM='${INSTALL}'
INSTALL_SCRIPT='${INSTALL}'
INSTALL_STRIP_PROGRAM='$(install_sh) -c -s'
ITCL_BUILD_LIB_SPEC='-L/home/srk/srk/vimconfig/source_nav/sourcenavigator-NG4.5/itcl/itcl -litcl3.2'
ITCL_LIB_FILE='libitcl3.2.a'
ITCL_LIB_FULL_PATH='/home/srk/srk/vimconfig/source_nav/sourcenavigator-NG4.5/itcl/itcl/libitcl3.2.a'
ITCL_SH='NONE'
ITK_BUILD_LIB_SPEC='-L/home/srk/srk/vimconfig/source_nav/sourcenavigator-NG4.5/itcl/itk -litk3.2'
ITK_LIB_FILE='libitk3.2.a'
ITK_LIB_FULL_PATH='/home/srk/srk/vimconfig/source_nav/sourcenavigator-NG4.5/itcl/itk/libitk3.2.a'
JAVAEXE='jbrowser'
JAVA_PARSER=''
JAV_DEMO=''
LDFLAGS=''
LEX='flex'
LEXLIB='-lfl'
LIBOBJS=''
LIBS='-lpthread '
LTLIBOBJS=''
MAINT='#'
MAINTAINER_MODE_FALSE=''
MAINTAINER_MODE_TRUE='#'
MAKEINFO='${SHELL} /home/srk/srk/vimconfig/source_nav/sourcenavigator-NG4.5/missing --run makeinfo'
MONOP_DEMO=''
MSVC_FALSE=''
MSVC_TRUE='#'
OBJEXT='o'
OLDTARFLAG='o'
PACKAGE='sn'
PACKAGE_BUGREPORT=''
PACKAGE_NAME=''
PACKAGE_STRING=''
PACKAGE_TARNAME=''
PACKAGE_VERSION=''
PATH_SEPARATOR=':'
PRODUCT_NAME='Source-Navigator'
PROGRAMMERS_REFERENCE_DIR='progref'
PROGRAMMERS_REFERENCE_INDEX='index_pr.html'
PROGRAMMERS_REFERENCE_NAME='Programmer'\''s Reference Guide'
RANLIB='ranlib'
SDK_DIR='sdk'
SENDMAIL_PARSER='sendmail'
SET_MAKE=''
SHELL='/bin/bash'
SNEDK_FALSE=''
SNEDK_TRUE='#'
SN_BOOKS='userguide progref'
SN_DOCSET=''
SN_GUI_DIR='/home/srk/srk/vimconfig/source_nav/sourcenavigator-NG4.5/snavigator/gui'
SN_LAUNCH_SHELL='snavigator'
SN_PLATFORM_DIR='unix'
SN_SDK_EXEC_PREFIX='${prefix}/share/sdk'
SOCKLIB=''
SPLASHFILE='splashsn.gif'
STRIP=''
SUITE_NAME='Red Hat Embedded DevKit'
TAR='/bin/tar'
TCLCONFIG='/home/srk/srk/vimconfig/source_nav/sourcenavigator-NG4.5/tcl/unix/tclConfig.sh'
TCLHDIR='-I/home/srk/srk/vimconfig/source_nav/sourcenavigator-NG4.5/tcl/generic'
TCL_BIN_DIR=''
TCL_BUILD_LIB_SPEC='-L/home/srk/srk/vimconfig/source_nav/sourcenavigator-NG4.5/tcl/unix -ltcl8.3'
TCL_CFLAGS='-g -O2'
TCL_DBGX=''
TCL_DEFS='-DPACKAGE_NAME=\"\" -DPACKAGE_TARNAME=\"\" -DPACKAGE_VERSION=\"\" -DPACKAGE_STRING=\"\" -DPACKAGE_BUGREPORT=\"\" -DSTDC_HEADERS=1 -DHAVE_SYS_TYPES_H=1 -DHAVE_SYS_STAT_H=1 -DHAVE_STDLIB_H=1 -DHAVE_STRING_H=1 -DHAVE_MEMORY_H=1 -DHAVE_STRINGS_H=1 -DHAVE_INTTYPES_H=1 -DHAVE_STDINT_H=1 -DHAVE_UNISTD_H=1 -DHAVE_UNISTD_H=1 -DHAVE_LIMITS_H=1 -DHAVE_GETCWD=1 -DHAVE_OPENDIR=1 -DHAVE_STRSTR=1 -DHAVE_STRTOL=1 -DHAVE_TMPNAM=1 -DHAVE_WAITPID=1 -DHAVE_UNISTD_H=1 -DHAVE_SYS_PARAM_H=1 -DHAVE_SYS_TIME_H=1 -DTIME_WITH_SYS_TIME=1 -DHAVE_STRUCT_TM_TM_ZONE=1 -DHAVE_TM_ZONE=1 -DHAVE_TM_GMTOFF=1 -DHAVE_TIMEZONE_VAR=1 -DHAVE_TIMEZONE_DECL=1 -DHAVE_STRUCT_STAT_ST_BLKSIZE=1 -DNEED_MATHERR=1 -DRETSIGTYPE=void -DHAVE_SIGNED_CHAR=1 -DHAVE_SYS_IOCTL_H=1 -DSTATIC_BUILD=1'
TCL_LD_FLAGS='-rdynamic'
TCL_LD_SEARCH_FLAGS='-Wl,-rpath,${LIB_RUNTIME_DIR}'
TCL_LIBRARY='/home/srk/srk/vimconfig/source_nav/sourcenavigator-NG4.5/tcl/library'
TCL_LIBS='-ldl  -lieee -lm'
TCL_LIB_FILE='libtcl8.3.a'
TCL_LIB_FULL_PATH='/home/srk/srk/vimconfig/source_nav/sourcenavigator-NG4.5/tcl/unix/libtcl8.3.a'
TCL_LIB_SPEC='-L/opt/sourcenav/lib -ltcl8.3'
TCL_RANLIB='ranlib'
TCL_SHLIB_CFLAGS='-fPIC'
TCL_SHLIB_LD='gcc -pipe -shared'
TIX_BUILD_LIB_SPEC='-L/home/srk/srk/vimconfig/source_nav/sourcenavigator-NG4.5/tix/unix/tk8.3 -ltix4.1.8.1'
TKCONFIG='/home/srk/srk/vimconfig/source_nav/sourcenavigator-NG4.5/tk/unix/tkConfig.sh'
TKHDIR='-I/home/srk/srk/vimconfig/source_nav/sourcenavigator-NG4.5/tk/generic'
TK_BUILD_INCLUDES='-I/home/srk/srk/vimconfig/source_nav/sourcenavigator-NG4.5/tk/generic'
TK_BUILD_LIB_SPEC='-L/home/srk/srk/vimconfig/source_nav/sourcenavigator-NG4.5/tk/unix -ltk8.3'
TK_DBGX=''
TK_DEFS='-DPACKAGE_NAME=\"\" -DPACKAGE_TARNAME=\"\" -DPACKAGE_VERSION=\"\" -DPACKAGE_STRING=\"\" -DPACKAGE_BUGREPORT=\"\" -DSTDC_HEADERS=1 -DHAVE_SYS_TYPES_H=1 -DHAVE_SYS_STAT_H=1 -DHAVE_STDLIB_H=1 -DHAVE_STRING_H=1 -DHAVE_MEMORY_H=1 -DHAVE_STRINGS_H=1 -DHAVE_INTTYPES_H=1 -DHAVE_STDINT_H=1 -DHAVE_UNISTD_H=1 -DHAVE_UNISTD_H=1 -DHAVE_LIMITS_H=1 -DHAVE_SYS_TIME_H=1 -DTIME_WITH_SYS_TIME=1 -DHAVE_PW_GECOS=1 -DSTATIC_BUILD=1'
TK_LIBS='-lX11 -ldl  -lieee -lm'
TK_LIB_FILE='libtk8.3.a'
TK_LIB_FULL_PATH=''
TK_LIB_SPEC='-L/opt/sourcenav/lib -ltk8.3${TCL_DBGX}'
TK_VERSION='8.3'
TK_XINCLUDES='# no special path needed'
TK_XLIBSW='-lX11'
USING_GNUPRO_DIR=''
USING_GNUPRO_INDEX=''
USING_GNUPRO_NAME=''
VERSION='NG4.5'
WIN32LDAPP=''
WIN32LIBS=''
WINDOWS_FALSE=''
WINDOWS_TRUE='#'
WINDRES=''
WINFLAGS=''
X11ICON='paf.xbm'
YACC='bison -y'
ac_ct_CC='gcc'
am__fastdepCC_FALSE='#'
am__fastdepCC_TRUE=''
am__include='include'
am__isrc=''
am__leading_dot='.'
am__quote=''
am__tar='${AMTAR} chof - "$$tardir"'
am__untar='${AMTAR} xf -'
bindir='${exec_prefix}/bin'
build='i686-pc-linux-gnu'
build_alias=''
build_cpu='i686'
build_os='linux-gnu'
build_vendor='pc'
datadir='${datarootdir}'
datarootdir='${prefix}/share'
docdir='${datarootdir}/doc/${PACKAGE}'
dvidir='${docdir}'
exec_prefix='${prefix}'
host='i686-pc-linux-gnu'
host_alias=''
host_cpu='i686'
host_os='linux-gnu'
host_vendor='pc'
htmldir='${docdir}'
includedir='${prefix}/include'
infodir='${datarootdir}/info'
install_sh='$(SHELL) /home/srk/srk/vimconfig/source_nav/sourcenavigator-NG4.5/install-sh'
libdir='${exec_prefix}/lib'
libexecdir='${exec_prefix}/libexec/snavigator'
localedir='${datarootdir}/locale'
localstatedir='${prefix}/var'
mandir='${datarootdir}/man'
mkdir_p='/bin/mkdir -p'
oldincludedir='/usr/include'
pdfdir='${docdir}'
prefix='/opt/sourcenav'
program_transform_name='s,x,x,'
psdir='${docdir}'
sbindir='${exec_prefix}/sbin'
sharedstatedir='${prefix}/com'
subdirs=' parsers/assembly/ppc601-eabi parsers/assembly/intel8085'
sysconfdir='${prefix}/etc'
target_alias=''

## ----------- ##
## confdefs.h. ##
## ----------- ##

#define PACKAGE_NAME ""
#define PACKAGE_TARNAME ""
#define PACKAGE_VERSION ""
#define PACKAGE_STRING ""
#define PACKAGE_BUGREPORT ""
#define PACKAGE "sn"
#define VERSION "NG4.5"
#define HAVE_LIBPTHREAD 1
#define SN_ELIX 0
#define PRODUCT_NAME "Source-Navigator"
#define SUITE_NAME "Red Hat Embedded DevKit"
#define HAVE_DIRENT_H 1
#define STDC_HEADERS 1
#define HAVE_SYS_WAIT_H 1
#define HAVE_SYS_TYPES_H 1
#define HAVE_SYS_STAT_H 1
#define HAVE_STDLIB_H 1
#define HAVE_STRING_H 1
#define HAVE_MEMORY_H 1
#define HAVE_STRINGS_H 1
#define HAVE_INTTYPES_H 1
#define HAVE_STDINT_H 1
#define HAVE_UNISTD_H 1
#define HAVE_FCNTL_H 1
#define HAVE_LIMITS_H 1
#define HAVE_MALLOC_H 1
#define HAVE_NETINET_IN_H 1
#define HAVE_SEARCH_H 1
#define HAVE_STRINGS_H 1
#define HAVE_SYS_IOCTL_H 1
#define HAVE_SYS_TIME_H 1
#define HAVE_SYS_TIMES_H 1
#define HAVE_SYS_UTSNAME_H 1
#define HAVE_SYS_PARAM_H 1
#define HAVE_TERMIO_H 1
#define HAVE_UNISTD_H 1
#define TIME_WITH_SYS_TIME 1
#define HAVE_SSIZE_T 1
#define HAVE_SIZE_T 1
#define HAVE_MODE_T 1
#define HAVE_OFF_T 1
#define HAVE_PID_T 1
#define HAVE_U_CHAR 1
#define HAVE_GLIBC
#define HAVE_STRNCASECMP_DECL
#define HAVE_ALLOCA_H 1
#define HAVE_ALLOCA 1
#define SETPGRP_VOID 1
#define HAVE_VPRINTF 1
#define HAVE_WAIT3 1
#define HAVE_GETCWD 1
#define HAVE_GETWD 1
#define HAVE_GETOPT 1
#define HAVE_GRANTPT 1
#define HAVE_MKDIR 1
#define HAVE_PTSNAME 1
#define HAVE_PUTENV 1
#define HAVE_REALPATH 1
#define HAVE_REGCOMP 1
#define HAVE_RMDIR 1
#define HAVE_SELECT 1
#define HAVE_STRCSPN 1
#define HAVE_STRDUP 1
#define HAVE_STRSPN 1
#define HAVE_STRSTR 1
#define HAVE_STRTOD 1
#define HAVE_STRTOL 1
#define HAVE_STRTOUL 1
#define HAVE_UNAME 1
#define HAVE_UNLOCKPT 1
#define HAVE_RANDOM 1
#define HAVE_GETHOSTENT 1
#define HAVE_GETHOSTNAME 1
#define HAVE_INT8_T
#define HAVE_UINT8_T
#define HAVE_INT16_T
#define HAVE_UINT16_T
#define HAVE_INT32_T
#define HAVE_UINT32_T
#define HAVE_INT64_T
#define HAVE_UINT64_T

configure: exit 0
