This file contains any messages produced by compilers while
running configure, to aid debugging if configure makes a mistake.

It was created by configure, which was
generated by GNU Autoconf 2.61.  Invocation command line was

  $ ./configure --prefix=/opt/sourcenav --cache-file=/dev/null --srcdir=.

## --------- ##
## Platform. ##
## --------- ##

hostname = srk-Latitude-E5530-non-vPro
uname -m = i686
uname -r = 3.2.0-45-generic
uname -s = Linux
uname -v = #70-Ubuntu SMP Wed May 29 20:11:31 UTC 2013

/usr/bin/uname -p = unknown
/bin/uname -X     = unknown

/bin/arch              = unknown
/usr/bin/arch -k       = unknown
/usr/convex/getsysinfo = unknown
/usr/bin/hostinfo      = unknown
/bin/machine           = unknown
/usr/bin/oslevel       = unknown
/bin/universe          = unknown

PATH: /usr/local/sbin
PATH: /usr/local/bin
PATH: /usr/sbin
PATH: /usr/bin
PATH: /sbin
PATH: /bin


## ----------- ##
## Core tests. ##
## ----------- ##

configure:1762: checking for a BSD-compatible install
configure:1818: result: /usr/bin/install -c
configure:1829: checking whether make sets $(MAKE)
configure:1850: result: yes
configure:1881: checking for Tcl configuration script
configure:1946: result: /home/srk/srk/vimconfig/source_nav/sourcenavigator-NG4.5/tcl/unix/tclConfig.sh
configure:1991: checking for Tk configuration script
configure:2054: result: /home/srk/srk/vimconfig/source_nav/sourcenavigator-NG4.5/tk/unix/tkConfig.sh
configure:2128: checking for gcc
configure:2144: found /usr/bin/gcc
configure:2155: result: gcc
configure:2393: checking for C compiler version
configure:2400: gcc --version >&5
gcc (Ubuntu/Linaro 4.6.3-1ubuntu5) 4.6.3
Copyright (C) 2011 Free Software Foundation, Inc.
This is free software; see the source for copying conditions.  There is NO
warranty; not even for MERCHANTABILITY or FITNESS FOR A PARTICULAR PURPOSE.

configure:2403: $? = 0
configure:2410: gcc -v >&5
Using built-in specs.
COLLECT_GCC=gcc
COLLECT_LTO_WRAPPER=/usr/lib/gcc/i686-linux-gnu/4.6/lto-wrapper
Target: i686-linux-gnu
Configured with: ../src/configure -v --with-pkgversion='Ubuntu/Linaro 4.6.3-1ubuntu5' --with-bugurl=file:///usr/share/doc/gcc-4.6/README.Bugs --enable-languages=c,c++,fortran,objc,obj-c++ --prefix=/usr --program-suffix=-4.6 --enable-shared --enable-linker-build-id --with-system-zlib --libexecdir=/usr/lib --without-included-gettext --enable-threads=posix --with-gxx-include-dir=/usr/include/c++/4.6 --libdir=/usr/lib --enable-nls --with-sysroot=/ --enable-clocale=gnu --enable-libstdcxx-debug --enable-libstdcxx-time=yes --enable-gnu-unique-object --enable-plugin --enable-objc-gc --enable-targets=all --disable-werror --with-arch-32=i686 --with-tune=generic --enable-checking=release --build=i686-linux-gnu --host=i686-linux-gnu --target=i686-linux-gnu
Thread model: posix
gcc version 4.6.3 (Ubuntu/Linaro 4.6.3-1ubuntu5) 
configure:2413: $? = 0
configure:2420: gcc -V >&5
gcc: error: unrecognized option '-V'
gcc: fatal error: no input files
compilation terminated.
configure:2423: $? = 4
configure:2446: checking for C compiler default output file name
configure:2473: gcc    conftest.c  >&5
configure:2476: $? = 0
configure:2514: result: a.out
configure:2531: checking whether the C compiler works
configure:2541: ./a.out
configure:2544: $? = 0
configure:2561: result: yes
configure:2568: checking whether we are cross compiling
configure:2570: result: no
configure:2573: checking for suffix of executables
configure:2580: gcc -o conftest    conftest.c  >&5
configure:2583: $? = 0
configure:2607: result: 
configure:2613: checking for suffix of object files
configure:2639: gcc -c   conftest.c >&5
configure:2642: $? = 0
configure:2665: result: o
configure:2669: checking whether we are using the GNU C compiler
configure:2698: gcc -c   conftest.c >&5
configure:2704: $? = 0
configure:2721: result: yes
configure:2726: checking whether gcc accepts -g
configure:2756: gcc -c -g  conftest.c >&5
configure:2762: $? = 0
configure:2861: result: yes
configure:2878: checking for gcc option to accept ISO C89
configure:2952: gcc  -c -g -O2  conftest.c >&5
configure:2958: $? = 0
configure:2981: result: none needed
configure:3005: checking how to run the C preprocessor
configure:3045: gcc -E  conftest.c
configure:3051: $? = 0
configure:3082: gcc -E  conftest.c
conftest.c:8:28: fatal error: ac_nonexistent.h: No such file or directory
compilation terminated.
configure:3088: $? = 1
configure: failed program was:
| /* confdefs.h.  */
| #define PACKAGE_NAME ""
| #define PACKAGE_TARNAME ""
| #define PACKAGE_VERSION ""
| #define PACKAGE_STRING ""
| #define PACKAGE_BUGREPORT ""
| /* end confdefs.h.  */
| #include <ac_nonexistent.h>
configure:3121: result: gcc -E
configure:3150: gcc -E  conftest.c
configure:3156: $? = 0
configure:3187: gcc -E  conftest.c
conftest.c:8:28: fatal error: ac_nonexistent.h: No such file or directory
compilation terminated.
configure:3193: $? = 1
configure: failed program was:
| /* confdefs.h.  */
| #define PACKAGE_NAME ""
| #define PACKAGE_TARNAME ""
| #define PACKAGE_VERSION ""
| #define PACKAGE_STRING ""
| #define PACKAGE_BUGREPORT ""
| /* end confdefs.h.  */
| #include <ac_nonexistent.h>
configure:3231: checking for grep that handles long lines and -e
configure:3305: result: /bin/grep
configure:3310: checking for egrep
configure:3388: result: /bin/grep -E
configure:3393: checking for ANSI C header files
configure:3423: gcc -c -g -O2  conftest.c >&5
configure:3429: $? = 0
configure:3528: gcc -o conftest -g -O2   conftest.c  >&5
configure:3531: $? = 0
configure:3537: ./conftest
configure:3540: $? = 0
configure:3557: result: yes
configure:3581: checking for sys/types.h
configure:3602: gcc -c -g -O2  conftest.c >&5
configure:3608: $? = 0
configure:3624: result: yes
configure:3581: checking for sys/stat.h
configure:3602: gcc -c -g -O2  conftest.c >&5
configure:3608: $? = 0
configure:3624: result: yes
configure:3581: checking for stdlib.h
configure:3602: gcc -c -g -O2  conftest.c >&5
configure:3608: $? = 0
configure:3624: result: yes
configure:3581: checking for string.h
configure:3602: gcc -c -g -O2  conftest.c >&5
configure:3608: $? = 0
configure:3624: result: yes
configure:3581: checking for memory.h
configure:3602: gcc -c -g -O2  conftest.c >&5
configure:3608: $? = 0
configure:3624: result: yes
configure:3581: checking for strings.h
configure:3602: gcc -c -g -O2  conftest.c >&5
configure:3608: $? = 0
configure:3624: result: yes
configure:3581: checking for inttypes.h
configure:3602: gcc -c -g -O2  conftest.c >&5
configure:3608: $? = 0
configure:3624: result: yes
configure:3581: checking for stdint.h
configure:3602: gcc -c -g -O2  conftest.c >&5
configure:3608: $? = 0
configure:3624: result: yes
configure:3581: checking for unistd.h
configure:3602: gcc -c -g -O2  conftest.c >&5
configure:3608: $? = 0
configure:3624: result: yes
configure:3639: checking for Tcl headers in the source tree
configure:3831: result: /home/srk/srk/vimconfig/source_nav/sourcenavigator-NG4.5/tcl/generic
configure:3852: result: /home/srk/srk/vimconfig/source_nav/sourcenavigator-NG4.5/tcl/generic
configure:3877: checking for Tk headers in the source tree
configure:3932: result: /home/srk/srk/vimconfig/source_nav/sourcenavigator-NG4.5/tk/generic
configure:3953: result: found in /home/srk/srk/vimconfig/source_nav/sourcenavigator-NG4.5/tk/generic
configure:4101: creating ./config.status

## ---------------------- ##
## Running config.status. ##
## ---------------------- ##

This file was extended by config.status, which was
generated by GNU Autoconf 2.61.  Invocation command line was

  CONFIG_FILES    = 
  CONFIG_HEADERS  = 
  CONFIG_LINKS    = 
  CONFIG_COMMANDS = 
  $ ./config.status 

on srk-Latitude-E5530-non-vPro

config.status:611: creating Makefile
configure:5082: === configuring in tk8.3 (/home/srk/srk/vimconfig/source_nav/sourcenavigator-NG4.5/tix/unix/tk8.3)
configure:5185: running /bin/bash ./configure '--prefix=/opt/sourcenav'  --cache-file=/dev/null --srcdir=.

## ---------------- ##
## Cache variables. ##
## ---------------- ##

ac_cv_c_compiler_gnu=yes
ac_cv_c_tclconfig=/home/srk/srk/vimconfig/source_nav/sourcenavigator-NG4.5/tcl/unix
ac_cv_c_tclh=/home/srk/srk/vimconfig/source_nav/sourcenavigator-NG4.5/tcl/generic
ac_cv_c_tkconfig=/home/srk/srk/vimconfig/source_nav/sourcenavigator-NG4.5/tk/unix
ac_cv_c_tkh=/home/srk/srk/vimconfig/source_nav/sourcenavigator-NG4.5/tk/generic
ac_cv_env_CC_set=
ac_cv_env_CC_value=
ac_cv_env_CFLAGS_set=
ac_cv_env_CFLAGS_value=
ac_cv_env_CPPFLAGS_set=
ac_cv_env_CPPFLAGS_value=
ac_cv_env_CPP_set=
ac_cv_env_CPP_value=
ac_cv_env_LDFLAGS_set=
ac_cv_env_LDFLAGS_value=
ac_cv_env_LIBS_set=
ac_cv_env_LIBS_value=
ac_cv_env_build_alias_set=
ac_cv_env_build_alias_value=
ac_cv_env_host_alias_set=
ac_cv_env_host_alias_value=
ac_cv_env_target_alias_set=
ac_cv_env_target_alias_value=
ac_cv_header_inttypes_h=yes
ac_cv_header_memory_h=yes
ac_cv_header_stdc=yes
ac_cv_header_stdint_h=yes
ac_cv_header_stdlib_h=yes
ac_cv_header_string_h=yes
ac_cv_header_strings_h=yes
ac_cv_header_sys_stat_h=yes
ac_cv_header_sys_types_h=yes
ac_cv_header_unistd_h=yes
ac_cv_objext=o
ac_cv_path_EGREP='/bin/grep -E'
ac_cv_path_GREP=/bin/grep
ac_cv_path_install='/usr/bin/install -c'
ac_cv_prog_CPP='gcc -E'
ac_cv_prog_ac_ct_CC=gcc
ac_cv_prog_cc_c89=
ac_cv_prog_cc_g=yes
ac_cv_prog_make_make_set=yes

## ----------------- ##
## Output variables. ##
## ----------------- ##

CC='gcc'
CFLAGS='-g -O2'
CPP='gcc -E'
CPPFLAGS=''
DEFS='-DPACKAGE_NAME=\"\" -DPACKAGE_TARNAME=\"\" -DPACKAGE_VERSION=\"\" -DPACKAGE_STRING=\"\" -DPACKAGE_BUGREPORT=\"\" -DSTDC_HEADERS=1 -DHAVE_SYS_TYPES_H=1 -DHAVE_SYS_STAT_H=1 -DHAVE_STDLIB_H=1 -DHAVE_STRING_H=1 -DHAVE_MEMORY_H=1 -DHAVE_STRINGS_H=1 -DHAVE_INTTYPES_H=1 -DHAVE_STDINT_H=1 -DHAVE_UNISTD_H=1'
ECHO_C=''
ECHO_N='-n'
ECHO_T=''
EGREP='/bin/grep -E'
EXEEXT=''
GREP='/bin/grep'
INSTALL_DATA='${INSTALL} -m 644'
INSTALL_PROGRAM='${INSTALL}'
INSTALL_SCRIPT='${INSTALL}'
LDFLAGS=''
LIBOBJS=''
LIBS=''
LTLIBOBJS=''
OBJEXT='o'
PACKAGE_BUGREPORT=''
PACKAGE_NAME=''
PACKAGE_STRING=''
PACKAGE_TARNAME=''
PACKAGE_VERSION=''
PATH_SEPARATOR=':'
SET_MAKE=''
SHELL='/bin/bash'
SRC_DIR='/home/srk/srk/vimconfig/source_nav/sourcenavigator-NG4.5/tix'
SUBDIR='tk8.3'
TCLCONFIG='/home/srk/srk/vimconfig/source_nav/sourcenavigator-NG4.5/tcl/unix/tclConfig.sh'
TCLHDIR='-I/home/srk/srk/vimconfig/source_nav/sourcenavigator-NG4.5/tcl/generic'
TCL_BIN_DIR=''
TCL_BUILD_LIB_SPEC='-L/home/srk/srk/vimconfig/source_nav/sourcenavigator-NG4.5/tcl/unix -ltcl8.3'
TCL_CFLAGS='-g -O2'
TCL_DBGX=''
TCL_DEFS='-DPACKAGE_NAME=\"\" -DPACKAGE_TARNAME=\"\" -DPACKAGE_VERSION=\"\" -DPACKAGE_STRING=\"\" -DPACKAGE_BUGREPORT=\"\" -DSTDC_HEADERS=1 -DHAVE_SYS_TYPES_H=1 -DHAVE_SYS_STAT_H=1 -DHAVE_STDLIB_H=1 -DHAVE_STRING_H=1 -DHAVE_MEMORY_H=1 -DHAVE_STRINGS_H=1 -DHAVE_INTTYPES_H=1 -DHAVE_STDINT_H=1 -DHAVE_UNISTD_H=1 -DHAVE_UNISTD_H=1 -DHAVE_LIMITS_H=1 -DHAVE_GETCWD=1 -DHAVE_OPENDIR=1 -DHAVE_STRSTR=1 -DHAVE_STRTOL=1 -DHAVE_TMPNAM=1 -DHAVE_WAITPID=1 -DHAVE_UNISTD_H=1 -DHAVE_SYS_PARAM_H=1 -DHAVE_SYS_TIME_H=1 -DTIME_WITH_SYS_TIME=1 -DHAVE_STRUCT_TM_TM_ZONE=1 -DHAVE_TM_ZONE=1 -DHAVE_TM_GMTOFF=1 -DHAVE_TIMEZONE_VAR=1 -DHAVE_TIMEZONE_DECL=1 -DHAVE_STRUCT_STAT_ST_BLKSIZE=1 -DNEED_MATHERR=1 -DRETSIGTYPE=void -DHAVE_SIGNED_CHAR=1 -DHAVE_SYS_IOCTL_H=1 -DSTATIC_BUILD=1'
TCL_LD_FLAGS='-rdynamic'
TCL_LD_SEARCH_FLAGS='-Wl,-rpath,${LIB_RUNTIME_DIR}'
TCL_LIBS='-ldl  -lieee -lm'
TCL_LIB_FILE='libtcl8.3.a'
TCL_LIB_FULL_PATH='/home/srk/srk/vimconfig/source_nav/sourcenavigator-NG4.5/tcl/unix/libtcl8.3.a'
TCL_LIB_SPEC='-L/opt/sourcenav/lib -ltcl8.3'
TCL_RANLIB='ranlib'
TCL_SHLIB_CFLAGS='-fPIC'
TCL_SHLIB_LD='gcc -pipe -shared'
TIX_VERSION='4.1'
TKCONFIG='/home/srk/srk/vimconfig/source_nav/sourcenavigator-NG4.5/tk/unix/tkConfig.sh'
TKHDIR='-I/home/srk/srk/vimconfig/source_nav/sourcenavigator-NG4.5/tk/generic'
TK_BUILD_INCLUDES='-I/home/srk/srk/vimconfig/source_nav/sourcenavigator-NG4.5/tk/generic'
TK_BUILD_LIB_SPEC='-L/home/srk/srk/vimconfig/source_nav/sourcenavigator-NG4.5/tk/unix -ltk8.3'
TK_DEFS='-DPACKAGE_NAME=\"\" -DPACKAGE_TARNAME=\"\" -DPACKAGE_VERSION=\"\" -DPACKAGE_STRING=\"\" -DPACKAGE_BUGREPORT=\"\" -DSTDC_HEADERS=1 -DHAVE_SYS_TYPES_H=1 -DHAVE_SYS_STAT_H=1 -DHAVE_STDLIB_H=1 -DHAVE_STRING_H=1 -DHAVE_MEMORY_H=1 -DHAVE_STRINGS_H=1 -DHAVE_INTTYPES_H=1 -DHAVE_STDINT_H=1 -DHAVE_UNISTD_H=1 -DHAVE_UNISTD_H=1 -DHAVE_LIMITS_H=1 -DHAVE_SYS_TIME_H=1 -DTIME_WITH_SYS_TIME=1 -DHAVE_PW_GECOS=1 -DSTATIC_BUILD=1'
TK_LIBS='-lX11 -ldl  -lieee -lm'
TK_LIB_FILE='libtk8.3.a'
TK_LIB_FULL_PATH=''
TK_LIB_SPEC='-L/opt/sourcenav/lib -ltk8.3${TCL_DBGX}'
TK_VERSION='8.3'
TK_XINCLUDES='# no special path needed'
TK_XLIBSW='-lX11'
ac_ct_CC='gcc'
bindir='${exec_prefix}/bin'
build_alias=''
datadir='${datarootdir}'
datarootdir='${prefix}/share'
docdir='${datarootdir}/doc/${PACKAGE}'
dvidir='${docdir}'
exec_prefix='${prefix}'
host_alias=''
htmldir='${docdir}'
includedir='${prefix}/include'
infodir='${datarootdir}/info'
libdir='${exec_prefix}/lib'
libexecdir='${exec_prefix}/libexec'
localedir='${datarootdir}/locale'
localstatedir='${prefix}/var'
mandir='${datarootdir}/man'
oldincludedir='/usr/include'
pdfdir='${docdir}'
prefix='/opt/sourcenav'
program_transform_name='s,x,x,'
psdir='${docdir}'
sbindir='${exec_prefix}/sbin'
sharedstatedir='${prefix}/com'
subdirs=' tk8.3'
sysconfdir='${prefix}/etc'
target_alias=''

## ----------- ##
## confdefs.h. ##
## ----------- ##

#define PACKAGE_NAME ""
#define PACKAGE_TARNAME ""
#define PACKAGE_VERSION ""
#define PACKAGE_STRING ""
#define PACKAGE_BUGREPORT ""
#define STDC_HEADERS 1
#define HAVE_SYS_TYPES_H 1
#define HAVE_SYS_STAT_H 1
#define HAVE_STDLIB_H 1
#define HAVE_STRING_H 1
#define HAVE_MEMORY_H 1
#define HAVE_STRINGS_H 1
#define HAVE_INTTYPES_H 1
#define HAVE_STDINT_H 1
#define HAVE_UNISTD_H 1

configure: exit 0
