This file contains any messages produced by compilers while
running configure, to aid debugging if configure makes a mistake.

It was created by configure, which was
generated by GNU Autoconf 2.61.  Invocation command line was

  $ ./configure --prefix=/opt/sourcenav --cache-file=/dev/null --srcdir=.

## --------- ##
## Platform. ##
## --------- ##

hostname = srk-Latitude-E5530-non-vPro
uname -m = i686
uname -r = 3.2.0-45-generic
uname -s = Linux
uname -v = #70-Ubuntu SMP Wed May 29 20:11:31 UTC 2013

/usr/bin/uname -p = unknown
/bin/uname -X     = unknown

/bin/arch              = unknown
/usr/bin/arch -k       = unknown
/usr/convex/getsysinfo = unknown
/usr/bin/hostinfo      = unknown
/bin/machine           = unknown
/usr/bin/oslevel       = unknown
/bin/universe          = unknown

PATH: /usr/local/sbin
PATH: /usr/local/bin
PATH: /usr/sbin
PATH: /usr/bin
PATH: /sbin
PATH: /bin


## ----------- ##
## Core tests. ##
## ----------- ##

configure:1814: checking for gcc
configure:1830: found /usr/bin/gcc
configure:1841: result: gcc
configure:2079: checking for C compiler version
configure:2086: gcc --version >&5
gcc (Ubuntu/Linaro 4.6.3-1ubuntu5) 4.6.3
Copyright (C) 2011 Free Software Foundation, Inc.
This is free software; see the source for copying conditions.  There is NO
warranty; not even for MERCHANTABILITY or FITNESS FOR A PARTICULAR PURPOSE.

configure:2089: $? = 0
configure:2096: gcc -v >&5
Using built-in specs.
COLLECT_GCC=gcc
COLLECT_LTO_WRAPPER=/usr/lib/gcc/i686-linux-gnu/4.6/lto-wrapper
Target: i686-linux-gnu
Configured with: ../src/configure -v --with-pkgversion='Ubuntu/Linaro 4.6.3-1ubuntu5' --with-bugurl=file:///usr/share/doc/gcc-4.6/README.Bugs --enable-languages=c,c++,fortran,objc,obj-c++ --prefix=/usr --program-suffix=-4.6 --enable-shared --enable-linker-build-id --with-system-zlib --libexecdir=/usr/lib --without-included-gettext --enable-threads=posix --with-gxx-include-dir=/usr/include/c++/4.6 --libdir=/usr/lib --enable-nls --with-sysroot=/ --enable-clocale=gnu --enable-libstdcxx-debug --enable-libstdcxx-time=yes --enable-gnu-unique-object --enable-plugin --enable-objc-gc --enable-targets=all --disable-werror --with-arch-32=i686 --with-tune=generic --enable-checking=release --build=i686-linux-gnu --host=i686-linux-gnu --target=i686-linux-gnu
Thread model: posix
gcc version 4.6.3 (Ubuntu/Linaro 4.6.3-1ubuntu5) 
configure:2099: $? = 0
configure:2106: gcc -V >&5
gcc: error: unrecognized option '-V'
gcc: fatal error: no input files
compilation terminated.
configure:2109: $? = 4
configure:2132: checking for C compiler default output file name
configure:2159: gcc    conftest.c  >&5
configure:2162: $? = 0
configure:2200: result: a.out
configure:2217: checking whether the C compiler works
configure:2227: ./a.out
configure:2230: $? = 0
configure:2247: result: yes
configure:2254: checking whether we are cross compiling
configure:2256: result: no
configure:2259: checking for suffix of executables
configure:2266: gcc -o conftest    conftest.c  >&5
configure:2269: $? = 0
configure:2293: result: 
configure:2299: checking for suffix of object files
configure:2325: gcc -c   conftest.c >&5
configure:2328: $? = 0
configure:2351: result: o
configure:2355: checking whether we are using the GNU C compiler
configure:2384: gcc -c   conftest.c >&5
configure:2390: $? = 0
configure:2407: result: yes
configure:2412: checking whether gcc accepts -g
configure:2442: gcc -c -g  conftest.c >&5
configure:2448: $? = 0
configure:2547: result: yes
configure:2564: checking for gcc option to accept ISO C89
configure:2638: gcc  -c -g -O2  conftest.c >&5
configure:2644: $? = 0
configure:2667: result: none needed
configure:2728: checking for ranlib
configure:2744: found /usr/bin/ranlib
configure:2755: result: ranlib
configure:2788: checking how to run the C preprocessor
configure:2828: gcc -E  conftest.c
configure:2834: $? = 0
configure:2865: gcc -E  conftest.c
conftest.c:8:28: fatal error: ac_nonexistent.h: No such file or directory
compilation terminated.
configure:2871: $? = 1
configure: failed program was:
| /* confdefs.h.  */
| #define PACKAGE_NAME ""
| #define PACKAGE_TARNAME ""
| #define PACKAGE_VERSION ""
| #define PACKAGE_STRING ""
| #define PACKAGE_BUGREPORT ""
| /* end confdefs.h.  */
| #include <ac_nonexistent.h>
configure:2904: result: gcc -E
configure:2933: gcc -E  conftest.c
configure:2939: $? = 0
configure:2970: gcc -E  conftest.c
conftest.c:8:28: fatal error: ac_nonexistent.h: No such file or directory
compilation terminated.
configure:2976: $? = 1
configure: failed program was:
| /* confdefs.h.  */
| #define PACKAGE_NAME ""
| #define PACKAGE_TARNAME ""
| #define PACKAGE_VERSION ""
| #define PACKAGE_STRING ""
| #define PACKAGE_BUGREPORT ""
| /* end confdefs.h.  */
| #include <ac_nonexistent.h>
configure:3014: checking for grep that handles long lines and -e
configure:3088: result: /bin/grep
configure:3093: checking for egrep
configure:3171: result: /bin/grep -E
configure:3176: checking for ANSI C header files
configure:3206: gcc -c -g -O2  conftest.c >&5
configure:3212: $? = 0
configure:3311: gcc -o conftest -g -O2   conftest.c  >&5
configure:3314: $? = 0
configure:3320: ./conftest
configure:3323: $? = 0
configure:3340: result: yes
configure:3364: checking for sys/types.h
configure:3385: gcc -c -g -O2  conftest.c >&5
configure:3391: $? = 0
configure:3407: result: yes
configure:3364: checking for sys/stat.h
configure:3385: gcc -c -g -O2  conftest.c >&5
configure:3391: $? = 0
configure:3407: result: yes
configure:3364: checking for stdlib.h
configure:3385: gcc -c -g -O2  conftest.c >&5
configure:3391: $? = 0
configure:3407: result: yes
configure:3364: checking for string.h
configure:3385: gcc -c -g -O2  conftest.c >&5
configure:3391: $? = 0
configure:3407: result: yes
configure:3364: checking for memory.h
configure:3385: gcc -c -g -O2  conftest.c >&5
configure:3391: $? = 0
configure:3407: result: yes
configure:3364: checking for strings.h
configure:3385: gcc -c -g -O2  conftest.c >&5
configure:3391: $? = 0
configure:3407: result: yes
configure:3364: checking for inttypes.h
configure:3385: gcc -c -g -O2  conftest.c >&5
configure:3391: $? = 0
configure:3407: result: yes
configure:3364: checking for stdint.h
configure:3385: gcc -c -g -O2  conftest.c >&5
configure:3391: $? = 0
configure:3407: result: yes
configure:3364: checking for unistd.h
configure:3385: gcc -c -g -O2  conftest.c >&5
configure:3391: $? = 0
configure:3407: result: yes
configure:3425: checking for unistd.h
configure:3431: result: yes
configure:3435: checking limits.h usability
configure:3452: gcc -c -g -O2  conftest.c >&5
configure:3458: $? = 0
configure:3472: result: yes
configure:3476: checking limits.h presence
configure:3491: gcc -E  conftest.c
configure:3497: $? = 0
configure:3511: result: yes
configure:3539: checking for limits.h
configure:3547: result: yes
configure:3609: checking for a BSD-compatible install
configure:3665: result: /usr/bin/install -c
configure:3689: checking to see if this is LynxOS
configure:3787: result: no
configure:3797: checking for building with threads
configure:4214: result: no (default)
configure:4226: checking if the compiler understands -pipe
configure:4251: gcc -pipe -c -g -O2  conftest.c >&5
configure:4257: $? = 0
configure:4262: result: yes
configure:4287: checking for getcwd
configure:4343: gcc -pipe -o conftest -g -O2   conftest.c  >&5
configure:4349: $? = 0
configure:4367: result: yes
configure:4390: checking for opendir
configure:4446: gcc -pipe -o conftest -g -O2   conftest.c  >&5
configure:4452: $? = 0
configure:4470: result: yes
configure:4390: checking for strstr
configure:4446: gcc -pipe -o conftest -g -O2   conftest.c  >&5
conftest.c:45:6: warning: conflicting types for built-in function 'strstr' [enabled by default]
configure:4452: $? = 0
configure:4470: result: yes
configure:4495: checking for strtol
configure:4551: gcc -pipe -o conftest -g -O2   conftest.c  >&5
configure:4557: $? = 0
configure:4575: result: yes
configure:4495: checking for tmpnam
configure:4551: gcc -pipe -o conftest -g -O2   conftest.c  >&5
configure:4557: $? = 0
configure:4575: result: yes
configure:4495: checking for waitpid
configure:4551: gcc -pipe -o conftest -g -O2   conftest.c  >&5
configure:4557: $? = 0
configure:4575: result: yes
configure:4593: checking for strerror
configure:4649: gcc -pipe -o conftest -g -O2   conftest.c  >&5
configure:4655: $? = 0
configure:4672: result: yes
configure:4683: checking for getwd
configure:4739: gcc -pipe -o conftest -g -O2   conftest.c  >&5
configure:4745: $? = 0
configure:4762: result: yes
configure:4773: checking for wait3
configure:4829: gcc -pipe -o conftest -g -O2   conftest.c  >&5
configure:4835: $? = 0
configure:4852: result: yes
configure:4863: checking for uname
configure:4919: gcc -pipe -o conftest -g -O2   conftest.c  >&5
configure:4925: $? = 0
configure:4942: result: yes
configure:4953: checking for realpath
configure:5009: gcc -pipe -o conftest -g -O2   conftest.c  >&5
configure:5015: $? = 0
configure:5032: result: yes
configure:5055: checking dirent.h
configure:5097: gcc -pipe -o conftest -g -O2   conftest.c  >&5
configure:5103: $? = 0
configure:5127: result: yes
configure:5139: checking errno.h usability
configure:5156: gcc -pipe -c -g -O2  conftest.c >&5
configure:5162: $? = 0
configure:5176: result: yes
configure:5180: checking errno.h presence
configure:5195: gcc -E  conftest.c
configure:5201: $? = 0
configure:5215: result: yes
configure:5243: checking for errno.h
configure:5250: result: yes
configure:5274: checking float.h usability
configure:5291: gcc -pipe -c -g -O2  conftest.c >&5
configure:5297: $? = 0
configure:5311: result: yes
configure:5315: checking float.h presence
configure:5330: gcc -E  conftest.c
configure:5336: $? = 0
configure:5350: result: yes
configure:5378: checking for float.h
configure:5385: result: yes
configure:5409: checking values.h usability
configure:5426: gcc -pipe -c -g -O2  conftest.c >&5
configure:5432: $? = 0
configure:5446: result: yes
configure:5450: checking values.h presence
configure:5465: gcc -E  conftest.c
configure:5471: $? = 0
configure:5485: result: yes
configure:5513: checking for values.h
configure:5520: result: yes
configure:5535: checking for limits.h
configure:5540: result: yes
configure:5670: checking for stdlib.h
configure:5675: result: yes
configure:5859: checking for string.h
configure:5864: result: yes
configure:6045: checking sys/wait.h usability
configure:6062: gcc -pipe -c -g -O2  conftest.c >&5
configure:6068: $? = 0
configure:6082: result: yes
configure:6086: checking sys/wait.h presence
configure:6101: gcc -E  conftest.c
configure:6107: $? = 0
configure:6121: result: yes
configure:6149: checking for sys/wait.h
configure:6156: result: yes
configure:6180: checking dlfcn.h usability
configure:6197: gcc -pipe -c -g -O2  conftest.c >&5
configure:6203: $? = 0
configure:6217: result: yes
configure:6221: checking dlfcn.h presence
configure:6236: gcc -E  conftest.c
configure:6242: $? = 0
configure:6256: result: yes
configure:6284: checking for dlfcn.h
configure:6291: result: yes
configure:6314: checking for unistd.h
configure:6320: result: yes
configure:6324: checking sys/param.h usability
configure:6341: gcc -pipe -c -g -O2  conftest.c >&5
configure:6347: $? = 0
configure:6361: result: yes
configure:6365: checking sys/param.h presence
configure:6380: gcc -E  conftest.c
configure:6386: $? = 0
configure:6400: result: yes
configure:6428: checking for sys/param.h
configure:6436: result: yes
configure:6459: checking termios vs. termio vs. sgtty
configure:6491: gcc -pipe -o conftest -g -O2   conftest.c  >&5
configure:6494: $? = 0
configure:6500: ./conftest
configure:6503: $? = 1
configure: program exited with status 1
configure: failed program was:
| /* confdefs.h.  */
| #define PACKAGE_NAME ""
| #define PACKAGE_TARNAME ""
| #define PACKAGE_VERSION ""
| #define PACKAGE_STRING ""
| #define PACKAGE_BUGREPORT ""
| #define STDC_HEADERS 1
| #define HAVE_SYS_TYPES_H 1
| #define HAVE_SYS_STAT_H 1
| #define HAVE_STDLIB_H 1
| #define HAVE_STRING_H 1
| #define HAVE_MEMORY_H 1
| #define HAVE_STRINGS_H 1
| #define HAVE_INTTYPES_H 1
| #define HAVE_STDINT_H 1
| #define HAVE_UNISTD_H 1
| #define HAVE_UNISTD_H 1
| #define HAVE_LIMITS_H 1
| #define HAVE_GETCWD 1
| #define HAVE_OPENDIR 1
| #define HAVE_STRSTR 1
| #define HAVE_STRTOL 1
| #define HAVE_TMPNAM 1
| #define HAVE_WAITPID 1
| #define HAVE_UNISTD_H 1
| #define HAVE_SYS_PARAM_H 1
| /* end confdefs.h.  */
| 
| #include <termios.h>
| 
| main()
| {
|     struct termios t;
|     if (tcgetattr(0, &t) == 0) {
| 	cfsetospeed(&t, 0);
| 	t.c_cflag |= PARENB | PARODD | CSIZE | CSTOPB;
| 	return 0;
|     }
|     return 1;
| }
configure:6553: gcc -pipe -o conftest -g -O2   conftest.c  >&5
configure:6556: $? = 0
configure:6562: ./conftest
configure:6565: $? = 1
configure: program exited with status 1
configure: failed program was:
| /* confdefs.h.  */
| #define PACKAGE_NAME ""
| #define PACKAGE_TARNAME ""
| #define PACKAGE_VERSION ""
| #define PACKAGE_STRING ""
| #define PACKAGE_BUGREPORT ""
| #define STDC_HEADERS 1
| #define HAVE_SYS_TYPES_H 1
| #define HAVE_SYS_STAT_H 1
| #define HAVE_STDLIB_H 1
| #define HAVE_STRING_H 1
| #define HAVE_MEMORY_H 1
| #define HAVE_STRINGS_H 1
| #define HAVE_INTTYPES_H 1
| #define HAVE_STDINT_H 1
| #define HAVE_UNISTD_H 1
| #define HAVE_UNISTD_H 1
| #define HAVE_LIMITS_H 1
| #define HAVE_GETCWD 1
| #define HAVE_OPENDIR 1
| #define HAVE_STRSTR 1
| #define HAVE_STRTOL 1
| #define HAVE_TMPNAM 1
| #define HAVE_WAITPID 1
| #define HAVE_UNISTD_H 1
| #define HAVE_SYS_PARAM_H 1
| /* end confdefs.h.  */
| 
| #include <termio.h>
| 
| main()
| {
|     struct termio t;
|     if (ioctl(0, TCGETA, &t) == 0) {
| 	t.c_cflag |= CBAUD | PARENB | PARODD | CSIZE | CSTOPB;
| 	return 0;
|     }
|     return 1;
|     }
configure:6616: gcc -pipe -o conftest -g -O2   conftest.c  >&5
conftest.c: In function 'main':
conftest.c:33:19: error: storage size of 't' isn't known
conftest.c:34:18: error: 'TIOCGETP' undeclared (first use in this function)
conftest.c:34:18: note: each undeclared identifier is reported only once for each function it appears in
conftest.c:36:16: error: 'ODDP' undeclared (first use in this function)
conftest.c:36:23: error: 'EVENP' undeclared (first use in this function)
conftest.c:36:31: error: 'RAW' undeclared (first use in this function)
configure:6619: $? = 1
configure: program exited with status 1
configure: failed program was:
| /* confdefs.h.  */
| #define PACKAGE_NAME ""
| #define PACKAGE_TARNAME ""
| #define PACKAGE_VERSION ""
| #define PACKAGE_STRING ""
| #define PACKAGE_BUGREPORT ""
| #define STDC_HEADERS 1
| #define HAVE_SYS_TYPES_H 1
| #define HAVE_SYS_STAT_H 1
| #define HAVE_STDLIB_H 1
| #define HAVE_STRING_H 1
| #define HAVE_MEMORY_H 1
| #define HAVE_STRINGS_H 1
| #define HAVE_INTTYPES_H 1
| #define HAVE_STDINT_H 1
| #define HAVE_UNISTD_H 1
| #define HAVE_UNISTD_H 1
| #define HAVE_LIMITS_H 1
| #define HAVE_GETCWD 1
| #define HAVE_OPENDIR 1
| #define HAVE_STRSTR 1
| #define HAVE_STRTOL 1
| #define HAVE_TMPNAM 1
| #define HAVE_WAITPID 1
| #define HAVE_UNISTD_H 1
| #define HAVE_SYS_PARAM_H 1
| /* end confdefs.h.  */
| 
| #include <sgtty.h>
| 
| main()
| {
|     struct sgttyb t;
|     if (ioctl(0, TIOCGETP, &t) == 0) {
| 	t.sg_ospeed = 0;
| 	t.sg_flags |= ODDP | EVENP | RAW;
| 	return 0;
|     }
|     return 1;
| }
configure:6651: result: none
configure:6665: checking fd_set and sys/select
configure:6688: gcc -pipe -c -g -O2  conftest.c >&5
configure:6694: $? = 0
configure:6731: result: yes
configure:6744: checking whether struct tm is in sys/time.h or time.h
configure:6774: gcc -pipe -c -g -O2  conftest.c >&5
configure:6780: $? = 0
configure:6795: result: time.h
configure:6821: checking sys/time.h usability
configure:6838: gcc -pipe -c -g -O2  conftest.c >&5
configure:6844: $? = 0
configure:6858: result: yes
configure:6862: checking sys/time.h presence
configure:6877: gcc -E  conftest.c
configure:6883: $? = 0
configure:6897: result: yes
configure:6925: checking for sys/time.h
configure:6933: result: yes
configure:6946: checking whether time.h and sys/time.h may both be included
configure:6976: gcc -pipe -c -g -O2  conftest.c >&5
configure:6982: $? = 0
configure:6997: result: yes
configure:7007: checking for struct tm.tm_zone
configure:7038: gcc -pipe -c -g -O2  conftest.c >&5
configure:7044: $? = 0
configure:7104: result: yes
configure:7256: checking tm_tzadj in struct tm
configure:7279: gcc -pipe -c -g -O2  conftest.c >&5
conftest.c: In function 'main':
conftest.c:36:17: error: 'struct tm' has no member named 'tm_tzadj'
configure:7285: $? = 1
configure: failed program was:
| /* confdefs.h.  */
| #define PACKAGE_NAME ""
| #define PACKAGE_TARNAME ""
| #define PACKAGE_VERSION ""
| #define PACKAGE_STRING ""
| #define PACKAGE_BUGREPORT ""
| #define STDC_HEADERS 1
| #define HAVE_SYS_TYPES_H 1
| #define HAVE_SYS_STAT_H 1
| #define HAVE_STDLIB_H 1
| #define HAVE_STRING_H 1
| #define HAVE_MEMORY_H 1
| #define HAVE_STRINGS_H 1
| #define HAVE_INTTYPES_H 1
| #define HAVE_STDINT_H 1
| #define HAVE_UNISTD_H 1
| #define HAVE_UNISTD_H 1
| #define HAVE_LIMITS_H 1
| #define HAVE_GETCWD 1
| #define HAVE_OPENDIR 1
| #define HAVE_STRSTR 1
| #define HAVE_STRTOL 1
| #define HAVE_TMPNAM 1
| #define HAVE_WAITPID 1
| #define HAVE_UNISTD_H 1
| #define HAVE_SYS_PARAM_H 1
| #define HAVE_SYS_TIME_H 1
| #define TIME_WITH_SYS_TIME 1
| #define HAVE_STRUCT_TM_TM_ZONE 1
| #define HAVE_TM_ZONE 1
| /* end confdefs.h.  */
| #include <time.h>
| int
| main ()
| {
| struct tm tm; tm.tm_tzadj;
|   ;
|   return 0;
| }
configure:7300: result: no
configure:7306: checking tm_gmtoff in struct tm
configure:7329: gcc -pipe -c -g -O2  conftest.c >&5
configure:7335: $? = 0
configure:7344: result: yes
configure:7361: checking long timezone variable
configure:7386: gcc -pipe -c -g -O2  conftest.c >&5
conftest.c: In function 'main':
conftest.c:39:6: warning: incompatible implicit declaration of built-in function 'exit' [enabled by default]
configure:7392: $? = 0
configure:7402: result: yes
configure:7477: checking for timezone declaration
configure:7498: result: found
configure:7594: checking for struct stat.st_blksize
configure:7622: gcc -pipe -c -g -O2  conftest.c >&5
configure:7628: $? = 0
configure:7685: result: yes
configure:7697: checking for fstatfs
configure:7753: gcc -pipe -o conftest -g -O2   conftest.c  >&5
configure:7759: $? = 0
configure:7776: result: yes
configure:7792: checking for working memcmp
configure:7845: gcc -pipe -o conftest -g -O2   conftest.c  >&5
configure:7848: $? = 0
configure:7854: ./conftest
configure:7857: $? = 0
configure:7873: result: yes
configure:7888: checking for memmove
configure:7944: gcc -pipe -o conftest -g -O2   conftest.c  >&5
conftest.c:59:6: warning: conflicting types for built-in function 'memmove' [enabled by default]
configure:7950: $? = 0
configure:7967: result: yes
configure:7987: checking proper strstr implementation
configure:8012: gcc -pipe -o conftest -g -O2   conftest.c  >&5
conftest.c:37:12: warning: conflicting types for built-in function 'strstr' [enabled by default]
conftest.c: In function 'main':
conftest.c:40:5: warning: incompatible implicit declaration of built-in function 'exit' [enabled by default]
configure:8015: $? = 0
configure:8021: ./conftest
configure:8024: $? = 0
configure:8040: result: yes
configure:8054: checking for strtoul
configure:8110: gcc -pipe -o conftest -g -O2   conftest.c  >&5
configure:8116: $? = 0
configure:8133: result: yes
configure:8170: gcc -pipe -o conftest -g -O2   conftest.c  >&5
conftest.c: In function 'main':
conftest.c:45:9: warning: incompatible implicit declaration of built-in function 'exit' [enabled by default]
conftest.c:47:5: warning: incompatible implicit declaration of built-in function 'exit' [enabled by default]
configure:8173: $? = 0
configure:8179: ./conftest
configure:8182: $? = 0
configure:8207: checking for strtod
configure:8263: gcc -pipe -o conftest -g -O2   conftest.c  >&5
configure:8269: $? = 0
configure:8286: result: yes
configure:8323: gcc -pipe -o conftest -g -O2   conftest.c  >&5
conftest.c: In function 'main':
conftest.c:45:2: warning: incompatible implicit declaration of built-in function 'exit' [enabled by default]
conftest.c:47:5: warning: incompatible implicit declaration of built-in function 'exit' [enabled by default]
configure:8326: $? = 0
configure:8332: ./conftest
configure:8335: $? = 0
configure:8363: checking for strtod
configure:8442: result: yes
configure:8451: checking for Solaris2.4/Tru64 strtod bugs
configure:8486: gcc -pipe -o conftest -g -O2   conftest.c  >&5
conftest.c: In function 'main':
conftest.c:45:7: warning: incompatible implicit declaration of built-in function 'exit' [enabled by default]
conftest.c:49:7: warning: incompatible implicit declaration of built-in function 'exit' [enabled by default]
conftest.c:51:3: warning: incompatible implicit declaration of built-in function 'exit' [enabled by default]
configure:8489: $? = 0
configure:8495: ./conftest
configure:8498: $? = 0
configure:8514: result: ok
configure:8533: checking for mode_t
configure:8563: gcc -pipe -c -g -O2  conftest.c >&5
configure:8569: $? = 0
configure:8584: result: yes
configure:8596: checking for pid_t
configure:8626: gcc -pipe -c -g -O2  conftest.c >&5
configure:8632: $? = 0
configure:8647: result: yes
configure:8659: checking for size_t
configure:8689: gcc -pipe -c -g -O2  conftest.c >&5
configure:8695: $? = 0
configure:8710: result: yes
configure:8722: checking for uid_t in sys/types.h
configure:8745: result: yes
configure:8768: checking for opendir
configure:8847: result: yes
configure:8867: checking union wait
configure:8895: gcc -pipe -o conftest -g -O2   conftest.c  >&5
configure:8901: $? = 0
configure:8917: result: yes
configure:8931: checking matherr support
configure:8958: gcc -pipe -c -g -O2  conftest.c >&5
configure:8964: $? = 0
configure:8978: result: yes
configure:8995: checking return type of signal handlers
configure:9023: gcc -pipe -c -g -O2  conftest.c >&5
conftest.c: In function 'main':
conftest.c:43:1: error: void value not ignored as it ought to be
configure:9029: $? = 1
configure: failed program was:
| /* confdefs.h.  */
| #define PACKAGE_NAME ""
| #define PACKAGE_TARNAME ""
| #define PACKAGE_VERSION ""
| #define PACKAGE_STRING ""
| #define PACKAGE_BUGREPORT ""
| #define STDC_HEADERS 1
| #define HAVE_SYS_TYPES_H 1
| #define HAVE_SYS_STAT_H 1
| #define HAVE_STDLIB_H 1
| #define HAVE_STRING_H 1
| #define HAVE_MEMORY_H 1
| #define HAVE_STRINGS_H 1
| #define HAVE_INTTYPES_H 1
| #define HAVE_STDINT_H 1
| #define HAVE_UNISTD_H 1
| #define HAVE_UNISTD_H 1
| #define HAVE_LIMITS_H 1
| #define HAVE_GETCWD 1
| #define HAVE_OPENDIR 1
| #define HAVE_STRSTR 1
| #define HAVE_STRTOL 1
| #define HAVE_TMPNAM 1
| #define HAVE_WAITPID 1
| #define HAVE_UNISTD_H 1
| #define HAVE_SYS_PARAM_H 1
| #define HAVE_SYS_TIME_H 1
| #define TIME_WITH_SYS_TIME 1
| #define HAVE_STRUCT_TM_TM_ZONE 1
| #define HAVE_TM_ZONE 1
| #define HAVE_TM_GMTOFF 1
| #define HAVE_TIMEZONE_VAR 1
| #define HAVE_TIMEZONE_DECL 1
| #define HAVE_STRUCT_STAT_ST_BLKSIZE 1
| #define NEED_MATHERR 1
| /* end confdefs.h.  */
| #include <sys/types.h>
| #include <signal.h>
| 
| int
| main ()
| {
| return *(signal (0, 0)) (0) == 1;
|   ;
|   return 0;
| }
configure:9044: result: void
configure:9052: checking for vfork
configure:9108: gcc -pipe -o conftest -g -O2   conftest.c  >&5
configure:9114: $? = 0
configure:9131: result: yes
configure:9140: checking vfork/signal bug
configure:9183: gcc -pipe -o conftest -g -O2   conftest.c  >&5
conftest.c: In function 'main':
conftest.c:51:5: warning: passing argument 2 of 'signal' from incompatible pointer type [enabled by default]
/usr/include/signal.h:101:23: note: expected '__sighandler_t' but argument is of type 'int (*)()'
conftest.c:54:2: warning: incompatible implicit declaration of built-in function 'exit' [enabled by default]
conftest.c:57:2: warning: incompatible implicit declaration of built-in function '_exit' [enabled by default]
conftest.c:61:5: warning: incompatible implicit declaration of built-in function 'exit' [enabled by default]
configure:9186: $? = 0
configure:9192: ./conftest
configure:9195: $? = 0
configure:9211: result: ok
configure:9232: checking for strncasecmp
configure:9288: gcc -pipe -o conftest -g -O2   conftest.c  >&5
conftest.c:61:6: warning: conflicting types for built-in function 'strncasecmp' [enabled by default]
configure:9294: $? = 0
configure:9311: result: yes
configure:9472: checking for BSDgettimeofday
configure:9528: gcc -pipe -o conftest -g -O2   conftest.c  >&5
/tmp/cctya2l3.o: In function `main':
/home/srk/srk/vimconfig/source_nav/sourcenavigator-NG4.5/tcl/unix/conftest.c:72: undefined reference to `BSDgettimeofday'
collect2: ld returned 1 exit status
configure:9534: $? = 1
configure: failed program was:
| /* confdefs.h.  */
| #define PACKAGE_NAME ""
| #define PACKAGE_TARNAME ""
| #define PACKAGE_VERSION ""
| #define PACKAGE_STRING ""
| #define PACKAGE_BUGREPORT ""
| #define STDC_HEADERS 1
| #define HAVE_SYS_TYPES_H 1
| #define HAVE_SYS_STAT_H 1
| #define HAVE_STDLIB_H 1
| #define HAVE_STRING_H 1
| #define HAVE_MEMORY_H 1
| #define HAVE_STRINGS_H 1
| #define HAVE_INTTYPES_H 1
| #define HAVE_STDINT_H 1
| #define HAVE_UNISTD_H 1
| #define HAVE_UNISTD_H 1
| #define HAVE_LIMITS_H 1
| #define HAVE_GETCWD 1
| #define HAVE_OPENDIR 1
| #define HAVE_STRSTR 1
| #define HAVE_STRTOL 1
| #define HAVE_TMPNAM 1
| #define HAVE_WAITPID 1
| #define HAVE_UNISTD_H 1
| #define HAVE_SYS_PARAM_H 1
| #define HAVE_SYS_TIME_H 1
| #define TIME_WITH_SYS_TIME 1
| #define HAVE_STRUCT_TM_TM_ZONE 1
| #define HAVE_TM_ZONE 1
| #define HAVE_TM_GMTOFF 1
| #define HAVE_TIMEZONE_VAR 1
| #define HAVE_TIMEZONE_DECL 1
| #define HAVE_STRUCT_STAT_ST_BLKSIZE 1
| #define NEED_MATHERR 1
| #define RETSIGTYPE void
| /* end confdefs.h.  */
| /* Define BSDgettimeofday to an innocuous variant, in case <limits.h> declares BSDgettimeofday.
|    For example, HP-UX 11i <limits.h> declares gettimeofday.  */
| #define BSDgettimeofday innocuous_BSDgettimeofday
| 
| /* System header to define __stub macros and hopefully few prototypes,
|     which can conflict with char BSDgettimeofday (); below.
|     Prefer <limits.h> to <assert.h> if __STDC__ is defined, since
|     <limits.h> exists even on freestanding compilers.  */
| 
| #ifdef __STDC__
| # include <limits.h>
| #else
| # include <assert.h>
| #endif
| 
| #undef BSDgettimeofday
| 
| /* Override any GCC internal prototype to avoid an error.
|    Use char because int might match the return type of a GCC
|    builtin and then its argument prototype would still apply.  */
| #ifdef __cplusplus
| extern "C"
| #endif
| char BSDgettimeofday ();
| /* The GNU C library defines this for functions which it implements
|     to always fail with ENOSYS.  Some functions are actually named
|     something starting with __ and the normal name is an alias.  */
| #if defined __stub_BSDgettimeofday || defined __stub___BSDgettimeofday
| choke me
| #endif
| 
| int
| main ()
| {
| return BSDgettimeofday ();
|   ;
|   return 0;
| }
configure:9551: result: no
configure:9559: checking for gettimeofday
configure:9615: gcc -pipe -o conftest -g -O2   conftest.c  >&5
configure:9621: $? = 0
configure:9638: result: yes
configure:9651: checking for gettimeofday declaration
configure:9664: result: present
configure:9686: checking whether char is unsigned
configure:9714: gcc -pipe -c -g -O2  conftest.c >&5
configure:9720: $? = 0
configure:9735: result: no
configure:9744: checking signed char declarations
configure:9770: gcc -pipe -c -g -O2  conftest.c >&5
configure:9776: $? = 0
configure:9790: result: yes
configure:9812: checking for sin
configure:9868: gcc -pipe -o conftest -g -O2   conftest.c  >&5
conftest.c:62:6: warning: conflicting types for built-in function 'sin' [enabled by default]
/tmp/ccJLjjSh.o: In function `main':
/home/srk/srk/vimconfig/source_nav/sourcenavigator-NG4.5/tcl/unix/conftest.c:73: undefined reference to `sin'
collect2: ld returned 1 exit status
configure:9874: $? = 1
configure: failed program was:
| /* confdefs.h.  */
| #define PACKAGE_NAME ""
| #define PACKAGE_TARNAME ""
| #define PACKAGE_VERSION ""
| #define PACKAGE_STRING ""
| #define PACKAGE_BUGREPORT ""
| #define STDC_HEADERS 1
| #define HAVE_SYS_TYPES_H 1
| #define HAVE_SYS_STAT_H 1
| #define HAVE_STDLIB_H 1
| #define HAVE_STRING_H 1
| #define HAVE_MEMORY_H 1
| #define HAVE_STRINGS_H 1
| #define HAVE_INTTYPES_H 1
| #define HAVE_STDINT_H 1
| #define HAVE_UNISTD_H 1
| #define HAVE_UNISTD_H 1
| #define HAVE_LIMITS_H 1
| #define HAVE_GETCWD 1
| #define HAVE_OPENDIR 1
| #define HAVE_STRSTR 1
| #define HAVE_STRTOL 1
| #define HAVE_TMPNAM 1
| #define HAVE_WAITPID 1
| #define HAVE_UNISTD_H 1
| #define HAVE_SYS_PARAM_H 1
| #define HAVE_SYS_TIME_H 1
| #define TIME_WITH_SYS_TIME 1
| #define HAVE_STRUCT_TM_TM_ZONE 1
| #define HAVE_TM_ZONE 1
| #define HAVE_TM_GMTOFF 1
| #define HAVE_TIMEZONE_VAR 1
| #define HAVE_TIMEZONE_DECL 1
| #define HAVE_STRUCT_STAT_ST_BLKSIZE 1
| #define NEED_MATHERR 1
| #define RETSIGTYPE void
| #define HAVE_SIGNED_CHAR 1
| /* end confdefs.h.  */
| /* Define sin to an innocuous variant, in case <limits.h> declares sin.
|    For example, HP-UX 11i <limits.h> declares gettimeofday.  */
| #define sin innocuous_sin
| 
| /* System header to define __stub macros and hopefully few prototypes,
|     which can conflict with char sin (); below.
|     Prefer <limits.h> to <assert.h> if __STDC__ is defined, since
|     <limits.h> exists even on freestanding compilers.  */
| 
| #ifdef __STDC__
| # include <limits.h>
| #else
| # include <assert.h>
| #endif
| 
| #undef sin
| 
| /* Override any GCC internal prototype to avoid an error.
|    Use char because int might match the return type of a GCC
|    builtin and then its argument prototype would still apply.  */
| #ifdef __cplusplus
| extern "C"
| #endif
| char sin ();
| /* The GNU C library defines this for functions which it implements
|     to always fail with ENOSYS.  Some functions are actually named
|     something starting with __ and the normal name is an alias.  */
| #if defined __stub_sin || defined __stub___sin
| choke me
| #endif
| 
| int
| main ()
| {
| return sin ();
|   ;
|   return 0;
| }
configure:9891: result: no
configure:9899: checking for main in -lieee
configure:9928: gcc -pipe -o conftest -g -O2   conftest.c -lieee   >&5
configure:9934: $? = 0
configure:9952: result: yes
configure:10045: checking for main in -linet
configure:10074: gcc -pipe -o conftest -g -O2   conftest.c -linet   >&5
/usr/bin/ld: cannot find -linet
collect2: ld returned 1 exit status
configure:10080: $? = 1
configure: failed program was:
| /* confdefs.h.  */
| #define PACKAGE_NAME ""
| #define PACKAGE_TARNAME ""
| #define PACKAGE_VERSION ""
| #define PACKAGE_STRING ""
| #define PACKAGE_BUGREPORT ""
| #define STDC_HEADERS 1
| #define HAVE_SYS_TYPES_H 1
| #define HAVE_SYS_STAT_H 1
| #define HAVE_STDLIB_H 1
| #define HAVE_STRING_H 1
| #define HAVE_MEMORY_H 1
| #define HAVE_STRINGS_H 1
| #define HAVE_INTTYPES_H 1
| #define HAVE_STDINT_H 1
| #define HAVE_UNISTD_H 1
| #define HAVE_UNISTD_H 1
| #define HAVE_LIMITS_H 1
| #define HAVE_GETCWD 1
| #define HAVE_OPENDIR 1
| #define HAVE_STRSTR 1
| #define HAVE_STRTOL 1
| #define HAVE_TMPNAM 1
| #define HAVE_WAITPID 1
| #define HAVE_UNISTD_H 1
| #define HAVE_SYS_PARAM_H 1
| #define HAVE_SYS_TIME_H 1
| #define TIME_WITH_SYS_TIME 1
| #define HAVE_STRUCT_TM_TM_ZONE 1
| #define HAVE_TM_ZONE 1
| #define HAVE_TM_GMTOFF 1
| #define HAVE_TIMEZONE_VAR 1
| #define HAVE_TIMEZONE_DECL 1
| #define HAVE_STRUCT_STAT_ST_BLKSIZE 1
| #define NEED_MATHERR 1
| #define RETSIGTYPE void
| #define HAVE_SIGNED_CHAR 1
| /* end confdefs.h.  */
| 
| 
| int
| main ()
| {
| return main ();
|   ;
|   return 0;
| }
configure:10098: result: no
configure:10114: checking net/errno.h usability
configure:10131: gcc -pipe -c -g -O2  conftest.c >&5
conftest.c:72:23: fatal error: net/errno.h: No such file or directory
compilation terminated.
configure:10137: $? = 1
configure: failed program was:
| /* confdefs.h.  */
| #define PACKAGE_NAME ""
| #define PACKAGE_TARNAME ""
| #define PACKAGE_VERSION ""
| #define PACKAGE_STRING ""
| #define PACKAGE_BUGREPORT ""
| #define STDC_HEADERS 1
| #define HAVE_SYS_TYPES_H 1
| #define HAVE_SYS_STAT_H 1
| #define HAVE_STDLIB_H 1
| #define HAVE_STRING_H 1
| #define HAVE_MEMORY_H 1
| #define HAVE_STRINGS_H 1
| #define HAVE_INTTYPES_H 1
| #define HAVE_STDINT_H 1
| #define HAVE_UNISTD_H 1
| #define HAVE_UNISTD_H 1
| #define HAVE_LIMITS_H 1
| #define HAVE_GETCWD 1
| #define HAVE_OPENDIR 1
| #define HAVE_STRSTR 1
| #define HAVE_STRTOL 1
| #define HAVE_TMPNAM 1
| #define HAVE_WAITPID 1
| #define HAVE_UNISTD_H 1
| #define HAVE_SYS_PARAM_H 1
| #define HAVE_SYS_TIME_H 1
| #define TIME_WITH_SYS_TIME 1
| #define HAVE_STRUCT_TM_TM_ZONE 1
| #define HAVE_TM_ZONE 1
| #define HAVE_TM_GMTOFF 1
| #define HAVE_TIMEZONE_VAR 1
| #define HAVE_TIMEZONE_DECL 1
| #define HAVE_STRUCT_STAT_ST_BLKSIZE 1
| #define NEED_MATHERR 1
| #define RETSIGTYPE void
| #define HAVE_SIGNED_CHAR 1
| /* end confdefs.h.  */
| #include <stdio.h>
| #ifdef HAVE_SYS_TYPES_H
| # include <sys/types.h>
| #endif
| #ifdef HAVE_SYS_STAT_H
| # include <sys/stat.h>
| #endif
| #ifdef STDC_HEADERS
| # include <stdlib.h>
| # include <stddef.h>
| #else
| # ifdef HAVE_STDLIB_H
| #  include <stdlib.h>
| # endif
| #endif
| #ifdef HAVE_STRING_H
| # if !defined STDC_HEADERS && defined HAVE_MEMORY_H
| #  include <memory.h>
| # endif
| # include <string.h>
| #endif
| #ifdef HAVE_STRINGS_H
| # include <strings.h>
| #endif
| #ifdef HAVE_INTTYPES_H
| # include <inttypes.h>
| #endif
| #ifdef HAVE_STDINT_H
| # include <stdint.h>
| #endif
| #ifdef HAVE_UNISTD_H
| # include <unistd.h>
| #endif
| #include <net/errno.h>
configure:10151: result: no
configure:10155: checking net/errno.h presence
configure:10170: gcc -E  conftest.c
conftest.c:39:23: fatal error: net/errno.h: No such file or directory
compilation terminated.
configure:10176: $? = 1
configure: failed program was:
| /* confdefs.h.  */
| #define PACKAGE_NAME ""
| #define PACKAGE_TARNAME ""
| #define PACKAGE_VERSION ""
| #define PACKAGE_STRING ""
| #define PACKAGE_BUGREPORT ""
| #define STDC_HEADERS 1
| #define HAVE_SYS_TYPES_H 1
| #define HAVE_SYS_STAT_H 1
| #define HAVE_STDLIB_H 1
| #define HAVE_STRING_H 1
| #define HAVE_MEMORY_H 1
| #define HAVE_STRINGS_H 1
| #define HAVE_INTTYPES_H 1
| #define HAVE_STDINT_H 1
| #define HAVE_UNISTD_H 1
| #define HAVE_UNISTD_H 1
| #define HAVE_LIMITS_H 1
| #define HAVE_GETCWD 1
| #define HAVE_OPENDIR 1
| #define HAVE_STRSTR 1
| #define HAVE_STRTOL 1
| #define HAVE_TMPNAM 1
| #define HAVE_WAITPID 1
| #define HAVE_UNISTD_H 1
| #define HAVE_SYS_PARAM_H 1
| #define HAVE_SYS_TIME_H 1
| #define TIME_WITH_SYS_TIME 1
| #define HAVE_STRUCT_TM_TM_ZONE 1
| #define HAVE_TM_ZONE 1
| #define HAVE_TM_GMTOFF 1
| #define HAVE_TIMEZONE_VAR 1
| #define HAVE_TIMEZONE_DECL 1
| #define HAVE_STRUCT_STAT_ST_BLKSIZE 1
| #define NEED_MATHERR 1
| #define RETSIGTYPE void
| #define HAVE_SIGNED_CHAR 1
| /* end confdefs.h.  */
| #include <net/errno.h>
configure:10190: result: no
configure:10218: checking for net/errno.h
configure:10225: result: no
configure:10258: checking for socket libraries
configure:10266: checking for connect
configure:10322: gcc -pipe -o conftest -g -O2   conftest.c  >&5
configure:10328: $? = 0
configure:10345: result: yes
configure:10513: checking for gethostbyname
configure:10569: gcc -pipe -o conftest -g -O2   conftest.c   >&5
configure:10575: $? = 0
configure:10592: result: yes
configure:10662: result: 
configure:10688: checking if 64bit support is requested
configure:10703: result: no
configure:10708: checking if 64bit Sparc VIS support is requested
configure:10725: result: no
configure:10732: checking system version (for dynamic loading)
configure:10752: result: Linux-3.2.0-45-generic
configure:10757: checking if gcc is being used
configure:10765: result: yes (gcc -pipe)
configure:10771: checking for dlopen in -ldl
configure:10806: gcc -pipe -o conftest -g -O2   conftest.c -ldl   >&5
configure:10812: $? = 0
configure:10830: result: yes
configure:10867: checking for ar
configure:10894: result: ar
configure:12027: checking for build with symbols
configure:12041: result: no
configure:12109: checking sys/ioctl.h usability
configure:12126: gcc -pipe -c -g -O2  conftest.c >&5
configure:12132: $? = 0
configure:12146: result: yes
configure:12150: checking sys/ioctl.h presence
configure:12165: gcc -E  conftest.c
configure:12171: $? = 0
configure:12185: result: yes
configure:12213: checking for sys/ioctl.h
configure:12221: result: yes
configure:12249: checking sys/filio.h usability
configure:12266: gcc -pipe -c -g -O2  conftest.c >&5
conftest.c:73:23: fatal error: sys/filio.h: No such file or directory
compilation terminated.
configure:12272: $? = 1
configure: failed program was:
| /* confdefs.h.  */
| #define PACKAGE_NAME ""
| #define PACKAGE_TARNAME ""
| #define PACKAGE_VERSION ""
| #define PACKAGE_STRING ""
| #define PACKAGE_BUGREPORT ""
| #define STDC_HEADERS 1
| #define HAVE_SYS_TYPES_H 1
| #define HAVE_SYS_STAT_H 1
| #define HAVE_STDLIB_H 1
| #define HAVE_STRING_H 1
| #define HAVE_MEMORY_H 1
| #define HAVE_STRINGS_H 1
| #define HAVE_INTTYPES_H 1
| #define HAVE_STDINT_H 1
| #define HAVE_UNISTD_H 1
| #define HAVE_UNISTD_H 1
| #define HAVE_LIMITS_H 1
| #define HAVE_GETCWD 1
| #define HAVE_OPENDIR 1
| #define HAVE_STRSTR 1
| #define HAVE_STRTOL 1
| #define HAVE_TMPNAM 1
| #define HAVE_WAITPID 1
| #define HAVE_UNISTD_H 1
| #define HAVE_SYS_PARAM_H 1
| #define HAVE_SYS_TIME_H 1
| #define TIME_WITH_SYS_TIME 1
| #define HAVE_STRUCT_TM_TM_ZONE 1
| #define HAVE_TM_ZONE 1
| #define HAVE_TM_GMTOFF 1
| #define HAVE_TIMEZONE_VAR 1
| #define HAVE_TIMEZONE_DECL 1
| #define HAVE_STRUCT_STAT_ST_BLKSIZE 1
| #define NEED_MATHERR 1
| #define RETSIGTYPE void
| #define HAVE_SIGNED_CHAR 1
| #define HAVE_SYS_IOCTL_H 1
| /* end confdefs.h.  */
| #include <stdio.h>
| #ifdef HAVE_SYS_TYPES_H
| # include <sys/types.h>
| #endif
| #ifdef HAVE_SYS_STAT_H
| # include <sys/stat.h>
| #endif
| #ifdef STDC_HEADERS
| # include <stdlib.h>
| # include <stddef.h>
| #else
| # ifdef HAVE_STDLIB_H
| #  include <stdlib.h>
| # endif
| #endif
| #ifdef HAVE_STRING_H
| # if !defined STDC_HEADERS && defined HAVE_MEMORY_H
| #  include <memory.h>
| # endif
| # include <string.h>
| #endif
| #ifdef HAVE_STRINGS_H
| # include <strings.h>
| #endif
| #ifdef HAVE_INTTYPES_H
| # include <inttypes.h>
| #endif
| #ifdef HAVE_STDINT_H
| # include <stdint.h>
| #endif
| #ifdef HAVE_UNISTD_H
| # include <unistd.h>
| #endif
| #include <sys/filio.h>
configure:12286: result: no
configure:12290: checking sys/filio.h presence
configure:12305: gcc -E  conftest.c
conftest.c:40:23: fatal error: sys/filio.h: No such file or directory
compilation terminated.
configure:12311: $? = 1
configure: failed program was:
| /* confdefs.h.  */
| #define PACKAGE_NAME ""
| #define PACKAGE_TARNAME ""
| #define PACKAGE_VERSION ""
| #define PACKAGE_STRING ""
| #define PACKAGE_BUGREPORT ""
| #define STDC_HEADERS 1
| #define HAVE_SYS_TYPES_H 1
| #define HAVE_SYS_STAT_H 1
| #define HAVE_STDLIB_H 1
| #define HAVE_STRING_H 1
| #define HAVE_MEMORY_H 1
| #define HAVE_STRINGS_H 1
| #define HAVE_INTTYPES_H 1
| #define HAVE_STDINT_H 1
| #define HAVE_UNISTD_H 1
| #define HAVE_UNISTD_H 1
| #define HAVE_LIMITS_H 1
| #define HAVE_GETCWD 1
| #define HAVE_OPENDIR 1
| #define HAVE_STRSTR 1
| #define HAVE_STRTOL 1
| #define HAVE_TMPNAM 1
| #define HAVE_WAITPID 1
| #define HAVE_UNISTD_H 1
| #define HAVE_SYS_PARAM_H 1
| #define HAVE_SYS_TIME_H 1
| #define TIME_WITH_SYS_TIME 1
| #define HAVE_STRUCT_TM_TM_ZONE 1
| #define HAVE_TM_ZONE 1
| #define HAVE_TM_GMTOFF 1
| #define HAVE_TIMEZONE_VAR 1
| #define HAVE_TIMEZONE_DECL 1
| #define HAVE_STRUCT_STAT_ST_BLKSIZE 1
| #define NEED_MATHERR 1
| #define RETSIGTYPE void
| #define HAVE_SIGNED_CHAR 1
| #define HAVE_SYS_IOCTL_H 1
| /* end confdefs.h.  */
| #include <sys/filio.h>
configure:12325: result: no
configure:12353: checking for sys/filio.h
configure:12361: result: no
configure:12374: checking FIONBIO vs. O_NONBLOCK for nonblocking I/O
configure:12425: result: O_NONBLOCK
configure:12440: checking how to build libraries
configure:12462: result: static
configure:13296: creating ./config.status

## ---------------------- ##
## Running config.status. ##
## ---------------------- ##

This file was extended by config.status, which was
generated by GNU Autoconf 2.61.  Invocation command line was

  CONFIG_FILES    = 
  CONFIG_HEADERS  = 
  CONFIG_LINKS    = 
  CONFIG_COMMANDS = 
  $ ./config.status 

on srk-Latitude-E5530-non-vPro

config.status:638: creating Makefile
config.status:773: WARNING:  Makefile.in seems to ignore the --datarootdir setting
config.status:638: creating tclConfig.sh

## ---------------- ##
## Cache variables. ##
## ---------------- ##

ac_cv_c_char_unsigned=no
ac_cv_c_compiler_gnu=yes
ac_cv_env_CC_set=
ac_cv_env_CC_value=
ac_cv_env_CFLAGS_set=
ac_cv_env_CFLAGS_value=
ac_cv_env_CPPFLAGS_set=
ac_cv_env_CPPFLAGS_value=
ac_cv_env_CPP_set=
ac_cv_env_CPP_value=
ac_cv_env_LDFLAGS_set=
ac_cv_env_LDFLAGS_value=
ac_cv_env_LIBS_set=
ac_cv_env_LIBS_value=
ac_cv_env_build_alias_set=
ac_cv_env_build_alias_value=
ac_cv_env_host_alias_set=
ac_cv_env_host_alias_value=
ac_cv_env_target_alias_set=
ac_cv_env_target_alias_value=
ac_cv_func_BSDgettimeofday=no
ac_cv_func_connect=yes
ac_cv_func_fstatfs=yes
ac_cv_func_getcwd=yes
ac_cv_func_gettimeofday=yes
ac_cv_func_getwd=yes
ac_cv_func_memcmp_working=yes
ac_cv_func_memmove=yes
ac_cv_func_opendir=yes
ac_cv_func_realpath=yes
ac_cv_func_sin=no
ac_cv_func_strerror=yes
ac_cv_func_strncasecmp=yes
ac_cv_func_strstr=yes
ac_cv_func_strtod=yes
ac_cv_func_strtol=yes
ac_cv_func_strtoul=yes
ac_cv_func_tmpnam=yes
ac_cv_func_uname=yes
ac_cv_func_vfork=yes
ac_cv_func_wait3=yes
ac_cv_func_waitpid=yes
ac_cv_header_dlfcn_h=yes
ac_cv_header_errno_h=yes
ac_cv_header_float_h=yes
ac_cv_header_inttypes_h=yes
ac_cv_header_limits_h=yes
ac_cv_header_memory_h=yes
ac_cv_header_net_errno_h=no
ac_cv_header_stdc=yes
ac_cv_header_stdint_h=yes
ac_cv_header_stdlib_h=yes
ac_cv_header_string_h=yes
ac_cv_header_strings_h=yes
ac_cv_header_sys_filio_h=no
ac_cv_header_sys_ioctl_h=yes
ac_cv_header_sys_param_h=yes
ac_cv_header_sys_stat_h=yes
ac_cv_header_sys_time_h=yes
ac_cv_header_sys_types_h=yes
ac_cv_header_sys_wait_h=yes
ac_cv_header_time=yes
ac_cv_header_unistd_h=yes
ac_cv_header_values_h=yes
ac_cv_lib_dl_dlopen=yes
ac_cv_lib_ieee_main=yes
ac_cv_lib_inet_main=no
ac_cv_member_struct_stat_st_blksize=yes
ac_cv_member_struct_tm_tm_zone=yes
ac_cv_objext=o
ac_cv_os_lynx=no
ac_cv_path_EGREP='/bin/grep -E'
ac_cv_path_GREP=/bin/grep
ac_cv_path_install='/usr/bin/install -c'
ac_cv_prog_AR=ar
ac_cv_prog_CPP='gcc -E'
ac_cv_prog_ac_ct_CC=gcc
ac_cv_prog_ac_ct_RANLIB=ranlib
ac_cv_prog_cc_c89=
ac_cv_prog_cc_g=yes
ac_cv_struct_tm=time.h
ac_cv_type_mode_t=yes
ac_cv_type_pid_t=yes
ac_cv_type_signal=void
ac_cv_type_size_t=yes
ac_cv_type_uid_t=yes
tcl_cv_lib_sockets=

## ----------------- ##
## Output variables. ##
## ----------------- ##

AR='ar'
BUILD_DLTEST='$(DLTEST_TARGETS)'
CC='gcc -pipe'
CFG_TCL_EXPORT_FILE_SUFFIX=''
CFG_TCL_SHARED_LIB_SUFFIX='${VERSION}${DBGX}.so'
CFG_TCL_UNSHARED_LIB_SUFFIX='${VERSION}${DBGX}.a'
CFLAGS='-g -O2'
CFLAGS_DEBUG='-g'
CFLAGS_DEFAULT='$(CFLAGS_OPTIMIZE)'
CFLAGS_OPTIMIZE=' -D__NO_STRING_INLINES -D__NO_MATH_INLINES'
CFLAGS_WARNING='-Wall -Wconversion -Wno-implicit-int'
CPP='gcc -E'
CPPFLAGS=''
DEFS='-DPACKAGE_NAME=\"\" -DPACKAGE_TARNAME=\"\" -DPACKAGE_VERSION=\"\" -DPACKAGE_STRING=\"\" -DPACKAGE_BUGREPORT=\"\" -DSTDC_HEADERS=1 -DHAVE_SYS_TYPES_H=1 -DHAVE_SYS_STAT_H=1 -DHAVE_STDLIB_H=1 -DHAVE_STRING_H=1 -DHAVE_MEMORY_H=1 -DHAVE_STRINGS_H=1 -DHAVE_INTTYPES_H=1 -DHAVE_STDINT_H=1 -DHAVE_UNISTD_H=1 -DHAVE_UNISTD_H=1 -DHAVE_LIMITS_H=1 -DHAVE_GETCWD=1 -DHAVE_OPENDIR=1 -DHAVE_STRSTR=1 -DHAVE_STRTOL=1 -DHAVE_TMPNAM=1 -DHAVE_WAITPID=1 -DHAVE_UNISTD_H=1 -DHAVE_SYS_PARAM_H=1 -DHAVE_SYS_TIME_H=1 -DTIME_WITH_SYS_TIME=1 -DHAVE_STRUCT_TM_TM_ZONE=1 -DHAVE_TM_ZONE=1 -DHAVE_TM_GMTOFF=1 -DHAVE_TIMEZONE_VAR=1 -DHAVE_TIMEZONE_DECL=1 -DHAVE_STRUCT_STAT_ST_BLKSIZE=1 -DNEED_MATHERR=1 -DRETSIGTYPE=void -DHAVE_SIGNED_CHAR=1 -DHAVE_SYS_IOCTL_H=1 -DSTATIC_BUILD=1'
DL_LIBS='-ldl'
DL_OBJS='tclLoadDl.o'
ECHO_C=''
ECHO_N='-n'
ECHO_T=''
EGREP='/bin/grep -E'
EXEEXT=''
EXTRA_CFLAGS=''
GREP='/bin/grep'
INSTALL_DATA='${INSTALL} -m 644'
INSTALL_PROGRAM='${INSTALL}'
INSTALL_SCRIPT='${INSTALL}'
LDFLAGS='-rdynamic'
LDFLAGS_DEBUG=''
LDFLAGS_DEFAULT='$(LDFLAGS_OPTIMIZE)'
LDFLAGS_OPTIMIZE=''
LIBOBJS=''
LIBS=''
LTLIBOBJS=''
MAKE_LIB='${STLIB_LD} ${TCL_LIB_FILE} ${OBJS}'
MAKE_STUB_LIB='${STLIB_LD} ${STUB_LIB_FILE} ${STUB_LIB_OBJS}'
MATH_LIBS='-lieee -lm'
OBJEXT='o'
PACKAGE_BUGREPORT=''
PACKAGE_NAME=''
PACKAGE_STRING=''
PACKAGE_TARNAME=''
PACKAGE_VERSION=''
PATH_SEPARATOR=':'
RANLIB='ranlib'
SHELL='/bin/bash'
SHLIB_CFLAGS='-fPIC'
SHLIB_LD='gcc -pipe -shared'
SHLIB_LD_LIBS=''
SHLIB_SUFFIX='.so'
STLIB_LD='${AR} cr'
TCL_BUILD_EXP_FILE=''
TCL_BUILD_LIB_SPEC='-L/home/srk/srk/vimconfig/source_nav/sourcenavigator-NG4.5/tcl/unix -ltcl8.3${TCL_DBGX}'
TCL_BUILD_STUB_LIB_PATH='/home/srk/srk/vimconfig/source_nav/sourcenavigator-NG4.5/tcl/unix/libtclstub8.3${TCL_DBGX}.a'
TCL_BUILD_STUB_LIB_SPEC='-L/home/srk/srk/vimconfig/source_nav/sourcenavigator-NG4.5/tcl/unix -ltclstub8.3${TCL_DBGX}'
TCL_DBGX=''
TCL_EXP_FILE=''
TCL_LDFLAGS_DEBUG=''
TCL_LDFLAGS_OPTIMIZE=''
TCL_LD_SEARCH_FLAGS='-Wl,-rpath,${LIB_RUNTIME_DIR}'
TCL_LIBS='${DL_LIBS} ${LIBS} ${MATH_LIBS}'
TCL_LIB_FILE='libtcl8.3${TCL_DBGX}.a'
TCL_LIB_FLAG='-ltcl8.3${TCL_DBGX}'
TCL_LIB_FULL_PATH='/home/srk/srk/vimconfig/source_nav/sourcenavigator-NG4.5/tcl/unix/libtcl8.3${TCL_DBGX}.a'
TCL_LIB_SPEC='-L/opt/sourcenav/lib -ltcl8.3${TCL_DBGX}'
TCL_LIB_SUFFIX='.a'
TCL_LIB_VERSIONS_OK='ok'
TCL_MAJOR_VERSION='8'
TCL_MINOR_VERSION='3'
TCL_NEEDS_EXP_FILE='0'
TCL_PACKAGE_PATH='/opt/sourcenav/lib'
TCL_PATCH_LEVEL='.2'
TCL_SHARED_BUILD='0'
TCL_SHARED_LIB_SUFFIX='${VERSION}\$\{DBGX\}${SHLIB_SUFFIX}'
TCL_SHLIB_CFLAGS=''
TCL_SRC_DIR='/home/srk/srk/vimconfig/source_nav/sourcenavigator-NG4.5/tcl'
TCL_STUB_LIB_FILE='libtclstub8.3${TCL_DBGX}.a'
TCL_STUB_LIB_FLAG='-ltclstub8.3${TCL_DBGX}'
TCL_STUB_LIB_PATH='/opt/sourcenav/lib/libtclstub8.3${TCL_DBGX}.a'
TCL_STUB_LIB_SPEC='-L/opt/sourcenav/lib -ltclstub8.3${TCL_DBGX}'
TCL_UNSHARED_LIB_SUFFIX='${VERSION}\$\{DBGX\}.a'
TCL_VERSION='8.3'
VENDORPREFIX=''
ac_ct_CC='gcc'
bindir='${exec_prefix}/bin'
build_alias=''
datadir='${datarootdir}'
datarootdir='${prefix}/share'
docdir='${datarootdir}/doc/${PACKAGE}'
dvidir='${docdir}'
exec_prefix='/opt/sourcenav'
host_alias=''
htmldir='${docdir}'
includedir='${prefix}/include'
infodir='${datarootdir}/info'
libdir='${exec_prefix}/lib'
libexecdir='${exec_prefix}/libexec'
localedir='${datarootdir}/locale'
localstatedir='${prefix}/var'
mandir='${datarootdir}/man'
oldincludedir='/usr/include'
pdfdir='${docdir}'
prefix='/opt/sourcenav'
program_transform_name='s,x,x,'
psdir='${docdir}'
sbindir='${exec_prefix}/sbin'
sharedstatedir='${prefix}/com'
sysconfdir='${prefix}/etc'
target_alias=''

## ----------- ##
## confdefs.h. ##
## ----------- ##

#define PACKAGE_NAME ""
#define PACKAGE_TARNAME ""
#define PACKAGE_VERSION ""
#define PACKAGE_STRING ""
#define PACKAGE_BUGREPORT ""
#define STDC_HEADERS 1
#define HAVE_SYS_TYPES_H 1
#define HAVE_SYS_STAT_H 1
#define HAVE_STDLIB_H 1
#define HAVE_STRING_H 1
#define HAVE_MEMORY_H 1
#define HAVE_STRINGS_H 1
#define HAVE_INTTYPES_H 1
#define HAVE_STDINT_H 1
#define HAVE_UNISTD_H 1
#define HAVE_UNISTD_H 1
#define HAVE_LIMITS_H 1
#define HAVE_GETCWD 1
#define HAVE_OPENDIR 1
#define HAVE_STRSTR 1
#define HAVE_STRTOL 1
#define HAVE_TMPNAM 1
#define HAVE_WAITPID 1
#define HAVE_UNISTD_H 1
#define HAVE_SYS_PARAM_H 1
#define HAVE_SYS_TIME_H 1
#define TIME_WITH_SYS_TIME 1
#define HAVE_STRUCT_TM_TM_ZONE 1
#define HAVE_TM_ZONE 1
#define HAVE_TM_GMTOFF 1
#define HAVE_TIMEZONE_VAR 1
#define HAVE_TIMEZONE_DECL 1
#define HAVE_STRUCT_STAT_ST_BLKSIZE 1
#define NEED_MATHERR 1
#define RETSIGTYPE void
#define HAVE_SIGNED_CHAR 1
#define HAVE_SYS_IOCTL_H 1
#define STATIC_BUILD 1

configure: exit 0
