This file contains any messages produced by compilers while
running configure, to aid debugging if configure makes a mistake.

It was created by configure, which was
generated by GNU Autoconf 2.61.  Invocation command line was

  $ ./configure --prefix=/opt/sourcenav --cache-file=/dev/null --srcdir=.

## --------- ##
## Platform. ##
## --------- ##

hostname = srk-Latitude-E5530-non-vPro
uname -m = i686
uname -r = 3.2.0-45-generic
uname -s = Linux
uname -v = #70-Ubuntu SMP Wed May 29 20:11:31 UTC 2013

/usr/bin/uname -p = unknown
/bin/uname -X     = unknown

/bin/arch              = unknown
/usr/bin/arch -k       = unknown
/usr/convex/getsysinfo = unknown
/usr/bin/hostinfo      = unknown
/bin/machine           = unknown
/usr/bin/oslevel       = unknown
/bin/universe          = unknown

PATH: /usr/local/sbin
PATH: /usr/local/bin
PATH: /usr/sbin
PATH: /usr/bin
PATH: /sbin
PATH: /bin


## ----------- ##
## Core tests. ##
## ----------- ##

configure:1833: checking for a BSD-compatible install
configure:1889: result: /usr/bin/install -c
configure:1900: checking whether build environment is sane
configure:1943: result: yes
configure:1971: checking for a thread-safe mkdir -p
configure:2010: result: /bin/mkdir -p
configure:2023: checking for gawk
configure:2053: result: no
configure:2023: checking for mawk
configure:2039: found /usr/bin/mawk
configure:2050: result: mawk
configure:2061: checking whether make sets $(MAKE)
configure:2082: result: yes
configure:2272: checking whether to enable maintainer-specific portions of Makefiles
configure:2281: result: no
configure:2312: checking build system type
configure:2330: result: i686-pc-linux-gnu
configure:2352: checking host system type
configure:2367: result: i686-pc-linux-gnu
configure:2438: checking for gcc
configure:2454: found /usr/bin/gcc
configure:2465: result: gcc
configure:2703: checking for C compiler version
configure:2710: gcc --version >&5
gcc (Ubuntu/Linaro 4.6.3-1ubuntu5) 4.6.3
Copyright (C) 2011 Free Software Foundation, Inc.
This is free software; see the source for copying conditions.  There is NO
warranty; not even for MERCHANTABILITY or FITNESS FOR A PARTICULAR PURPOSE.

configure:2713: $? = 0
configure:2720: gcc -v >&5
Using built-in specs.
COLLECT_GCC=gcc
COLLECT_LTO_WRAPPER=/usr/lib/gcc/i686-linux-gnu/4.6/lto-wrapper
Target: i686-linux-gnu
Configured with: ../src/configure -v --with-pkgversion='Ubuntu/Linaro 4.6.3-1ubuntu5' --with-bugurl=file:///usr/share/doc/gcc-4.6/README.Bugs --enable-languages=c,c++,fortran,objc,obj-c++ --prefix=/usr --program-suffix=-4.6 --enable-shared --enable-linker-build-id --with-system-zlib --libexecdir=/usr/lib --without-included-gettext --enable-threads=posix --with-gxx-include-dir=/usr/include/c++/4.6 --libdir=/usr/lib --enable-nls --with-sysroot=/ --enable-clocale=gnu --enable-libstdcxx-debug --enable-libstdcxx-time=yes --enable-gnu-unique-object --enable-plugin --enable-objc-gc --enable-targets=all --disable-werror --with-arch-32=i686 --with-tune=generic --enable-checking=release --build=i686-linux-gnu --host=i686-linux-gnu --target=i686-linux-gnu
Thread model: posix
gcc version 4.6.3 (Ubuntu/Linaro 4.6.3-1ubuntu5) 
configure:2723: $? = 0
configure:2730: gcc -V >&5
gcc: error: unrecognized option '-V'
gcc: fatal error: no input files
compilation terminated.
configure:2733: $? = 4
configure:2756: checking for C compiler default output file name
configure:2783: gcc    conftest.c  >&5
configure:2786: $? = 0
configure:2824: result: a.out
configure:2841: checking whether the C compiler works
configure:2851: ./a.out
configure:2854: $? = 0
configure:2871: result: yes
configure:2878: checking whether we are cross compiling
configure:2880: result: no
configure:2883: checking for suffix of executables
configure:2890: gcc -o conftest    conftest.c  >&5
configure:2893: $? = 0
configure:2917: result: 
configure:2923: checking for suffix of object files
configure:2949: gcc -c   conftest.c >&5
configure:2952: $? = 0
configure:2975: result: o
configure:2979: checking whether we are using the GNU C compiler
configure:3008: gcc -c   conftest.c >&5
configure:3014: $? = 0
configure:3031: result: yes
configure:3036: checking whether gcc accepts -g
configure:3066: gcc -c -g  conftest.c >&5
configure:3072: $? = 0
configure:3171: result: yes
configure:3188: checking for gcc option to accept ISO C89
configure:3262: gcc  -c -g -O2  conftest.c >&5
configure:3268: $? = 0
configure:3291: result: none needed
configure:3320: checking for style of include used by make
configure:3348: result: GNU
configure:3373: checking dependency style of gcc
configure:3464: result: gcc3
configure:3545: checking for ranlib
configure:3561: found /usr/bin/ranlib
configure:3572: result: ranlib
configure:3641: checking for ar
configure:3657: found /usr/bin/ar
configure:3668: result: ar
configure:3696: checking for itcl_sh
configure:3724: result: $$here/$(top_builddir)/../itcl/itcl/unix/itcl_sh$(EXEEXT)
configure:3739: checking how to run the C preprocessor
configure:3779: gcc -E  conftest.c
configure:3785: $? = 0
configure:3816: gcc -E  conftest.c
conftest.c:10:28: fatal error: ac_nonexistent.h: No such file or directory
compilation terminated.
configure:3822: $? = 1
configure: failed program was:
| /* confdefs.h.  */
| #define PACKAGE_NAME ""
| #define PACKAGE_TARNAME ""
| #define PACKAGE_VERSION ""
| #define PACKAGE_STRING ""
| #define PACKAGE_BUGREPORT ""
| #define PACKAGE "libgui"
| #define VERSION "0.0"
| /* end confdefs.h.  */
| #include <ac_nonexistent.h>
configure:3855: result: gcc -E
configure:3884: gcc -E  conftest.c
configure:3890: $? = 0
configure:3921: gcc -E  conftest.c
conftest.c:10:28: fatal error: ac_nonexistent.h: No such file or directory
compilation terminated.
configure:3927: $? = 1
configure: failed program was:
| /* confdefs.h.  */
| #define PACKAGE_NAME ""
| #define PACKAGE_TARNAME ""
| #define PACKAGE_VERSION ""
| #define PACKAGE_STRING ""
| #define PACKAGE_BUGREPORT ""
| #define PACKAGE "libgui"
| #define VERSION "0.0"
| /* end confdefs.h.  */
| #include <ac_nonexistent.h>
configure:3965: checking for grep that handles long lines and -e
configure:4039: result: /bin/grep
configure:4044: checking for egrep
configure:4122: result: /bin/grep -E
configure:4127: checking for ANSI C header files
configure:4157: gcc -c -g -O2  conftest.c >&5
configure:4163: $? = 0
configure:4262: gcc -o conftest -g -O2   conftest.c  >&5
configure:4265: $? = 0
configure:4271: ./conftest
configure:4274: $? = 0
configure:4291: result: yes
configure:4315: checking for sys/types.h
configure:4336: gcc -c -g -O2  conftest.c >&5
configure:4342: $? = 0
configure:4358: result: yes
configure:4315: checking for sys/stat.h
configure:4336: gcc -c -g -O2  conftest.c >&5
configure:4342: $? = 0
configure:4358: result: yes
configure:4315: checking for stdlib.h
configure:4336: gcc -c -g -O2  conftest.c >&5
configure:4342: $? = 0
configure:4358: result: yes
configure:4315: checking for string.h
configure:4336: gcc -c -g -O2  conftest.c >&5
configure:4342: $? = 0
configure:4358: result: yes
configure:4315: checking for memory.h
configure:4336: gcc -c -g -O2  conftest.c >&5
configure:4342: $? = 0
configure:4358: result: yes
configure:4315: checking for strings.h
configure:4336: gcc -c -g -O2  conftest.c >&5
configure:4342: $? = 0
configure:4358: result: yes
configure:4315: checking for inttypes.h
configure:4336: gcc -c -g -O2  conftest.c >&5
configure:4342: $? = 0
configure:4358: result: yes
configure:4315: checking for stdint.h
configure:4336: gcc -c -g -O2  conftest.c >&5
configure:4342: $? = 0
configure:4358: result: yes
configure:4315: checking for unistd.h
configure:4336: gcc -c -g -O2  conftest.c >&5
configure:4342: $? = 0
configure:4358: result: yes
configure:4372: checking for working alloca.h
configure:4399: gcc -o conftest -g -O2   conftest.c  >&5
configure:4405: $? = 0
configure:4422: result: yes
configure:4432: checking for alloca
configure:4479: gcc -o conftest -g -O2   conftest.c  >&5
configure:4485: $? = 0
configure:4502: result: yes
configure:4752: checking stddef.h usability
configure:4769: gcc -c -g -O2  conftest.c >&5
configure:4775: $? = 0
configure:4789: result: yes
configure:4793: checking stddef.h presence
configure:4808: gcc -E  conftest.c
configure:4814: $? = 0
configure:4828: result: yes
configure:4856: checking for stddef.h
configure:4864: result: yes
configure:4742: checking for stdlib.h
configure:4748: result: yes
configure:4752: checking getopt.h usability
configure:4769: gcc -c -g -O2  conftest.c >&5
configure:4775: $? = 0
configure:4789: result: yes
configure:4793: checking getopt.h presence
configure:4808: gcc -E  conftest.c
configure:4814: $? = 0
configure:4828: result: yes
configure:4856: checking for getopt.h
configure:4864: result: yes
configure:4742: checking for unistd.h
configure:4748: result: yes
configure:4752: checking fcntl.h usability
configure:4769: gcc -c -g -O2  conftest.c >&5
configure:4775: $? = 0
configure:4789: result: yes
configure:4793: checking fcntl.h presence
configure:4808: gcc -E  conftest.c
configure:4814: $? = 0
configure:4828: result: yes
configure:4856: checking for fcntl.h
configure:4864: result: yes
configure:4752: checking sys/file.h usability
configure:4769: gcc -c -g -O2  conftest.c >&5
configure:4775: $? = 0
configure:4789: result: yes
configure:4793: checking sys/file.h presence
configure:4808: gcc -E  conftest.c
configure:4814: $? = 0
configure:4828: result: yes
configure:4856: checking for sys/file.h
configure:4864: result: yes
configure:4752: checking sys/wait.h usability
configure:4769: gcc -c -g -O2  conftest.c >&5
configure:4775: $? = 0
configure:4789: result: yes
configure:4793: checking sys/wait.h presence
configure:4808: gcc -E  conftest.c
configure:4814: $? = 0
configure:4828: result: yes
configure:4856: checking for sys/wait.h
configure:4864: result: yes
configure:4742: checking for string.h
configure:4748: result: yes
configure:4742: checking for strings.h
configure:4748: result: yes
configure:4881: checking for raise
configure:4937: gcc -o conftest -g -O2   conftest.c  >&5
configure:4943: $? = 0
configure:4961: result: yes
configure:5008: checking for random
configure:5064: gcc -o conftest -g -O2   conftest.c  >&5
configure:5070: $? = 0
configure:5088: result: yes
configure:5125: checking for cygwin32
configure:5150: result: no
configure:5186: checking for init.tcl
configure:5200: result: /home/srk/srk/vimconfig/source_nav/sourcenavigator-NG4.5/tcl/library
configure:5222: checking for Tcl configuration script
configure:5287: result: /home/srk/srk/vimconfig/source_nav/sourcenavigator-NG4.5/tcl/unix/tclConfig.sh
configure:5332: checking for Tk configuration script
configure:5395: result: /home/srk/srk/vimconfig/source_nav/sourcenavigator-NG4.5/tk/unix/tkConfig.sh
configure:5424: checking for Tcl headers in the source tree
configure:5616: result: /home/srk/srk/vimconfig/source_nav/sourcenavigator-NG4.5/tcl/generic
configure:5637: result: /home/srk/srk/vimconfig/source_nav/sourcenavigator-NG4.5/tcl/generic
configure:5662: checking for Tk headers in the source tree
configure:5717: result: /home/srk/srk/vimconfig/source_nav/sourcenavigator-NG4.5/tk/generic
configure:5738: result: found in /home/srk/srk/vimconfig/source_nav/sourcenavigator-NG4.5/tk/generic
configure:5919: creating ./config.status

## ---------------------- ##
## Running config.status. ##
## ---------------------- ##

This file was extended by config.status, which was
generated by GNU Autoconf 2.61.  Invocation command line was

  CONFIG_FILES    = 
  CONFIG_HEADERS  = 
  CONFIG_LINKS    = 
  CONFIG_COMMANDS = 
  $ ./config.status 

on srk-Latitude-E5530-non-vPro

config.status:695: creating Makefile
config.status:695: creating library/Makefile
config.status:695: creating src/Makefile
config.status:695: creating config.h
config.status:981: executing depfiles commands

## ---------------- ##
## Cache variables. ##
## ---------------- ##

ac_cv_build=i686-pc-linux-gnu
ac_cv_c_compiler_gnu=yes
ac_cv_c_tcl_libdir=/home/srk/srk/vimconfig/source_nav/sourcenavigator-NG4.5/tcl/library
ac_cv_c_tclconfig=/home/srk/srk/vimconfig/source_nav/sourcenavigator-NG4.5/tcl/unix
ac_cv_c_tclh=/home/srk/srk/vimconfig/source_nav/sourcenavigator-NG4.5/tcl/generic
ac_cv_c_tkconfig=/home/srk/srk/vimconfig/source_nav/sourcenavigator-NG4.5/tk/unix
ac_cv_c_tkh=/home/srk/srk/vimconfig/source_nav/sourcenavigator-NG4.5/tk/generic
ac_cv_env_CC_set=
ac_cv_env_CC_value=
ac_cv_env_CFLAGS_set=
ac_cv_env_CFLAGS_value=
ac_cv_env_CPPFLAGS_set=
ac_cv_env_CPPFLAGS_value=
ac_cv_env_CPP_set=
ac_cv_env_CPP_value=
ac_cv_env_LDFLAGS_set=
ac_cv_env_LDFLAGS_value=
ac_cv_env_LIBS_set=
ac_cv_env_LIBS_value=
ac_cv_env_build_alias_set=
ac_cv_env_build_alias_value=
ac_cv_env_host_alias_set=
ac_cv_env_host_alias_value=
ac_cv_env_target_alias_set=
ac_cv_env_target_alias_value=
ac_cv_func_alloca_works=yes
ac_cv_func_raise=yes
ac_cv_func_random=yes
ac_cv_header_fcntl_h=yes
ac_cv_header_getopt_h=yes
ac_cv_header_inttypes_h=yes
ac_cv_header_memory_h=yes
ac_cv_header_stdc=yes
ac_cv_header_stddef_h=yes
ac_cv_header_stdint_h=yes
ac_cv_header_stdlib_h=yes
ac_cv_header_string_h=yes
ac_cv_header_strings_h=yes
ac_cv_header_sys_file_h=yes
ac_cv_header_sys_stat_h=yes
ac_cv_header_sys_types_h=yes
ac_cv_header_sys_wait_h=yes
ac_cv_header_unistd_h=yes
ac_cv_host=i686-pc-linux-gnu
ac_cv_objext=o
ac_cv_path_EGREP='/bin/grep -E'
ac_cv_path_GREP=/bin/grep
ac_cv_path_install='/usr/bin/install -c'
ac_cv_path_mkdir=/bin/mkdir
ac_cv_prog_AWK=mawk
ac_cv_prog_CPP='gcc -E'
ac_cv_prog_ITCL_SH='$$here/$(top_builddir)/../itcl/itcl/unix/itcl_sh$(EXEEXT)'
ac_cv_prog_ac_ct_AR=ar
ac_cv_prog_ac_ct_CC=gcc
ac_cv_prog_ac_ct_RANLIB=ranlib
ac_cv_prog_cc_c89=
ac_cv_prog_cc_g=yes
ac_cv_prog_make_make_set=yes
ac_cv_working_alloca_h=yes
am_cv_CC_dependencies_compiler_type=gcc3
ide_cv_os_cygwin32=no

## ----------------- ##
## Output variables. ##
## ----------------- ##

ACLOCAL='${SHELL} /home/srk/srk/vimconfig/source_nav/sourcenavigator-NG4.5/missing --run aclocal-1.10'
ALLOCA=''
AMDEPBACKSLASH='\'
AMDEP_FALSE='#'
AMDEP_TRUE=''
AMTAR='${SHELL} /home/srk/srk/vimconfig/source_nav/sourcenavigator-NG4.5/missing --run tar'
AR='ar'
AUTOCONF='${SHELL} /home/srk/srk/vimconfig/source_nav/sourcenavigator-NG4.5/missing --run autoconf'
AUTOHEADER='${SHELL} /home/srk/srk/vimconfig/source_nav/sourcenavigator-NG4.5/missing --run autoheader'
AUTOMAKE='${SHELL} /home/srk/srk/vimconfig/source_nav/sourcenavigator-NG4.5/missing --run automake-1.10'
AWK='mawk'
CC='gcc'
CCDEPMODE='depmode=gcc3'
CFLAGS='-g -O2'
CPP='gcc -E'
CPPFLAGS=''
CROSS_COMPILING_FALSE=''
CROSS_COMPILING_TRUE='#'
CYGPATH_W='echo'
DEFS='-DHAVE_CONFIG_H'
DEPDIR='.deps'
ECHO_C=''
ECHO_N='-n'
ECHO_T=''
EGREP='/bin/grep -E'
EXEEXT=''
GREP='/bin/grep'
IDE_ENABLED_FALSE=''
IDE_ENABLED_TRUE='#'
INSTALL_DATA='${INSTALL} -m 644'
INSTALL_LIBGUI_FALSE=''
INSTALL_LIBGUI_TRUE='#'
INSTALL_PROGRAM='${INSTALL}'
INSTALL_SCRIPT='${INSTALL}'
INSTALL_STRIP_PROGRAM='$(install_sh) -c -s'
ITCL_SH='$$here/$(top_builddir)/../itcl/itcl/unix/itcl_sh$(EXEEXT)'
LDFLAGS=''
LIBGUI_CFLAGS=''
LIBGUI_LIBRARY_DIR='/home/srk/srk/vimconfig/source_nav/sourcenavigator-NG4.5/libgui/library'
LIBOBJS=''
LIBS=''
LTLIBOBJS=''
MAINT='#'
MAINTAINER_MODE_FALSE=''
MAINTAINER_MODE_TRUE='#'
MAKEINFO='${SHELL} /home/srk/srk/vimconfig/source_nav/sourcenavigator-NG4.5/missing --run makeinfo'
OBJEXT='o'
PACKAGE='libgui'
PACKAGE_BUGREPORT=''
PACKAGE_NAME=''
PACKAGE_STRING=''
PACKAGE_TARNAME=''
PACKAGE_VERSION=''
PATH_SEPARATOR=':'
RANLIB='ranlib'
RPATH_ENVVAR=''
SET_MAKE=''
SHELL='/bin/bash'
STRIP=''
TCLCONFIG='/home/srk/srk/vimconfig/source_nav/sourcenavigator-NG4.5/tcl/unix/tclConfig.sh'
TCLHDIR='-I/home/srk/srk/vimconfig/source_nav/sourcenavigator-NG4.5/tcl/generic'
TCL_BIN_DIR=''
TCL_BUILD_LIB_SPEC='-L/home/srk/srk/vimconfig/source_nav/sourcenavigator-NG4.5/tcl/unix -ltcl8.3'
TCL_CFLAGS='-g -O2'
TCL_DBGX=''
TCL_DEFS='-DPACKAGE_NAME=\"\" -DPACKAGE_TARNAME=\"\" -DPACKAGE_VERSION=\"\" -DPACKAGE_STRING=\"\" -DPACKAGE_BUGREPORT=\"\" -DSTDC_HEADERS=1 -DHAVE_SYS_TYPES_H=1 -DHAVE_SYS_STAT_H=1 -DHAVE_STDLIB_H=1 -DHAVE_STRING_H=1 -DHAVE_MEMORY_H=1 -DHAVE_STRINGS_H=1 -DHAVE_INTTYPES_H=1 -DHAVE_STDINT_H=1 -DHAVE_UNISTD_H=1 -DHAVE_UNISTD_H=1 -DHAVE_LIMITS_H=1 -DHAVE_GETCWD=1 -DHAVE_OPENDIR=1 -DHAVE_STRSTR=1 -DHAVE_STRTOL=1 -DHAVE_TMPNAM=1 -DHAVE_WAITPID=1 -DHAVE_UNISTD_H=1 -DHAVE_SYS_PARAM_H=1 -DHAVE_SYS_TIME_H=1 -DTIME_WITH_SYS_TIME=1 -DHAVE_STRUCT_TM_TM_ZONE=1 -DHAVE_TM_ZONE=1 -DHAVE_TM_GMTOFF=1 -DHAVE_TIMEZONE_VAR=1 -DHAVE_TIMEZONE_DECL=1 -DHAVE_STRUCT_STAT_ST_BLKSIZE=1 -DNEED_MATHERR=1 -DRETSIGTYPE=void -DHAVE_SIGNED_CHAR=1 -DHAVE_SYS_IOCTL_H=1 -DSTATIC_BUILD=1'
TCL_LD_FLAGS='-rdynamic'
TCL_LD_SEARCH_FLAGS='-Wl,-rpath,${LIB_RUNTIME_DIR}'
TCL_LIBRARY='/home/srk/srk/vimconfig/source_nav/sourcenavigator-NG4.5/tcl/library'
TCL_LIBS='-ldl  -lieee -lm'
TCL_LIB_FILE='libtcl8.3.a'
TCL_LIB_FULL_PATH='/home/srk/srk/vimconfig/source_nav/sourcenavigator-NG4.5/tcl/unix/libtcl8.3.a'
TCL_LIB_SPEC='-L/opt/sourcenav/lib -ltcl8.3'
TCL_RANLIB='ranlib'
TCL_SHARED_FALSE=''
TCL_SHARED_TRUE='#'
TCL_SHLIB_CFLAGS='-fPIC'
TCL_SHLIB_LD='gcc -pipe -shared'
TKCONFIG='/home/srk/srk/vimconfig/source_nav/sourcenavigator-NG4.5/tk/unix/tkConfig.sh'
TKHDIR='-I/home/srk/srk/vimconfig/source_nav/sourcenavigator-NG4.5/tk/generic'
TK_BUILD_INCLUDES='-I/home/srk/srk/vimconfig/source_nav/sourcenavigator-NG4.5/tk/generic'
TK_BUILD_LIB_SPEC='-L/home/srk/srk/vimconfig/source_nav/sourcenavigator-NG4.5/tk/unix -ltk8.3'
TK_DEFS='-DPACKAGE_NAME=\"\" -DPACKAGE_TARNAME=\"\" -DPACKAGE_VERSION=\"\" -DPACKAGE_STRING=\"\" -DPACKAGE_BUGREPORT=\"\" -DSTDC_HEADERS=1 -DHAVE_SYS_TYPES_H=1 -DHAVE_SYS_STAT_H=1 -DHAVE_STDLIB_H=1 -DHAVE_STRING_H=1 -DHAVE_MEMORY_H=1 -DHAVE_STRINGS_H=1 -DHAVE_INTTYPES_H=1 -DHAVE_STDINT_H=1 -DHAVE_UNISTD_H=1 -DHAVE_UNISTD_H=1 -DHAVE_LIMITS_H=1 -DHAVE_SYS_TIME_H=1 -DTIME_WITH_SYS_TIME=1 -DHAVE_PW_GECOS=1 -DSTATIC_BUILD=1'
TK_LIBS='-lX11 -ldl  -lieee -lm'
TK_LIB_FILE='libtk8.3.a'
TK_LIB_FULL_PATH=''
TK_LIB_SPEC='-L/opt/sourcenav/lib -ltk8.3${TCL_DBGX}'
TK_VERSION='8.3'
TK_XINCLUDES='# no special path needed'
TK_XLIBSW='-lX11'
VERSION='0.0'
ac_ct_CC='gcc'
am__fastdepCC_FALSE='#'
am__fastdepCC_TRUE=''
am__include='include'
am__isrc=''
am__leading_dot='.'
am__quote=''
am__tar='${AMTAR} chof - "$$tardir"'
am__untar='${AMTAR} xf -'
bindir='${exec_prefix}/bin'
build='i686-pc-linux-gnu'
build_alias=''
build_cpu='i686'
build_os='linux-gnu'
build_vendor='pc'
datadir='${datarootdir}'
datarootdir='${prefix}/share'
docdir='${datarootdir}/doc/${PACKAGE}'
dvidir='${docdir}'
exec_prefix='${prefix}'
host='i686-pc-linux-gnu'
host_alias=''
host_cpu='i686'
host_os='linux-gnu'
host_vendor='pc'
htmldir='${docdir}'
includedir='${prefix}/include'
infodir='${datarootdir}/info'
install_sh='$(SHELL) /home/srk/srk/vimconfig/source_nav/sourcenavigator-NG4.5/install-sh'
libdir='${exec_prefix}/lib'
libexecdir='${exec_prefix}/libexec'
localedir='${datarootdir}/locale'
localstatedir='${prefix}/var'
mandir='${datarootdir}/man'
mkdir_p='/bin/mkdir -p'
oldincludedir='/usr/include'
pdfdir='${docdir}'
prefix='/opt/sourcenav'
program_transform_name='s,x,x,'
psdir='${docdir}'
sbindir='${exec_prefix}/sbin'
sharedstatedir='${prefix}/com'
sysconfdir='${prefix}/etc'
target_alias=''

## ----------- ##
## confdefs.h. ##
## ----------- ##

#define PACKAGE_NAME ""
#define PACKAGE_TARNAME ""
#define PACKAGE_VERSION ""
#define PACKAGE_STRING ""
#define PACKAGE_BUGREPORT ""
#define PACKAGE "libgui"
#define VERSION "0.0"
#define STDC_HEADERS 1
#define HAVE_SYS_TYPES_H 1
#define HAVE_SYS_STAT_H 1
#define HAVE_STDLIB_H 1
#define HAVE_STRING_H 1
#define HAVE_MEMORY_H 1
#define HAVE_STRINGS_H 1
#define HAVE_INTTYPES_H 1
#define HAVE_STDINT_H 1
#define HAVE_UNISTD_H 1
#define HAVE_ALLOCA_H 1
#define HAVE_ALLOCA 1
#define HAVE_STDDEF_H 1
#define HAVE_STDLIB_H 1
#define HAVE_GETOPT_H 1
#define HAVE_UNISTD_H 1
#define HAVE_FCNTL_H 1
#define HAVE_SYS_FILE_H 1
#define HAVE_SYS_WAIT_H 1
#define HAVE_STRING_H 1
#define HAVE_STRINGS_H 1
#define HAVE_RAISE 1
#define HAVE_RANDOM 1
#define HAVE_STRNCASECMP_DECL 1

configure: exit 0
