This file contains any messages produced by compilers while
running configure, to aid debugging if configure makes a mistake.

It was created by configure, which was
generated by GNU Autoconf 2.61.  Invocation command line was

  $ ./configure --prefix=/opt/sourcenav

## --------- ##
## Platform. ##
## --------- ##

hostname = srk-Latitude-E5530-non-vPro
uname -m = i686
uname -r = 3.2.0-45-generic
uname -s = Linux
uname -v = #70-Ubuntu SMP Wed May 29 20:11:31 UTC 2013

/usr/bin/uname -p = unknown
/bin/uname -X     = unknown

/bin/arch              = unknown
/usr/bin/arch -k       = unknown
/usr/convex/getsysinfo = unknown
/usr/bin/hostinfo      = unknown
/bin/machine           = unknown
/usr/bin/oslevel       = unknown
/bin/universe          = unknown

PATH: /usr/local/sbin
PATH: /usr/local/bin
PATH: /usr/sbin
PATH: /usr/bin
PATH: /sbin
PATH: /bin


## ----------- ##
## Core tests. ##
## ----------- ##

configure:1670: checking build system type
configure:1688: result: i686-pc-linux-gnu
configure:1710: checking host system type
configure:1725: result: i686-pc-linux-gnu
configure:1747: checking target system type
configure:1762: result: i686-pc-linux-gnu
configure:1955: creating ./config.status

## ---------------------- ##
## Running config.status. ##
## ---------------------- ##

This file was extended by config.status, which was
generated by GNU Autoconf 2.61.  Invocation command line was

  CONFIG_FILES    = 
  CONFIG_HEADERS  = 
  CONFIG_LINKS    = 
  CONFIG_COMMANDS = 
  $ ./config.status 

on srk-Latitude-E5530-non-vPro

config.status:578: creating Makefile
configure:2898: === configuring in tcl (/home/srk/srk/vimconfig/source_nav/sourcenavigator-NG4.5/tcl)
configure:3001: running /bin/bash ./configure '--prefix=/opt/sourcenav'  --cache-file=/dev/null --srcdir=.
configure:2898: === configuring in tk (/home/srk/srk/vimconfig/source_nav/sourcenavigator-NG4.5/tk)
configure:3001: running /bin/bash ./configure '--prefix=/opt/sourcenav'  --cache-file=/dev/null --srcdir=.
configure:2898: === configuring in itcl (/home/srk/srk/vimconfig/source_nav/sourcenavigator-NG4.5/itcl)
configure:3001: running /bin/bash ./configure '--prefix=/opt/sourcenav'  --cache-file=/dev/null --srcdir=.
configure:2898: === configuring in tix (/home/srk/srk/vimconfig/source_nav/sourcenavigator-NG4.5/tix)
configure:3001: running /bin/bash ./configure '--prefix=/opt/sourcenav'  --cache-file=/dev/null --srcdir=.
configure:2898: === configuring in libgui (/home/srk/srk/vimconfig/source_nav/sourcenavigator-NG4.5/libgui)
configure:3001: running /bin/bash ./configure '--prefix=/opt/sourcenav'  --cache-file=/dev/null --srcdir=.
configure:2898: === configuring in db4/PORT (/home/srk/srk/vimconfig/source_nav/sourcenavigator-NG4.5/db4/PORT)
configure:3001: running /bin/bash ./configure '--prefix=/opt/sourcenav'  --cache-file=/dev/null --srcdir=.
configure:2898: === configuring in snavigator (/home/srk/srk/vimconfig/source_nav/sourcenavigator-NG4.5/snavigator)
configure:3001: running /bin/bash ./configure '--prefix=/opt/sourcenav'  --cache-file=/dev/null --srcdir=.

## ---------------- ##
## Cache variables. ##
## ---------------- ##

ac_cv_build=i686-pc-linux-gnu
ac_cv_env_build_alias_set=
ac_cv_env_build_alias_value=
ac_cv_env_host_alias_set=
ac_cv_env_host_alias_value=
ac_cv_env_target_alias_set=
ac_cv_env_target_alias_value=
ac_cv_host=i686-pc-linux-gnu
ac_cv_target=i686-pc-linux-gnu

## ----------------- ##
## Output variables. ##
## ----------------- ##

DEFS='-DPACKAGE_NAME=\"\" -DPACKAGE_TARNAME=\"\" -DPACKAGE_VERSION=\"\" -DPACKAGE_STRING=\"\" -DPACKAGE_BUGREPORT=\"\"'
ECHO_C=''
ECHO_N='-n'
ECHO_T=''
LIBOBJS=''
LIBS=''
LTLIBOBJS=''
PACKAGE_BUGREPORT=''
PACKAGE_NAME=''
PACKAGE_STRING=''
PACKAGE_TARNAME=''
PACKAGE_VERSION=''
PATH_SEPARATOR=':'
SHELL='/bin/bash'
TOP_SUBDIRS='tcl tk itcl tix libgui db4/PORT snavigator'
bindir='${exec_prefix}/bin'
build='i686-pc-linux-gnu'
build_alias=''
build_cpu='i686'
build_os='linux-gnu'
build_vendor='pc'
datadir='${datarootdir}'
datarootdir='${prefix}/share'
docdir='${datarootdir}/doc/${PACKAGE}'
dvidir='${docdir}'
exec_prefix='${prefix}'
host='i686-pc-linux-gnu'
host_alias=''
host_cpu='i686'
host_os='linux-gnu'
host_vendor='pc'
htmldir='${docdir}'
includedir='${prefix}/include'
infodir='${datarootdir}/info'
libdir='${exec_prefix}/lib'
libexecdir='${exec_prefix}/libexec/snavigator'
localedir='${datarootdir}/locale'
localstatedir='${prefix}/var'
mandir='${datarootdir}/man'
oldincludedir='/usr/include'
pdfdir='${docdir}'
prefix='/opt/sourcenav'
program_transform_name='s,x,x,'
psdir='${docdir}'
sbindir='${exec_prefix}/sbin'
sharedstatedir='${prefix}/com'
subdirs=' tcl tk itcl tix libgui db4/PORT snavigator'
sysconfdir='${prefix}/etc'
target='i686-pc-linux-gnu'
target_alias=''
target_cpu='i686'
target_os='linux-gnu'
target_vendor='pc'

## ----------- ##
## confdefs.h. ##
## ----------- ##

#define PACKAGE_NAME ""
#define PACKAGE_TARNAME ""
#define PACKAGE_VERSION ""
#define PACKAGE_STRING ""
#define PACKAGE_BUGREPORT ""

configure: exit 0
