This file contains any messages produced by compilers while
running configure, to aid debugging if configure makes a mistake.

It was created by configure, which was
generated by GNU Autoconf 2.61.  Invocation command line was

  $ ./configure --prefix=/opt/sourcenav --cache-file=/dev/null --srcdir=.

## --------- ##
## Platform. ##
## --------- ##

hostname = srk-Latitude-E5530-non-vPro
uname -m = i686
uname -r = 3.2.0-45-generic
uname -s = Linux
uname -v = #70-Ubuntu SMP Wed May 29 20:11:31 UTC 2013

/usr/bin/uname -p = unknown
/bin/uname -X     = unknown

/bin/arch              = unknown
/usr/bin/arch -k       = unknown
/usr/convex/getsysinfo = unknown
/usr/bin/hostinfo      = unknown
/bin/machine           = unknown
/usr/bin/oslevel       = unknown
/bin/universe          = unknown

PATH: /usr/local/sbin
PATH: /usr/local/bin
PATH: /usr/sbin
PATH: /usr/bin
PATH: /sbin
PATH: /bin


## ----------- ##
## Core tests. ##
## ----------- ##

configure:1779: checking build system type
configure:1797: result: i686-pc-linux-gnu
configure:1819: checking host system type
configure:1834: result: i686-pc-linux-gnu
configure:1958: checking for gcc
configure:1974: found /usr/bin/gcc
configure:1985: result: gcc
configure:2223: checking for C compiler version
configure:2230: gcc --version >&5
gcc (Ubuntu/Linaro 4.6.3-1ubuntu5) 4.6.3
Copyright (C) 2011 Free Software Foundation, Inc.
This is free software; see the source for copying conditions.  There is NO
warranty; not even for MERCHANTABILITY or FITNESS FOR A PARTICULAR PURPOSE.

configure:2233: $? = 0
configure:2240: gcc -v >&5
Using built-in specs.
COLLECT_GCC=gcc
COLLECT_LTO_WRAPPER=/usr/lib/gcc/i686-linux-gnu/4.6/lto-wrapper
Target: i686-linux-gnu
Configured with: ../src/configure -v --with-pkgversion='Ubuntu/Linaro 4.6.3-1ubuntu5' --with-bugurl=file:///usr/share/doc/gcc-4.6/README.Bugs --enable-languages=c,c++,fortran,objc,obj-c++ --prefix=/usr --program-suffix=-4.6 --enable-shared --enable-linker-build-id --with-system-zlib --libexecdir=/usr/lib --without-included-gettext --enable-threads=posix --with-gxx-include-dir=/usr/include/c++/4.6 --libdir=/usr/lib --enable-nls --with-sysroot=/ --enable-clocale=gnu --enable-libstdcxx-debug --enable-libstdcxx-time=yes --enable-gnu-unique-object --enable-plugin --enable-objc-gc --enable-targets=all --disable-werror --with-arch-32=i686 --with-tune=generic --enable-checking=release --build=i686-linux-gnu --host=i686-linux-gnu --target=i686-linux-gnu
Thread model: posix
gcc version 4.6.3 (Ubuntu/Linaro 4.6.3-1ubuntu5) 
configure:2243: $? = 0
configure:2250: gcc -V >&5
gcc: error: unrecognized option '-V'
gcc: fatal error: no input files
compilation terminated.
configure:2253: $? = 4
configure:2276: checking for C compiler default output file name
configure:2303: gcc    conftest.c  >&5
configure:2306: $? = 0
configure:2344: result: a.out
configure:2361: checking whether the C compiler works
configure:2371: ./a.out
configure:2374: $? = 0
configure:2391: result: yes
configure:2398: checking whether we are cross compiling
configure:2400: result: no
configure:2403: checking for suffix of executables
configure:2410: gcc -o conftest    conftest.c  >&5
configure:2413: $? = 0
configure:2437: result: 
configure:2443: checking for suffix of object files
configure:2469: gcc -c   conftest.c >&5
configure:2472: $? = 0
configure:2495: result: o
configure:2499: checking whether we are using the GNU C compiler
configure:2528: gcc -c   conftest.c >&5
configure:2534: $? = 0
configure:2551: result: yes
configure:2556: checking whether gcc accepts -g
configure:2586: gcc -c -g  conftest.c >&5
configure:2592: $? = 0
configure:2691: result: yes
configure:2708: checking for gcc option to accept ISO C89
configure:2782: gcc  -c -g -O2  conftest.c >&5
configure:2788: $? = 0
configure:2811: result: none needed
configure:2843: checking for a BSD-compatible install
configure:2899: result: /usr/bin/install -c
configure:2915: checking whether make sets $(MAKE)
configure:2936: result: yes
configure:2993: checking for ranlib
configure:3009: found /usr/bin/ranlib
configure:3020: result: ranlib
configure:3180: checking for Tcl configuration
configure:3257: result: found /home/srk/srk/vimconfig/source_nav/sourcenavigator-NG4.5/tcl/unix/tclConfig.sh
configure:3263: checking for existence of /home/srk/srk/vimconfig/source_nav/sourcenavigator-NG4.5/tcl/unix/tclConfig.sh
configure:3267: result: loading
configure:3313: checking for Tcl private include files
configure:3349: result: Using srcdir found in tclConfig.sh: /home/srk/srk/vimconfig/source_nav/sourcenavigator-NG4.5/tcl
configure:3419: checking for building with threads
configure:3529: result: no (default)
configure:3541: checking how to build libraries
configure:3567: result: static
configure:3615: checking for build with symbols
configure:3629: result: no
configure:4539: creating ./config.status

## ---------------------- ##
## Running config.status. ##
## ---------------------- ##

This file was extended by config.status, which was
generated by GNU Autoconf 2.61.  Invocation command line was

  CONFIG_FILES    = 
  CONFIG_HEADERS  = 
  CONFIG_LINKS    = 
  CONFIG_COMMANDS = 
  $ ./config.status 

on srk-Latitude-E5530-non-vPro

config.status:658: creating Makefile
config.status:793: WARNING:  Makefile.in seems to ignore the --datarootdir setting
config.status:658: creating itclConfig.sh
config.status:658: creating pkgIndex.tcl

## ---------------- ##
## Cache variables. ##
## ---------------- ##

ac_cv_build=i686-pc-linux-gnu
ac_cv_c_compiler_gnu=yes
ac_cv_c_tclconfig=/home/srk/srk/vimconfig/source_nav/sourcenavigator-NG4.5/tcl/unix
ac_cv_env_CC_set=
ac_cv_env_CC_value=
ac_cv_env_CFLAGS_set=
ac_cv_env_CFLAGS_value=
ac_cv_env_CPPFLAGS_set=
ac_cv_env_CPPFLAGS_value=
ac_cv_env_LDFLAGS_set=
ac_cv_env_LDFLAGS_value=
ac_cv_env_LIBS_set=
ac_cv_env_LIBS_value=
ac_cv_env_build_alias_set=
ac_cv_env_build_alias_value=
ac_cv_env_host_alias_set=
ac_cv_env_host_alias_value=
ac_cv_env_target_alias_set=
ac_cv_env_target_alias_value=
ac_cv_host=i686-pc-linux-gnu
ac_cv_itclstub_LIB_FILE=libitclstub3.2.a
ac_cv_objext=o
ac_cv_path_install='/usr/bin/install -c'
ac_cv_prog_ac_ct_CC=gcc
ac_cv_prog_ac_ct_RANLIB=ranlib
ac_cv_prog_cc_c89=
ac_cv_prog_cc_g=yes
ac_cv_prog_make_make_set=yes

## ----------------- ##
## Output variables. ##
## ----------------- ##

CC='gcc'
CFLAGS='-g -O2 ${CFLAGS_DEFAULT} '
CFLAGS_DEBUG='-g'
CFLAGS_DEFAULT='$(CFLAGS_OPTIMIZE)'
CFLAGS_OPTIMIZE=' -D__NO_STRING_INLINES -D__NO_MATH_INLINES'
CLEANFILES=''
CPPFLAGS=''
CYGPATH='echo'
DEFS='-DPACKAGE_NAME=\"\" -DPACKAGE_TARNAME=\"\" -DPACKAGE_VERSION=\"\" -DPACKAGE_STRING=\"\" -DPACKAGE_BUGREPORT=\"\" -DVERSION=\"3.2\" -DSTATIC_BUILD=1'
ECHO_C=''
ECHO_N='-n'
ECHO_T=''
EXEEXT=''
INSTALL_DATA='${INSTALL} -m 644'
INSTALL_PROGRAM='${INSTALL}'
INSTALL_SCRIPT='${INSTALL}'
ITCL_BUILD_LIB_SPEC='-L/home/srk/srk/vimconfig/source_nav/sourcenavigator-NG4.5/itcl/itcl -litcl3.2${TCL_DBGX}'
ITCL_BUILD_STUB_LIB_SPEC='-L/home/srk/srk/vimconfig/source_nav/sourcenavigator-NG4.5/itcl/itcl -litclstub3.2${TCL_DBGX}'
ITCL_GENERIC_DIR_NATIVE='/home/srk/srk/vimconfig/source_nav/sourcenavigator-NG4.5/itcl/itcl/generic'
ITCL_INCLUDES='-I"/home/srk/srk/vimconfig/source_nav/sourcenavigator-NG4.5/itcl/itcl/generic" -I"/home/srk/srk/vimconfig/source_nav/sourcenavigator-NG4.5/itcl/itcl/unix"'
ITCL_LIB_FILE='libitcl3.2.a'
ITCL_LIB_FULL_PATH='/home/srk/srk/vimconfig/source_nav/sourcenavigator-NG4.5/itcl/itcl/libitcl3.2.a'
ITCL_LIB_SPEC='-L/opt/sourcenav/lib -litcl3.2${TCL_DBGX}'
ITCL_MAJOR_VERSION='3'
ITCL_MINOR_VERSION='2'
ITCL_RELEASE_LEVEL='.0'
ITCL_SH='NONE'
ITCL_SRC_DIR='/home/srk/srk/vimconfig/source_nav/sourcenavigator-NG4.5/itcl/itcl'
ITCL_STUB_LIB_FILE='libitclstub3.2.a'
ITCL_STUB_LIB_FULL_PATH='/home/srk/srk/vimconfig/source_nav/sourcenavigator-NG4.5/itcl/itcl/libitclstub3.2.a'
ITCL_STUB_LIB_SPEC='-L/opt/sourcenav/lib -litclstub3.2${TCL_DBGX}'
ITCL_UNIX_DIR_NATIVE='/home/srk/srk/vimconfig/source_nav/sourcenavigator-NG4.5/itcl/itcl/unix'
ITCL_VERSION='3.2'
ITCL_WIN_DIR_NATIVE='/home/srk/srk/vimconfig/source_nav/sourcenavigator-NG4.5/itcl/itcl/win'
LDFLAGS=''
LDFLAGS_DEBUG=''
LDFLAGS_DEFAULT='$(LDFLAGS_OPTIMIZE)'
LDFLAGS_OPTIMIZE=''
LIBOBJS=''
LIBS=''
LTLIBOBJS=''
MAKE_LIB='${STLIB_LD} $@ $($@_OBJECTS)'
MAKE_SHARED_LIB='${SHLIB_LD} -o $@ $($@_OBJECTS) ${SHLIB_LDFLAGS} ${SHLIB_LD_LIBS}'
MAKE_STATIC_LIB='${STLIB_LD} $@ $($@_OBJECTS)'
OBJEXT='o'
PACKAGE='itcl'
PACKAGE_BUGREPORT=''
PACKAGE_NAME=''
PACKAGE_STRING=''
PACKAGE_TARNAME=''
PACKAGE_VERSION=''
PATH_SEPARATOR=':'
PLATFORM_DIR='$(UNIX_DIR)'
PLATFORM_OBJECTS='$(UNIX_OBJECTS)'
PLATFORM_SOURCES='$(UNIX_SOURCES)'
POST_MAKE_LIB='${RANLIB} $@'
POST_MAKE_STATIC_LIB='${RANLIB} $@'
RANLIB='ranlib'
RELPATH='..'
SET_MAKE=''
SHELL='/bin/bash'
SHLIB_CFLAGS='-fPIC'
SHLIB_LD='gcc -pipe -shared'
SHLIB_LDFLAGS=''
SHLIB_LD_LIBS=''
STLIB_LD='${AR} cr'
TCL_BIN_DIR='/home/srk/srk/vimconfig/source_nav/sourcenavigator-NG4.5/tcl/unix'
TCL_BMAP_DIR_NATIVE='$(TCL_TOP_DIR_NATIVE)/bitmaps'
TCL_BUILD_LIB_SPEC='-L/home/srk/srk/vimconfig/source_nav/sourcenavigator-NG4.5/tcl/unix -ltcl8.3${TCL_DBGX}'
TCL_BUILD_STUB_LIB_SPEC='-L/home/srk/srk/vimconfig/source_nav/sourcenavigator-NG4.5/tcl/unix -ltclstub8.3${TCL_DBGX}'
TCL_DBGX=''
TCL_DEFS='-DPACKAGE_NAME=\"\" -DPACKAGE_TARNAME=\"\" -DPACKAGE_VERSION=\"\" -DPACKAGE_STRING=\"\" -DPACKAGE_BUGREPORT=\"\" -DSTDC_HEADERS=1 -DHAVE_SYS_TYPES_H=1 -DHAVE_SYS_STAT_H=1 -DHAVE_STDLIB_H=1 -DHAVE_STRING_H=1 -DHAVE_MEMORY_H=1 -DHAVE_STRINGS_H=1 -DHAVE_INTTYPES_H=1 -DHAVE_STDINT_H=1 -DHAVE_UNISTD_H=1 -DHAVE_UNISTD_H=1 -DHAVE_LIMITS_H=1 -DHAVE_GETCWD=1 -DHAVE_OPENDIR=1 -DHAVE_STRSTR=1 -DHAVE_STRTOL=1 -DHAVE_TMPNAM=1 -DHAVE_WAITPID=1 -DHAVE_UNISTD_H=1 -DHAVE_SYS_PARAM_H=1 -DHAVE_SYS_TIME_H=1 -DTIME_WITH_SYS_TIME=1 -DHAVE_STRUCT_TM_TM_ZONE=1 -DHAVE_TM_ZONE=1 -DHAVE_TM_GMTOFF=1 -DHAVE_TIMEZONE_VAR=1 -DHAVE_TIMEZONE_DECL=1 -DHAVE_STRUCT_STAT_ST_BLKSIZE=1 -DNEED_MATHERR=1 -DRETSIGTYPE=void -DHAVE_SIGNED_CHAR=1 -DHAVE_SYS_IOCTL_H=1 -DSTATIC_BUILD=1'
TCL_EXTRA_CFLAGS=''
TCL_GENERIC_DIR_NATIVE='$(TCL_TOP_DIR_NATIVE)/generic'
TCL_INCLUDES='-I$(TCL_TOP_DIR_NATIVE)/generic -I$(TCL_TOP_DIR_NATIVE)/unix'
TCL_LD_FLAGS='-rdynamic'
TCL_LIBS='-ldl  -lieee -lm'
TCL_LIB_FILE='libtcl8.3.a'
TCL_LIB_SPEC='-L/opt/sourcenav/lib -ltcl8.3${TCL_DBGX}'
TCL_PLATFORM_DIR_NATIVE='$(TCL_TOP_DIR_NATIVE)/unix'
TCL_SHLIB_LD_LIBS=''
TCL_SRC_DIR='/home/srk/srk/vimconfig/source_nav/sourcenavigator-NG4.5/tcl'
TCL_STUB_LIB_FILE='libtclstub8.3${TCL_DBGX}.a'
TCL_STUB_LIB_SPEC='-L/opt/sourcenav/lib -ltclstub8.3${TCL_DBGX}'
TCL_TOOL_DIR_NATIVE='$(TCL_TOP_DIR_NATIVE)/tools'
TCL_TOP_DIR_NATIVE='$(TCL_SRC_DIR)'
TCL_UNIX_DIR_NATIVE='$(TCL_TOP_DIR_NATIVE)/unix'
TCL_WIN_DIR_NATIVE='$(TCL_TOP_DIR_NATIVE)/win'
VERSION='3.2'
WINLIBEXT=''
WINLIBPRE=''
ac_ct_CC='gcc'
bindir='${exec_prefix}/bin'
build='i686-pc-linux-gnu'
build_alias=''
build_cpu='i686'
build_os='linux-gnu'
build_vendor='pc'
datadir='${datarootdir}'
datarootdir='${prefix}/share'
docdir='${datarootdir}/doc/${PACKAGE}'
dvidir='${docdir}'
exec_prefix='/opt/sourcenav'
host='i686-pc-linux-gnu'
host_alias=''
host_cpu='i686'
host_os='linux-gnu'
host_vendor='pc'
htmldir='${docdir}'
includedir='${prefix}/include'
infodir='${datarootdir}/info'
itcl_LIB_FILE='libitcl3.2.a'
itclstub_LIB_FILE='libitclstub3.2.a'
libdir='${exec_prefix}/lib'
libexecdir='${exec_prefix}/libexec'
localedir='${datarootdir}/locale'
localstatedir='${prefix}/var'
mandir='${datarootdir}/man'
oldincludedir='/usr/include'
pdfdir='${docdir}'
prefix='/opt/sourcenav'
program_transform_name='s,x,x,'
psdir='${docdir}'
sbindir='${exec_prefix}/sbin'
sharedstatedir='${prefix}/com'
sysconfdir='${prefix}/etc'
target_alias=''

## ----------- ##
## confdefs.h. ##
## ----------- ##

#define PACKAGE_NAME ""
#define PACKAGE_TARNAME ""
#define PACKAGE_VERSION ""
#define PACKAGE_STRING ""
#define PACKAGE_BUGREPORT ""
#define VERSION "3.2"
#define STATIC_BUILD 1

configure: exit 0
