This file contains any messages produced by compilers while
running configure, to aid debugging if configure makes a mistake.

It was created by configure, which was
generated by GNU Autoconf 2.61.  Invocation command line was

  $ ./configure --prefix=/opt/sourcenav --cache-file=/dev/null --srcdir=.

## --------- ##
## Platform. ##
## --------- ##

hostname = srk-Latitude-E5530-non-vPro
uname -m = i686
uname -r = 3.2.0-45-generic
uname -s = Linux
uname -v = #70-Ubuntu SMP Wed May 29 20:11:31 UTC 2013

/usr/bin/uname -p = unknown
/bin/uname -X     = unknown

/bin/arch              = unknown
/usr/bin/arch -k       = unknown
/usr/convex/getsysinfo = unknown
/usr/bin/hostinfo      = unknown
/bin/machine           = unknown
/usr/bin/oslevel       = unknown
/bin/universe          = unknown

PATH: /usr/local/sbin
PATH: /usr/local/bin
PATH: /usr/sbin
PATH: /usr/bin
PATH: /sbin
PATH: /bin


## ----------- ##
## Core tests. ##
## ----------- ##

configure:1817: checking for a BSD-compatible install
configure:1873: result: /usr/bin/install -c
configure:1884: checking whether build environment is sane
configure:1927: result: yes
configure:1955: checking for a thread-safe mkdir -p
configure:1994: result: /bin/mkdir -p
configure:2007: checking for gawk
configure:2037: result: no
configure:2007: checking for mawk
configure:2023: found /usr/bin/mawk
configure:2034: result: mawk
configure:2045: checking whether make sets $(MAKE)
configure:2066: result: yes
configure:2254: checking whether to enable maintainer-specific portions of Makefiles
configure:2263: result: no
configure:2297: checking build system type
configure:2315: result: i686-pc-linux-gnu
configure:2337: checking host system type
configure:2352: result: i686-pc-linux-gnu
configure:2423: checking for gcc
configure:2439: found /usr/bin/gcc
configure:2450: result: gcc
configure:2688: checking for C compiler version
configure:2695: gcc --version >&5
gcc (Ubuntu/Linaro 4.6.3-1ubuntu5) 4.6.3
Copyright (C) 2011 Free Software Foundation, Inc.
This is free software; see the source for copying conditions.  There is NO
warranty; not even for MERCHANTABILITY or FITNESS FOR A PARTICULAR PURPOSE.

configure:2698: $? = 0
configure:2705: gcc -v >&5
Using built-in specs.
COLLECT_GCC=gcc
COLLECT_LTO_WRAPPER=/usr/lib/gcc/i686-linux-gnu/4.6/lto-wrapper
Target: i686-linux-gnu
Configured with: ../src/configure -v --with-pkgversion='Ubuntu/Linaro 4.6.3-1ubuntu5' --with-bugurl=file:///usr/share/doc/gcc-4.6/README.Bugs --enable-languages=c,c++,fortran,objc,obj-c++ --prefix=/usr --program-suffix=-4.6 --enable-shared --enable-linker-build-id --with-system-zlib --libexecdir=/usr/lib --without-included-gettext --enable-threads=posix --with-gxx-include-dir=/usr/include/c++/4.6 --libdir=/usr/lib --enable-nls --with-sysroot=/ --enable-clocale=gnu --enable-libstdcxx-debug --enable-libstdcxx-time=yes --enable-gnu-unique-object --enable-plugin --enable-objc-gc --enable-targets=all --disable-werror --with-arch-32=i686 --with-tune=generic --enable-checking=release --build=i686-linux-gnu --host=i686-linux-gnu --target=i686-linux-gnu
Thread model: posix
gcc version 4.6.3 (Ubuntu/Linaro 4.6.3-1ubuntu5) 
configure:2708: $? = 0
configure:2715: gcc -V >&5
gcc: error: unrecognized option '-V'
gcc: fatal error: no input files
compilation terminated.
configure:2718: $? = 4
configure:2741: checking for C compiler default output file name
configure:2768: gcc    conftest.c  >&5
configure:2771: $? = 0
configure:2809: result: a.out
configure:2826: checking whether the C compiler works
configure:2836: ./a.out
configure:2839: $? = 0
configure:2856: result: yes
configure:2863: checking whether we are cross compiling
configure:2865: result: no
configure:2868: checking for suffix of executables
configure:2875: gcc -o conftest    conftest.c  >&5
configure:2878: $? = 0
configure:2902: result: 
configure:2908: checking for suffix of object files
configure:2934: gcc -c   conftest.c >&5
configure:2937: $? = 0
configure:2960: result: o
configure:2964: checking whether we are using the GNU C compiler
configure:2993: gcc -c   conftest.c >&5
configure:2999: $? = 0
configure:3016: result: yes
configure:3021: checking whether gcc accepts -g
configure:3051: gcc -c -g  conftest.c >&5
configure:3057: $? = 0
configure:3156: result: yes
configure:3173: checking for gcc option to accept ISO C89
configure:3247: gcc  -c -g -O2  conftest.c >&5
configure:3253: $? = 0
configure:3276: result: none needed
configure:3305: checking for style of include used by make
configure:3333: result: GNU
configure:3358: checking dependency style of gcc
configure:3449: result: gcc3
configure:3469: checking how to run the C preprocessor
configure:3509: gcc -E  conftest.c
configure:3515: $? = 0
configure:3546: gcc -E  conftest.c
conftest.c:10:28: fatal error: ac_nonexistent.h: No such file or directory
compilation terminated.
configure:3552: $? = 1
configure: failed program was:
| /* confdefs.h.  */
| #define PACKAGE_NAME ""
| #define PACKAGE_TARNAME ""
| #define PACKAGE_VERSION ""
| #define PACKAGE_STRING ""
| #define PACKAGE_BUGREPORT ""
| #define PACKAGE "sn"
| #define VERSION "NG3"
| /* end confdefs.h.  */
| #include <ac_nonexistent.h>
configure:3585: result: gcc -E
configure:3614: gcc -E  conftest.c
configure:3620: $? = 0
configure:3651: gcc -E  conftest.c
conftest.c:10:28: fatal error: ac_nonexistent.h: No such file or directory
compilation terminated.
configure:3657: $? = 1
configure: failed program was:
| /* confdefs.h.  */
| #define PACKAGE_NAME ""
| #define PACKAGE_TARNAME ""
| #define PACKAGE_VERSION ""
| #define PACKAGE_STRING ""
| #define PACKAGE_BUGREPORT ""
| #define PACKAGE "sn"
| #define VERSION "NG3"
| /* end confdefs.h.  */
| #include <ac_nonexistent.h>
configure:3701: checking for gawk
configure:3728: result: mawk
configure:3782: checking for ranlib
configure:3798: found /usr/bin/ranlib
configure:3809: result: ranlib
configure:3859: checking for Tcl configuration script
configure:3921: result: /home/srk/srk/vimconfig/source_nav/sourcenavigator-NG4.5/tcl/unix/tclConfig.sh
configure:3986: checking for grep that handles long lines and -e
configure:4060: result: /bin/grep
configure:4065: checking for egrep
configure:4143: result: /bin/grep -E
configure:4148: checking for ANSI C header files
configure:4178: gcc -c -g -O2  conftest.c >&5
configure:4184: $? = 0
configure:4283: gcc -o conftest -g -O2   conftest.c  >&5
configure:4286: $? = 0
configure:4292: ./conftest
configure:4295: $? = 0
configure:4312: result: yes
configure:4336: checking for sys/types.h
configure:4357: gcc -c -g -O2  conftest.c >&5
configure:4363: $? = 0
configure:4379: result: yes
configure:4336: checking for sys/stat.h
configure:4357: gcc -c -g -O2  conftest.c >&5
configure:4363: $? = 0
configure:4379: result: yes
configure:4336: checking for stdlib.h
configure:4357: gcc -c -g -O2  conftest.c >&5
configure:4363: $? = 0
configure:4379: result: yes
configure:4336: checking for string.h
configure:4357: gcc -c -g -O2  conftest.c >&5
configure:4363: $? = 0
configure:4379: result: yes
configure:4336: checking for memory.h
configure:4357: gcc -c -g -O2  conftest.c >&5
configure:4363: $? = 0
configure:4379: result: yes
configure:4336: checking for strings.h
configure:4357: gcc -c -g -O2  conftest.c >&5
configure:4363: $? = 0
configure:4379: result: yes
configure:4336: checking for inttypes.h
configure:4357: gcc -c -g -O2  conftest.c >&5
configure:4363: $? = 0
configure:4379: result: yes
configure:4336: checking for stdint.h
configure:4357: gcc -c -g -O2  conftest.c >&5
configure:4363: $? = 0
configure:4379: result: yes
configure:4336: checking for unistd.h
configure:4357: gcc -c -g -O2  conftest.c >&5
configure:4363: $? = 0
configure:4379: result: yes
configure:4396: checking for unistd.h
configure:4402: result: yes
configure:4534: checking for cygwin32
configure:4559: result: no
configure:4562: checking for Microsoft Visual C++
configure:4587: result: no
configure:4590: checking for Mingw32
configure:4615: result: no
configure:4808: creating ./config.status

## ---------------------- ##
## Running config.status. ##
## ---------------------- ##

This file was extended by config.status, which was
generated by GNU Autoconf 2.61.  Invocation command line was

  CONFIG_FILES    = 
  CONFIG_HEADERS  = 
  CONFIG_LINKS    = 
  CONFIG_COMMANDS = 
  $ ./config.status 

on srk-Latitude-E5530-non-vPro

config.status:680: creating Makefile
config.status:680: creating config.h
config.status:952: executing depfiles commands

## ---------------- ##
## Cache variables. ##
## ---------------- ##

ac_cv_build=i686-pc-linux-gnu
ac_cv_c_compiler_gnu=yes
ac_cv_c_tclconfig=/home/srk/srk/vimconfig/source_nav/sourcenavigator-NG4.5/tcl/unix
ac_cv_env_CC_set=
ac_cv_env_CC_value=
ac_cv_env_CFLAGS_set=
ac_cv_env_CFLAGS_value=
ac_cv_env_CPPFLAGS_set=
ac_cv_env_CPPFLAGS_value=
ac_cv_env_CPP_set=
ac_cv_env_CPP_value=
ac_cv_env_LDFLAGS_set=
ac_cv_env_LDFLAGS_value=
ac_cv_env_LIBS_set=
ac_cv_env_LIBS_value=
ac_cv_env_build_alias_set=
ac_cv_env_build_alias_value=
ac_cv_env_host_alias_set=
ac_cv_env_host_alias_value=
ac_cv_env_target_alias_set=
ac_cv_env_target_alias_value=
ac_cv_header_inttypes_h=yes
ac_cv_header_memory_h=yes
ac_cv_header_stdc=yes
ac_cv_header_stdint_h=yes
ac_cv_header_stdlib_h=yes
ac_cv_header_string_h=yes
ac_cv_header_strings_h=yes
ac_cv_header_sys_stat_h=yes
ac_cv_header_sys_types_h=yes
ac_cv_header_unistd_h=yes
ac_cv_host=i686-pc-linux-gnu
ac_cv_objext=o
ac_cv_path_EGREP='/bin/grep -E'
ac_cv_path_GREP=/bin/grep
ac_cv_path_install='/usr/bin/install -c'
ac_cv_path_mkdir=/bin/mkdir
ac_cv_prog_AWK=mawk
ac_cv_prog_CPP='gcc -E'
ac_cv_prog_ac_ct_CC=gcc
ac_cv_prog_ac_ct_RANLIB=ranlib
ac_cv_prog_cc_c89=
ac_cv_prog_cc_g=yes
ac_cv_prog_make_make_set=yes
am_cv_CC_dependencies_compiler_type=gcc3
ide_cv_os_cygwin32=no
sn_cv_os_mingw32=no
sn_cv_os_msvc=no

## ----------------- ##
## Output variables. ##
## ----------------- ##

ACLOCAL='${SHELL} /home/srk/srk/vimconfig/source_nav/sourcenavigator-NG4.5/missing --run aclocal-1.10'
AMDEPBACKSLASH='\'
AMDEP_FALSE='#'
AMDEP_TRUE=''
AMTAR='${SHELL} /home/srk/srk/vimconfig/source_nav/sourcenavigator-NG4.5/missing --run tar'
AUTOCONF='${SHELL} /home/srk/srk/vimconfig/source_nav/sourcenavigator-NG4.5/missing --run autoconf'
AUTOHEADER='${SHELL} /home/srk/srk/vimconfig/source_nav/sourcenavigator-NG4.5/missing --run autoheader'
AUTOMAKE='${SHELL} /home/srk/srk/vimconfig/source_nav/sourcenavigator-NG4.5/missing --run automake-1.10'
AWK='mawk'
CC='gcc'
CCDEPMODE='depmode=gcc3'
CC_FOR_BUILD='$(CC)'
CFLAGS='-g -O2'
CPP='gcc -E'
CPPFLAGS=''
CROSS_COMPILING_FALSE=''
CROSS_COMPILING_TRUE='#'
CYGPATH_W='echo'
DB_INCDIR='$(top_srcdir)/../../../../db/include'
DB_LIBDIR='$(top_builddir)/../../../../db/PORT'
DEFS='-DHAVE_CONFIG_H'
DEPDIR='.deps'
ECHO_C=''
ECHO_N='-n'
ECHO_T=''
EGREP='/bin/grep -E'
EXEEXT=''
GREP='/bin/grep'
INSTALL_DATA='${INSTALL} -m 644'
INSTALL_PROGRAM='${INSTALL}'
INSTALL_SCRIPT='${INSTALL}'
INSTALL_STRIP_PROGRAM='$(install_sh) -c -s'
LDFLAGS=''
LEX='flex'
LEXLIB='-lfl'
LIBOBJS=''
LIBS=''
LTLIBOBJS=''
MAINT='#'
MAINTAINER_MODE_FALSE=''
MAINTAINER_MODE_TRUE='#'
MAKEINFO='${SHELL} /home/srk/srk/vimconfig/source_nav/sourcenavigator-NG4.5/missing --run makeinfo'
MSVC_FALSE=''
MSVC_TRUE='#'
OBJEXT='o'
PACKAGE='sn'
PACKAGE_BUGREPORT=''
PACKAGE_NAME=''
PACKAGE_STRING=''
PACKAGE_TARNAME=''
PACKAGE_VERSION=''
PATH_SEPARATOR=':'
RANLIB='ranlib'
SET_MAKE=''
SHELL='/bin/bash'
STRIP=''
TCLCONFIG='/home/srk/srk/vimconfig/source_nav/sourcenavigator-NG4.5/tcl/unix/tclConfig.sh'
TCL_BIN_DIR=''
TCL_BUILD_LIB_SPEC='-L/home/srk/srk/vimconfig/source_nav/sourcenavigator-NG4.5/tcl/unix -ltcl8.3'
TCL_CFLAGS='-g -O2'
TCL_DBGX=''
TCL_DEFS='-DPACKAGE_NAME=\"\" -DPACKAGE_TARNAME=\"\" -DPACKAGE_VERSION=\"\" -DPACKAGE_STRING=\"\" -DPACKAGE_BUGREPORT=\"\" -DSTDC_HEADERS=1 -DHAVE_SYS_TYPES_H=1 -DHAVE_SYS_STAT_H=1 -DHAVE_STDLIB_H=1 -DHAVE_STRING_H=1 -DHAVE_MEMORY_H=1 -DHAVE_STRINGS_H=1 -DHAVE_INTTYPES_H=1 -DHAVE_STDINT_H=1 -DHAVE_UNISTD_H=1 -DHAVE_UNISTD_H=1 -DHAVE_LIMITS_H=1 -DHAVE_GETCWD=1 -DHAVE_OPENDIR=1 -DHAVE_STRSTR=1 -DHAVE_STRTOL=1 -DHAVE_TMPNAM=1 -DHAVE_WAITPID=1 -DHAVE_UNISTD_H=1 -DHAVE_SYS_PARAM_H=1 -DHAVE_SYS_TIME_H=1 -DTIME_WITH_SYS_TIME=1 -DHAVE_STRUCT_TM_TM_ZONE=1 -DHAVE_TM_ZONE=1 -DHAVE_TM_GMTOFF=1 -DHAVE_TIMEZONE_VAR=1 -DHAVE_TIMEZONE_DECL=1 -DHAVE_STRUCT_STAT_ST_BLKSIZE=1 -DNEED_MATHERR=1 -DRETSIGTYPE=void -DHAVE_SIGNED_CHAR=1 -DHAVE_SYS_IOCTL_H=1 -DSTATIC_BUILD=1'
TCL_LD_FLAGS='-rdynamic'
TCL_LD_SEARCH_FLAGS='-Wl,-rpath,${LIB_RUNTIME_DIR}'
TCL_LIBS='-ldl  -lieee -lm'
TCL_LIB_FILE='libtcl8.3.a'
TCL_LIB_FULL_PATH='/home/srk/srk/vimconfig/source_nav/sourcenavigator-NG4.5/tcl/unix/libtcl8.3.a'
TCL_LIB_SPEC='-L/opt/sourcenav/lib -ltcl8.3'
TCL_RANLIB='ranlib'
TCL_SHLIB_CFLAGS='-fPIC'
TCL_SHLIB_LD='gcc -pipe -shared'
VERSION='NG3'
WIN32LDAPP=''
WIN32LIBS=''
WINDOWS_FALSE=''
WINDOWS_TRUE='#'
WINFLAGS=''
YACC='bison -y'
ac_ct_CC='gcc'
am__fastdepCC_FALSE='#'
am__fastdepCC_TRUE=''
am__include='include'
am__isrc=''
am__leading_dot='.'
am__quote=''
am__tar='${AMTAR} chof - "$$tardir"'
am__untar='${AMTAR} xf -'
bindir='${exec_prefix}/bin'
build='i686-pc-linux-gnu'
build_alias=''
build_cpu='i686'
build_os='linux-gnu'
build_vendor='pc'
datadir='${datarootdir}'
datarootdir='${prefix}/share'
docdir='${datarootdir}/doc/${PACKAGE}'
dvidir='${docdir}'
exec_prefix='${prefix}'
host='i686-pc-linux-gnu'
host_alias=''
host_cpu='i686'
host_os='linux-gnu'
host_vendor='pc'
htmldir='${docdir}'
includedir='${prefix}/include'
infodir='${datarootdir}/info'
install_sh='$(SHELL) /home/srk/srk/vimconfig/source_nav/sourcenavigator-NG4.5/install-sh'
libdir='${exec_prefix}/lib'
libexecdir='${exec_prefix}/libexec/snavigator'
localedir='${datarootdir}/locale'
localstatedir='${prefix}/var'
mandir='${datarootdir}/man'
mkdir_p='/bin/mkdir -p'
oldincludedir='/usr/include'
pdfdir='${docdir}'
prefix='/opt/sourcenav'
program_transform_name='s,x,x,'
psdir='${docdir}'
sbindir='${exec_prefix}/sbin'
sharedstatedir='${prefix}/com'
sysconfdir='${prefix}/etc'
target_alias=''

## ----------- ##
## confdefs.h. ##
## ----------- ##

#define PACKAGE_NAME ""
#define PACKAGE_TARNAME ""
#define PACKAGE_VERSION ""
#define PACKAGE_STRING ""
#define PACKAGE_BUGREPORT ""
#define PACKAGE "sn"
#define VERSION "NG3"
#define STDC_HEADERS 1
#define HAVE_SYS_TYPES_H 1
#define HAVE_SYS_STAT_H 1
#define HAVE_STDLIB_H 1
#define HAVE_STRING_H 1
#define HAVE_MEMORY_H 1
#define HAVE_STRINGS_H 1
#define HAVE_INTTYPES_H 1
#define HAVE_STDINT_H 1
#define HAVE_UNISTD_H 1
#define HAVE_UNISTD_H 1

configure: exit 0
